22:00:49.209 [Spatial AI] Spatial AI Date: 3/6/2025 WC RC30.4
22:02:33.271 [Spatial AI] Spatial AI Enabled
22:02:33.271 [Spatial AI] points Enabled
22:02:33.272 [Spatial AI] Trigger at point: <6840.000000, 1.000000, 1800.000000> - Radius: 500
22:02:33.272 [Spatial AI] - Safe: true - Faction: Civilian - counts: 0:0
22:02:33.272 [Spatial AI] - loadout added: HumanLoadout.json
22:02:33.272 [Spatial AI] - loadout added: NBCLoadout.json
22:02:33.272 [Spatial AI] Locations Enabled
22:02:33.273 [Spatial AI] Trigger at location: <2565.784424, 43.939983, 5814.529785> - Radius: 400
22:02:33.273 [Spatial AI] - Spawn location: <2626.491943, 49.868282, 5779.689941>
22:02:33.273 [Spatial AI] - Spawn location: <2452.179688, 46.326439, 6031.136719>
22:02:33.274 [Spatial AI] - Notification covering location to Radius: 800
22:02:33.274 [Spatial AI] - Faction: East - Loadout: Tier1Loadout.json - counts: 1:2
22:02:33.274 [Spatial AI] Trigger at location: <3405.232178, 32.491611, 5315.078613> - Radius: 400
22:02:33.274 [Spatial AI] - Spawn location: <3405.232178, 32.491611, 5315.078613>
22:02:33.274 [Spatial AI] - Spawn location: <3444.818848, 32.491611, 5315.233887>
22:02:33.275 [Spatial AI] - Notification covering location to Radius: 800
22:02:33.275 [Spatial AI] - Faction: East - Loadout: Knights.json - counts: 1:2
22:02:33.275 [Spatial AI] Trigger at location: <2166.513428, 54.757469, 3129.311523> - Radius: 400
22:02:33.275 [Spatial AI] - Spawn location: <2166.513428, 54.757469, 3129.311523>
22:02:33.275 [Spatial AI] - Spawn location: <2107.288330, 55.818546, 2879.040039>
22:02:33.276 [Spatial AI] - Spawn location: <2085.072021, 68.226509, 3253.361572>
22:02:33.276 [Spatial AI] - Notification covering location to Radius: 800
22:02:33.276 [Spatial AI] - Faction: East - Loadout: Tier2Loadout.json - counts: 1:2
22:02:33.276 [Spatial AI] Trigger at location: <2475.163818, 111.883186, 2439.177246> - Radius: 400
22:02:33.276 [Spatial AI] - Spawn location: <2475.163818, 111.883186, 2439.177246>
22:02:33.277 [Spatial AI] - Spawn location: <2582.363770, 118.270218, 2471.609619>
22:02:33.277 [Spatial AI] - Spawn location: <2486.501221, 119.111588, 2146.257568>
22:02:33.277 [Spatial AI] - Notification covering location to Radius: 800
22:02:33.277 [Spatial AI] - Faction: East - Loadout: Tier2Loadout.json - counts: 1:2
22:02:33.277 [Spatial AI] Trigger at location: <1959.195068, -8.429230, 506.471832> - Radius: 400
22:02:33.278 [Spatial AI] - Spawn location: <1730.281006, 19.528612, 530.052002>
22:02:33.278 [Spatial AI] - Spawn location: <1783.012329, 15.604889, 650.511841>
22:02:33.278 [Spatial AI] - Spawn location: <2059.458740, 8.011173, 243.491516>
22:02:33.278 [Spatial AI] - Notification covering location to Radius: 800
22:02:33.278 [Spatial AI] - Faction: East - Loadout: Tier2Loadout.json - counts: 1:2
22:02:33.279 [Spatial AI] Trigger at location: <1677.099121, 88.060776, 2633.979736> - Radius: 600
22:02:33.279 [Spatial AI] - Spawn location: <1677.099121, 88.060776, 2633.979736>
22:02:33.279 [Spatial AI] - Spawn location: <1636.204712, 72.465286, 2653.237549>
22:02:33.279 [Spatial AI] - Spawn location: <1635.376099, 103.817673, 2677.718994>
22:02:33.279 [Spatial AI] - Notification covering location to Radius: 1200
22:02:33.279 [Spatial AI] - Faction: West - Loadout: Tier2Loadout.json - counts: 1:2
22:02:33.280 [Spatial AI] Trigger at location: <4402.029297, 16.123341, 7551.852539> - Radius: 600
22:02:33.280 [Spatial AI] - Spawn location: <4120.534668, 14.110159, 8082.556152>
22:02:33.280 [Spatial AI] - Spawn location: <4497.582520, 18.200235, 7740.282715>
22:02:33.280 [Spatial AI] - Spawn location: <4585.839355, 23.775570, 7618.369629>
22:02:33.280 [Spatial AI] - Spawn location: <4737.706055, 17.641804, 7501.136230>
22:02:33.280 [Spatial AI] - Spawn location: <4444.922363, 19.111290, 7257.527832>
22:02:33.281 [Spatial AI] - Notification covering location to Radius: 1200
22:02:33.281 [Spatial AI] - Faction: West - Loadout: Tier2Loadout.json - counts: 1:2
22:02:33.281 [Spatial AI] Trigger at location: <6505.392090, 42.859245, 6801.648926> - Radius: 600
22:02:33.281 [Spatial AI] - Spawn location: <6505.392090, 42.859245, 6801.648926>
22:02:33.281 [Spatial AI] - Notification covering location to Radius: 1200
22:02:33.282 [Spatial AI] - Faction: West - Loadout: Tier2Loadout.json - counts: 1:2
22:02:33.282 [Spatial AI] Trigger at location: <6966.417480, 23.390711, 6824.765137> - Radius: 600
22:02:33.282 [Spatial AI] - Spawn location: <7042.800781, 23.576939, 6695.874512>
22:02:33.282 [Spatial AI] - Spawn location: <7006.037109, 20.349613, 7332.075684>
22:02:33.283 [Spatial AI] - Spawn location: <7006.037109, 20.349613, 7332.075684>
22:02:33.283 [Spatial AI] - Spawn location: <7374.560547, 33.467972, 6292.360840>
22:02:33.283 [Spatial AI] - Spawn location: <7157.471191, 21.905560, 6264.816406>
22:02:33.283 [Spatial AI] - Spawn location: <7346.476074, 16.172134, 6073.786133>
22:02:33.283 [Spatial AI] - Notification covering location to Radius: 1200
22:02:33.283 [Spatial AI] - Faction: West - Loadout: Tier2Loadout.json - counts: 1:2
22:02:33.284 [Spatial AI] Trigger at location: <1959.195068, -8.429230, 506.471832> - Radius: 600
22:02:33.284 [Spatial AI] - Spawn location: <1609.511841, 13.478415, 281.901947>
22:02:33.284 [Spatial AI] - Spawn location: <1670.609619, 6.011800, 401.923889>
22:02:33.284 [Spatial AI] - Spawn location: <1826.618896, 23.622952, 282.571472>
22:02:33.284 [Spatial AI] - Notification covering location to Radius: 1200
22:02:33.284 [Spatial AI] - Faction: West - Loadout: Tier3Loadout.json - counts: 1:2
22:02:33.285 [Spatial AI] Trigger at location: <6266.466309, 182.130783, 4490.321289> - Radius: 600
22:02:33.285 [Spatial AI] - Spawn location: <6350.617188, 103.332787, 4595.139160>
22:02:33.285 [Spatial AI] - Spawn location: <6107.610352, 74.074570, 4623.680664>
22:02:33.285 [Spatial AI] - Spawn location: <6029.886230, 55.759995, 4700.508301>
22:02:33.285 [Spatial AI] - Spawn location: <6282.820313, 55.762596, 4416.390625>
22:02:33.285 [Spatial AI] - Spawn location: <6274.583496, 130.089630, 4484.423340>
22:02:33.286 [Spatial AI] - Notification covering location to Radius: 1200
22:02:33.286 [Spatial AI] - Faction: West - Loadout: Tier3Loadout.json - counts: 1:2
22:02:33.286 [Spatial AI] Trigger at location: <6684.780762, 19.119965, 3683.819092> - Radius: 600
22:02:33.286 [Spatial AI] - Spawn location: <6278.407715, 28.765034, 3447.545166>
22:02:33.286 [Spatial AI] - Spawn location: <6755.675293, 36.151375, 4075.736328>
22:02:33.287 [Spatial AI] - Spawn location: <7006.906738, 30.273605, 3865.234863>
22:02:33.287 [Spatial AI] - Spawn location: <6949.021484, 21.095203, 3541.695313>
22:02:33.287 [Spatial AI] - Spawn location: <6589.359863, 24.053549, 3834.674316>
22:02:33.287 [Spatial AI] - Notification covering location to Radius: 1200
22:02:33.287 [Spatial AI] - Faction: West - Loadout: Tier3Loadout.json - counts: 1:2
22:02:33.288 [Spatial AI] Trigger at location: <6964.149902, 26.154997, 2028.302246> - Radius: 800
22:02:33.288 [Spatial AI] - Spawn location: <6572.328613, 31.953953, 1825.117310>
22:02:33.288 [Spatial AI] - Spawn location: <6094.648438, 26.921272, 2077.852539>
22:02:33.288 [Spatial AI] - Spawn location: <7669.805664, 28.631607, 2089.202393>
22:02:33.288 [Spatial AI] - Spawn location: <7804.815430, 26.881310, 1902.841309>
22:02:33.288 [Spatial AI] - Spawn location: <7648.477051, 29.634529, 1539.355957>
22:02:33.289 [Spatial AI] - Notification covering location to Radius: 1600
22:02:33.289 [Spatial AI] - Faction: Raiders - Loadout: Tier3Loadout.json - counts: 1:2
22:02:33.289 [Spatial AI] Trigger at location: <5967.166992, 100.969398, 1322.224121> - Radius: 600
22:02:33.289 [Spatial AI] - Spawn location: <5965.729004, 131.581039, 1268.519531>
22:02:33.290 [Spatial AI] - Spawn location: <5940.924316, 135.952774, 1296.448486>
22:02:33.290 [Spatial AI] - Spawn location: <5938.525879, 126.583969, 1355.067749>
22:02:33.290 [Spatial AI] - Spawn location: <6012.247070, 117.645248, 1344.003052>
22:02:33.290 [Spatial AI] - Spawn location: <6021.266113, 111.844139, 1271.277710>
22:02:33.290 [Spatial AI] - Notification covering location to Radius: 1200
22:02:33.290 [Spatial AI] - Faction: West - Loadout: Tier3Loadout.json - counts: 1:2
22:02:33.291 [Spatial AI] Trigger at location: <3023.516113, 33.652279, 1215.338867> - Radius: 30
22:02:33.291 [Spatial AI] - Spawn location: <3023.704102, 33.671211, 1288.680908>
22:02:33.291 [Spatial AI] - Spawn location: <3040.680664, 33.668671, 1270.301270>
22:02:33.291 [Spatial AI] - Spawn location: <3038.244629, 57.325867, 1246.536743>
22:02:33.291 [Spatial AI] - Spawn location: <3010.893555, 73.233322, 1261.371948>
22:02:33.292 [Spatial AI] - Spawn location: <3040.803711, 73.551743, 1270.284912>
22:02:33.292 [Spatial AI] - Notification covering location to Radius: 60
22:02:33.292 [Spatial AI] - Faction: West - Loadout: Tier4Loadout.json - counts: 1:2
22:02:33.292 [Spatial AI] Trigger at location: <2180.633057, 16.000935, 891.632202> - Radius: 30
22:02:33.292 [Spatial AI] - Spawn location: <1865.483154, 2.010000, 1262.753052>
22:02:33.293 [Spatial AI] - Spawn location: <1952.992920, 2.010000, 1218.104858>
22:02:33.293 [Spatial AI] - Spawn location: <2110.861572, 2.458876, 1050.337524>
22:02:33.293 [Spatial AI] - Spawn location: <2120.560547, 11.189816, 962.748413>
22:02:33.293 [Spatial AI] - Spawn location: <1982.537598, 2.009901, 1186.655762>
22:02:33.293 [Spatial AI] - Notification covering location to Radius: 60
22:02:33.293 [Spatial AI] - Faction: West - Loadout: Tier5Loadout.json - counts: 1:2
22:02:33.293 [Spatial AI] Audio Sensitive Locations Disabled
22:04:41.169 [Spatial AI] Player: P E N G U I N Number: 1, Faction name: East, Loadout: Tier2Loadout.json
22:04:41.169 [Spatial AI] Player: P E N G U I N Number: 1, Faction name: West, Loadout: Tier3Loadout.json
22:04:41.710 [Spatial AI] Spawning 1 Tier 3 South Harbor bots at <1826.618896, -4.542468, 282.571472>
22:04:46.507 [Spatial AI] Spawning 1 Tier 2 South Harbor bots at <1783.012329, 15.579877, 650.511841>
22:07:07.219 [VehicleDeleted] OffroadHatchback (id=70D26A08A1452CCDBF713C8AF9772C78 pos=<2258.78, 15.61, 631.09>)
