21:26:33.786 [Spatial AI] Spatial AI Date: 3/6/2025 WC RC30.4
21:28:33.538 [Spatial AI] Spatial AI Enabled
21:28:33.539 [Spatial AI] points Enabled
21:28:33.539 [Spatial AI] Trigger at point: <6840.000000, 1.000000, 1800.000000> - Radius: 500
21:28:33.539 [Spatial AI] - Safe: true - Faction: Civilian - counts: 0:0
21:28:33.539 [Spatial AI] - loadout added: HumanLoadout.json
21:28:33.540 [Spatial AI] - loadout added: NBCLoadout.json
21:28:33.540 [Spatial AI] Locations Enabled
21:28:33.540 [Spatial AI] Trigger at location: <2565.784424, 43.939983, 5814.529785> - Radius: 400
21:28:33.540 [Spatial AI] - Spawn location: <2626.491943, 49.868282, 5779.689941>
21:28:33.541 [Spatial AI] - Spawn location: <2452.179688, 46.326439, 6031.136719>
21:28:33.541 [Spatial AI] - Notification covering location to Radius: 800
21:28:33.541 [Spatial AI] - Faction: East - Loadout: Tier1Loadout.json - counts: 1:2
21:28:33.542 [Spatial AI] Trigger at location: <3405.232178, 32.491611, 5315.078613> - Radius: 400
21:28:33.542 [Spatial AI] - Spawn location: <3405.232178, 32.491611, 5315.078613>
21:28:33.542 [Spatial AI] - Spawn location: <3444.818848, 32.491611, 5315.233887>
21:28:33.542 [Spatial AI] - Notification covering location to Radius: 800
21:28:33.542 [Spatial AI] - Faction: East - Loadout: Knights.json - counts: 1:2
21:28:33.543 [Spatial AI] Trigger at location: <2166.513428, 54.757469, 3129.311523> - Radius: 400
21:28:33.543 [Spatial AI] - Spawn location: <2166.513428, 54.757469, 3129.311523>
21:28:33.543 [Spatial AI] - Spawn location: <2107.288330, 55.818546, 2879.040039>
21:28:33.543 [Spatial AI] - Spawn location: <2085.072021, 68.226509, 3253.361572>
21:28:33.543 [Spatial AI] - Notification covering location to Radius: 800
21:28:33.543 [Spatial AI] - Faction: East - Loadout: Tier2Loadout.json - counts: 1:2
21:28:33.544 [Spatial AI] Trigger at location: <2475.163818, 111.883186, 2439.177246> - Radius: 400
21:28:33.544 [Spatial AI] - Spawn location: <2475.163818, 111.883186, 2439.177246>
21:28:33.544 [Spatial AI] - Spawn location: <2582.363770, 118.270218, 2471.609619>
21:28:33.544 [Spatial AI] - Spawn location: <2486.501221, 119.111588, 2146.257568>
21:28:33.544 [Spatial AI] - Notification covering location to Radius: 800
21:28:33.545 [Spatial AI] - Faction: East - Loadout: Tier2Loadout.json - counts: 1:2
21:28:33.545 [Spatial AI] Trigger at location: <1959.195068, -8.429230, 506.471832> - Radius: 400
21:28:33.545 [Spatial AI] - Spawn location: <1730.281006, 19.528612, 530.052002>
21:28:33.546 [Spatial AI] - Spawn location: <1783.012329, 15.604889, 650.511841>
21:28:33.546 [Spatial AI] - Spawn location: <2059.458740, 8.011173, 243.491516>
21:28:33.546 [Spatial AI] - Notification covering location to Radius: 800
21:28:33.546 [Spatial AI] - Faction: East - Loadout: Tier2Loadout.json - counts: 1:2
21:28:33.547 [Spatial AI] Trigger at location: <1677.099121, 88.060776, 2633.979736> - Radius: 600
21:28:33.547 [Spatial AI] - Spawn location: <1677.099121, 88.060776, 2633.979736>
21:28:33.548 [Spatial AI] - Spawn location: <1636.204712, 72.465286, 2653.237549>
21:28:33.548 [Spatial AI] - Spawn location: <1635.376099, 103.817673, 2677.718994>
21:28:33.548 [Spatial AI] - Notification covering location to Radius: 1200
21:28:33.548 [Spatial AI] - Faction: West - Loadout: Tier2Loadout.json - counts: 1:2
21:28:33.549 [Spatial AI] Trigger at location: <4402.029297, 16.123341, 7551.852539> - Radius: 600
21:28:33.549 [Spatial AI] - Spawn location: <4120.534668, 14.110159, 8082.556152>
21:28:33.549 [Spatial AI] - Spawn location: <4497.582520, 18.200235, 7740.282715>
21:28:33.549 [Spatial AI] - Spawn location: <4585.839355, 23.775570, 7618.369629>
21:28:33.549 [Spatial AI] - Spawn location: <4737.706055, 17.641804, 7501.136230>
21:28:33.550 [Spatial AI] - Spawn location: <4444.922363, 19.111290, 7257.527832>
21:28:33.550 [Spatial AI] - Notification covering location to Radius: 1200
21:28:33.550 [Spatial AI] - Faction: West - Loadout: Tier2Loadout.json - counts: 1:2
21:28:33.550 [Spatial AI] Trigger at location: <6505.392090, 42.859245, 6801.648926> - Radius: 600
21:28:33.550 [Spatial AI] - Spawn location: <6505.392090, 42.859245, 6801.648926>
21:28:33.551 [Spatial AI] - Notification covering location to Radius: 1200
21:28:33.551 [Spatial AI] - Faction: West - Loadout: Tier2Loadout.json - counts: 1:2
21:28:33.551 [Spatial AI] Trigger at location: <6966.417480, 23.390711, 6824.765137> - Radius: 600
21:28:33.551 [Spatial AI] - Spawn location: <7042.800781, 23.576939, 6695.874512>
21:28:33.551 [Spatial AI] - Spawn location: <7006.037109, 20.349613, 7332.075684>
21:28:33.552 [Spatial AI] - Spawn location: <7006.037109, 20.349613, 7332.075684>
21:28:33.552 [Spatial AI] - Spawn location: <7374.560547, 33.467972, 6292.360840>
21:28:33.552 [Spatial AI] - Spawn location: <7157.471191, 21.905560, 6264.816406>
21:28:33.552 [Spatial AI] - Spawn location: <7346.476074, 16.172134, 6073.786133>
21:28:33.552 [Spatial AI] - Notification covering location to Radius: 1200
21:28:33.552 [Spatial AI] - Faction: West - Loadout: Tier2Loadout.json - counts: 1:2
21:28:33.553 [Spatial AI] Trigger at location: <1959.195068, -8.429230, 506.471832> - Radius: 600
21:28:33.553 [Spatial AI] - Spawn location: <1609.511841, 13.478415, 281.901947>
21:28:33.553 [Spatial AI] - Spawn location: <1670.609619, 6.011800, 401.923889>
21:28:33.553 [Spatial AI] - Spawn location: <1826.618896, 23.622952, 282.571472>
21:28:33.553 [Spatial AI] - Notification covering location to Radius: 1200
21:28:33.553 [Spatial AI] - Faction: West - Loadout: Tier3Loadout.json - counts: 1:2
21:28:33.554 [Spatial AI] Trigger at location: <6266.466309, 182.130783, 4490.321289> - Radius: 600
21:28:33.554 [Spatial AI] - Spawn location: <6350.617188, 103.332787, 4595.139160>
21:28:33.554 [Spatial AI] - Spawn location: <6107.610352, 74.074570, 4623.680664>
21:28:33.554 [Spatial AI] - Spawn location: <6029.886230, 55.759995, 4700.508301>
21:28:33.554 [Spatial AI] - Spawn location: <6282.820313, 55.762596, 4416.390625>
21:28:33.554 [Spatial AI] - Spawn location: <6274.583496, 130.089630, 4484.423340>
21:28:33.555 [Spatial AI] - Notification covering location to Radius: 1200
21:28:33.555 [Spatial AI] - Faction: West - Loadout: Tier3Loadout.json - counts: 1:2
21:28:33.555 [Spatial AI] Trigger at location: <6684.780762, 19.119965, 3683.819092> - Radius: 600
21:28:33.555 [Spatial AI] - Spawn location: <6278.407715, 28.765034, 3447.545166>
21:28:33.555 [Spatial AI] - Spawn location: <6755.675293, 36.151375, 4075.736328>
21:28:33.556 [Spatial AI] - Spawn location: <7006.906738, 30.273605, 3865.234863>
21:28:33.556 [Spatial AI] - Spawn location: <6949.021484, 21.095203, 3541.695313>
21:28:33.556 [Spatial AI] - Spawn location: <6589.359863, 24.053549, 3834.674316>
21:28:33.556 [Spatial AI] - Notification covering location to Radius: 1200
21:28:33.556 [Spatial AI] - Faction: West - Loadout: Tier3Loadout.json - counts: 1:2
21:28:33.557 [Spatial AI] Trigger at location: <6964.149902, 26.154997, 2028.302246> - Radius: 800
21:28:33.557 [Spatial AI] - Spawn location: <6572.328613, 31.953953, 1825.117310>
21:28:33.557 [Spatial AI] - Spawn location: <6094.648438, 26.921272, 2077.852539>
21:28:33.557 [Spatial AI] - Spawn location: <7669.805664, 28.631607, 2089.202393>
21:28:33.557 [Spatial AI] - Spawn location: <7804.815430, 26.881310, 1902.841309>
21:28:33.557 [Spatial AI] - Spawn location: <7648.477051, 29.634529, 1539.355957>
21:28:33.558 [Spatial AI] - Notification covering location to Radius: 1600
21:28:33.558 [Spatial AI] - Faction: Raiders - Loadout: Tier3Loadout.json - counts: 1:2
21:28:33.558 [Spatial AI] Trigger at location: <5967.166992, 100.969398, 1322.224121> - Radius: 600
21:28:33.558 [Spatial AI] - Spawn location: <5965.729004, 131.581039, 1268.519531>
21:28:33.558 [Spatial AI] - Spawn location: <5940.924316, 135.952774, 1296.448486>
21:28:33.559 [Spatial AI] - Spawn location: <5938.525879, 126.583969, 1355.067749>
21:28:33.559 [Spatial AI] - Spawn location: <6012.247070, 117.645248, 1344.003052>
21:28:33.559 [Spatial AI] - Spawn location: <6021.266113, 111.844139, 1271.277710>
21:28:33.559 [Spatial AI] - Notification covering location to Radius: 1200
21:28:33.559 [Spatial AI] - Faction: West - Loadout: Tier3Loadout.json - counts: 1:2
21:28:33.559 [Spatial AI] Trigger at location: <3023.516113, 33.652279, 1215.338867> - Radius: 30
21:28:33.560 [Spatial AI] - Spawn location: <3023.704102, 33.671211, 1288.680908>
21:28:33.560 [Spatial AI] - Spawn location: <3040.680664, 33.668671, 1270.301270>
21:28:33.560 [Spatial AI] - Spawn location: <3038.244629, 57.325867, 1246.536743>
21:28:33.560 [Spatial AI] - Spawn location: <3010.893555, 73.233322, 1261.371948>
21:28:33.560 [Spatial AI] - Spawn location: <3040.803711, 73.551743, 1270.284912>
21:28:33.561 [Spatial AI] - Notification covering location to Radius: 60
21:28:33.561 [Spatial AI] - Faction: West - Loadout: Tier4Loadout.json - counts: 1:2
21:28:33.561 [Spatial AI] Trigger at location: <2180.633057, 16.000935, 891.632202> - Radius: 30
21:28:33.561 [Spatial AI] - Spawn location: <1865.483154, 2.010000, 1262.753052>
21:28:33.561 [Spatial AI] - Spawn location: <1952.992920, 2.010000, 1218.104858>
21:28:33.561 [Spatial AI] - Spawn location: <2110.861572, 2.458876, 1050.337524>
21:28:33.562 [Spatial AI] - Spawn location: <2120.560547, 11.189816, 962.748413>
21:28:33.562 [Spatial AI] - Spawn location: <1982.537598, 2.009901, 1186.655762>
21:28:33.562 [Spatial AI] - Notification covering location to Radius: 60
21:28:33.562 [Spatial AI] - Faction: West - Loadout: Tier5Loadout.json - counts: 1:2
21:28:33.562 [Spatial AI] Audio Sensitive Locations Disabled
21:30:59.687 [Spatial AI] Player: P E N G U I N Number: 2, Faction name: East, Loadout: Tier2Loadout.json
21:30:59.688 [Spatial AI] Player: P E N G U I N Number: 1, Faction name: West, Loadout: Tier3Loadout.json
21:30:59.827 [Spatial AI] Spawning 1 Tier 3 South Harbor bots at <1609.511841, -4.221058, 281.901947>
21:31:00.920 [Spatial AI] Spawning 2 Tier 2 South Harbor bots at <2059.458740, 5.940000, 243.491516>
21:38:22.976 [VehicleDeleted] OffroadHatchback (id=6B9576E38B44EBD4B5FCA08CAEC06A97 pos=<1990.31, 25.08, 558.53>)
21:38:28.398 [VehicleDeleted] OffroadHatchback (id=4BF7796B434EF522BB6EAD8DB032A22A pos=<1986.08, 25.95, 554.79>)
21:38:32.792 [VehicleDeleted] OffroadHatchback (id=1E2B9D418A47E21A8693DCA6B8EA615D pos=<1984.19, 25.07, 554.89>)
21:38:42.813 [VehicleDeleted] OffroadHatchback (id=33C5AAB1D84A4031A8E2DFBD75478CEE pos=<1983.37, 26.05, 552.77>)
21:40:38.063 [AI Object Patrol 00007] Spawning 2 East bots at <1850.798828, 15.570000, 576.420776>
21:40:38.299 [AI Object Patrol 00007] Global patrol count: 1
21:40:38.299 [AI Object Patrol 00007] ObjectPatrol category patrol count: 1
