14:32:03.539 [Spatial AI] Spatial AI Date: 3/6/2025 WC RC30.4
14:33:33.939 [Spatial AI] Spatial AI Enabled
14:33:33.939 [Spatial AI] points Enabled
14:33:33.939 [Spatial AI] Trigger at point: <6840.000000, 1.000000, 1800.000000> - Radius: 500
14:33:33.940 [Spatial AI] - Safe: true - Faction: Civilian - counts: 0:0
14:33:33.940 [Spatial AI] - loadout added: HumanLoadout.json
14:33:33.940 [Spatial AI] - loadout added: NBCLoadout.json
14:33:33.940 [Spatial AI] Locations Enabled
14:33:33.940 [Spatial AI] Trigger at location: <6257.560059, 18.410000, 14467.200195> - Radius: 800
14:33:33.941 [Spatial AI] - Spawn location: <6344.420410, 30.040045, 14303.774414>
14:33:33.941 [Spatial AI] - Spawn location: <5796.822266, 5.880013, 14490.708008>
14:33:33.941 [Spatial AI] - Spawn location: <6305.322754, 41.860020, 14149.852539>
14:33:33.941 [Spatial AI] - Notification covering location to Radius: 1600
14:33:33.942 [Spatial AI] - Faction: East - Loadout: Tier1Loadout.json - counts: 1:2
14:33:33.942 [Spatial AI] Trigger at location: <6257.560059, 18.410000, 14467.200195> - Radius: 800
14:33:33.942 [Spatial AI] - Spawn location: <6098.152344, 5.879946, 14940.519531>
14:33:33.942 [Spatial AI] - Spawn location: <5983.264648, 10.213585, 14193.515625>
14:33:33.942 [Spatial AI] - Spawn location: <6236.242676, 18.634785, 14679.194336>
14:33:33.943 [Spatial AI] - Notification covering location to Radius: 1600
14:33:33.943 [Spatial AI] - Faction: West - Loadout: EastLoadout.json - counts: 1:2
14:33:33.943 [Spatial AI] Trigger at location: <10056.168945, 25.976318, 12530.000000> - Radius: 400
14:33:33.943 [Spatial AI] - Spawn location: <9984.441406, 20.558519, 12347.441406>
14:33:33.943 [Spatial AI] - Spawn location: <10017.425781, 37.736946, 12654.932617>
14:33:33.943 [Spatial AI] - Spawn location: <10150.041992, 20.613497, 12503.152344>
14:33:33.944 [Spatial AI] - Notification covering location to Radius: 800
14:33:33.944 [Spatial AI] - Faction: West - Loadout: EastLoadout.json - counts: 1:2
14:33:33.944 [Spatial AI] Trigger at location: <3393.530273, 21.440277, 6378.111328> - Radius: 500
14:33:33.944 [Spatial AI] - Spawn location: <3597.679688, 21.725580, 6669.287109>
14:33:33.944 [Spatial AI] - Spawn location: <3589.300049, 22.923489, 6198.284180>
14:33:33.945 [Spatial AI] - Spawn location: <3336.210693, 29.181435, 5892.881836>
14:33:33.945 [Spatial AI] - Notification covering location to Radius: 1000
14:33:33.945 [Spatial AI] - Faction: East - Loadout: Tier1Loadout.json - counts: 2:4
14:33:33.945 [Spatial AI] Trigger at location: <1959.498657, 18.186495, 8979.322266> - Radius: 500
14:33:33.945 [Spatial AI] - Spawn location: <1570.769653, 9.325001, 9056.298828>
14:33:33.946 [Spatial AI] - Spawn location: <1961.140381, 10.229561, 8858.866211>
14:33:33.946 [Spatial AI] - Notification covering location to Radius: 1000
14:33:33.946 [Spatial AI] - Faction: East - Loadout: Tier1Loadout.json - counts: 1:2
14:33:33.946 [Spatial AI] Trigger at location: <1170.192261, 8.320038, 15320.155273> - Radius: 1200
14:33:33.946 [Spatial AI] - Spawn location: <1525.062622, 8.401005, 15249.708008>
14:33:33.947 [Spatial AI] - Spawn location: <1103.943115, 8.717572, 15480.782227>
14:33:33.947 [Spatial AI] - Spawn location: <1463.688232, 8.911016, 15579.563477>
14:33:33.947 [Spatial AI] - Notification covering location to Radius: 2400
14:33:33.947 [Spatial AI] - Faction: West - Loadout: EastLoadout.json - counts: 2:4
14:33:33.947 [Spatial AI] Trigger at location: <1170.192261, 8.320038, 15320.155273> - Radius: 1200
14:33:33.947 [Spatial AI] - Spawn location: <493.689056, 8.449974, 15254.329102>
14:33:33.948 [Spatial AI] - Spawn location: <493.689056, 8.449974, 15254.329102>
14:33:33.948 [Spatial AI] - Spawn location: <1228.262573, 15.048648, 15653.280273>
14:33:33.948 [Spatial AI] - Spawn location: <1019.519592, 21.300720, 15270.713867>
14:33:33.948 [Spatial AI] - Spawn location: <1455.719360, 8.320001, 15599.702148>
14:33:33.948 [Spatial AI] - Spawn location: <456.343231, 8.433776, 15308.247070>
14:33:33.948 [Spatial AI] - Notification covering location to Radius: 2400
14:33:33.948 [Spatial AI] - Faction: East - Loadout: Tier1Loadout.json - counts: 1:1
14:33:33.949 [Spatial AI] Trigger at location: <15750.000000, 1.000000, 4830.000000> - Radius: 300
14:33:33.949 [Spatial AI] - Spawn location: <15770.000000, 0.000000, 5090.000000>
14:33:33.949 [Spatial AI] - Spawn location: <15750.000000, 0.000000, 4495.000000>
14:33:33.949 [Spatial AI] - Spawn location: <15900.000000, 0.000000, 4840.000000>
14:33:33.949 [Spatial AI] - Notification covering location to Radius: 600
14:33:33.949 [Spatial AI] - Faction: East - Loadout: EastLoadout.json - counts: 1:2
14:33:33.950 [Spatial AI] Trigger at location: <9986.916992, 1.268293, 15950.156250> - Radius: 1500
14:33:33.950 [Spatial AI] - Spawn location: <9775.257813, 58.978100, 15312.709961>
14:33:33.950 [Spatial AI] - Spawn location: <8747.009766, 47.742729, 15550.625977>
14:33:33.950 [Spatial AI] - Spawn location: <9284.742188, 30.157171, 14797.387695>
14:33:33.950 [Spatial AI] - Spawn location: <9950.969727, 50.549671, 14424.354492>
14:33:33.950 [Spatial AI] - Spawn location: <10225.027344, 48.892952, 14436.932617>
14:33:33.950 [Spatial AI] - Notification covering location to Radius: 3000
14:33:33.950 [Spatial AI] - Faction: East - Loadout: JuggernautLoadout.json - counts: 2:2
14:33:33.951 [Spatial AI] Audio Sensitive Locations Disabled
14:35:10.379 [VehicleDeleted] dodge_power_wagonrus (id=CBD357C259446EDE979C629F6B738649 pos=<5266.61, 18.52, 5031.2>)
