15:57:05.402 [VehicleDeleted] NivaPickup_skul (id=E7F0A9423543E2E74BBA05A6C333562C pos=<8442.76, 6.35, 13330.9>)
15:58:56.034 [AI Patrol 00018] Spawning 2 West bots at <4665.516602, 19.068769, 7466.752930>
15:58:56.486 [AI Patrol 00018] Global patrol count: 1
15:58:56.487 [AI Patrol 00018] Patrol category patrol count: 1
15:59:52.708 [AI Object Patrol 00003] Spawning 3 West bots at <9476.458008, 20.283628, 11127.104492>
15:59:52.761 [AI Object Patrol 00003] Global patrol count: 2
15:59:52.761 [AI Object Patrol 00003] HelicopterWreck category patrol count: 1
16:09:48.842 [AI Patrol 00018] Despawning 2 West bots (spawn position <4665.516602, 19.068769, 7466.752930>, 0/2 deceased)
16:09:48.843 [AI Patrol 00018] Global patrol count: 1
16:09:48.843 [AI Patrol 00018] Patrol category patrol count: 0
16:10:05.986 [AI Object Patrol 00008] Spawning 4 West bots at <10765.476563, 10.695321, 10798.788086>
16:10:06.028 [AI Object Patrol 00008] Global patrol count: 2
16:10:06.028 [AI Object Patrol 00008] Convoy category patrol count: 1
16:10:36.575 [AI Object Patrol 00003] Despawning 3 West bots (spawn position <9476.458008, 20.283628, 11127.104492>, 0/3 deceased)
16:10:36.576 [AI Object Patrol 00003] Global patrol count: 1
16:10:36.576 [AI Object Patrol 00003] HelicopterWreck category patrol count: 0
16:10:36.576 [AI Object Patrol 00008] Despawning 4 West bots (spawn position <10765.476563, 10.695321, 10798.788086>, 0/4 deceased)
16:10:36.577 [AI Object Patrol 00008] Global patrol count: 0
16:10:36.577 [AI Object Patrol 00008] Convoy category patrol count: 0
16:11:23.869 [AI Object Patrol 00035] Spawning 3 West bots at <10810.954102, 18.517422, 10843.032227>
16:11:23.922 [AI Object Patrol 00035] Global patrol count: 1
16:11:23.922 [AI Object Patrol 00035] Convoy category patrol count: 1
16:11:30.819 [VehicleDeleted] G65 (id=57E90B5C144DD82E7BE1A49D1A85C7AE pos=<10273.1, 21.62, 11672.9>)
16:11:31.092 [VehicleDeleted] Oshkosh_pixel (id=B55BF48360475520518DEAB150085AFD pos=<5463.25, 23.64, 7325.96>)
16:12:45.129 [AI Object Patrol 00038] Spawning 1 West bots at <10657.033203, 11.030235, 11123.344727>
16:12:45.166 [AI Object Patrol 00038] Global patrol count: 2
16:12:45.166 [AI Object Patrol 00038] HelicopterWreck category patrol count: 1
16:19:58.364 [VehicleDeleted] GAZ66 (id=26BC3546964D2125D4798C942F15AA1F pos=<10269.3, 19.44, 11705.8>)
16:20:14.647 [VehicleDeleted] Gaz71 (id=AA1AB5A20A482F2D74FBA1B86D30BA5E pos=<10270.2, 20.83, 11686.6>)
16:20:30.976 [VehicleDeleted] Fennek_WINTER (id=9203CF096948CE67D0A2AB8780A4D9D6 pos=<10270.7, 20.72, 11687.6>)
16:24:10.167 [VehicleDeleted] Kamaz_4350_winter (id=81784ABC274216C55A69A8B45890AF0B pos=<10278.1, 20.98, 11682>)
16:32:41.059 [AI Object Patrol 00038] Despawning 1 West bots (spawn position <10657.033203, 11.030235, 11123.344727>, 0/1 deceased)
16:32:41.059 [AI Object Patrol 00038] Global patrol count: 1
16:32:41.060 [AI Object Patrol 00038] HelicopterWreck category patrol count: 0
16:32:41.081 [AI Object Patrol 00035] Despawning 3 West bots (spawn position <10810.954102, 18.517422, 10843.032227>, 0/3 deceased)
16:32:41.082 [AI Object Patrol 00035] Global patrol count: 0
16:32:41.082 [AI Object Patrol 00035] Convoy category patrol count: 0
16:39:49.018 [VehicleDeleted] SUV_WINTER (id=D524AD6AF6405B1A853BA29B3184997D pos=<10278.8, 20.11, 11691.5>)
16:42:42.566 [VehicleDeleted] HEMTT_white (id=239447FF6D4A956F347704A7347C7AE5 pos=<10288.3, 18.94, 11697.7>)
16:43:08.538 [VehicleDeleted] MBw140_white (id=8F6137418A4BA99058A4E599C48D1543 pos=<10289.7, 18.83, 11696.7>)
16:43:31.598 [VehicleDeleted] BMW_white (id=553049EE3648308C074B7B9570F6EC3B pos=<10289.8, 18.71, 11696.8>)
16:43:41.065 [VehicleDeleted] BTR82A_white (id=AC9203CCA942EE5DA6C0CB922D9ED040 pos=<10289.3, 19.45, 11695.4>)
16:58:55.159 [VehicleDeleted] EGER (id=0DF550716B403FA362EE849283255468 pos=<10262.2, 21.66, 11674.3>)
16:58:55.174 [VehicleDeleted] Fennek (id=CA5420B59C403CF2CD40D5A4462156C8 pos=<10259.3, 21.88, 11669.2>)
16:58:55.178 [VehicleDeleted] GAZ66bort (id=29636C817A45BE8BA5A342AC7FC39531 pos=<10264.4, 21.39, 11678.8>)
16:58:55.198 [VehicleDeleted] Gaz71_WINTER (id=3FAE006DCC48D29886E5109D8FB3BA19 pos=<10267.1, 21.16, 11682.7>)
16:58:55.215 [VehicleDeleted] Audi_RS6_WINTER (id=ACD88C76E34A465BFA183EA4B12A6494 pos=<10270.5, 20.65, 11687.4>)
16:58:55.233 [VehicleDeleted] BMP3_WINTER (id=729A07DF2B45836E5709C0954945054C pos=<10272.7, 19.68, 11700.7>)
17:06:43.273 [VehicleDeleted] VAZ_2108_white (id=584571CC7B4A34228A1606A92ACFED1A pos=<10279.7, 15.9, 11734.2>)
17:07:00.905 [VehicleDeleted] Velociraptor6x6_white (id=C1563B1D2F4C16792378B7BE6837F29B pos=<10280.4, 15.85, 11734.2>)
17:07:26.039 [VehicleDeleted] MUSTANG_white (id=28F7F006F64C7B02608E07B8EAE9D4A5 pos=<10284.8, 15.18, 11736>)
17:07:39.787 [VehicleDeleted] TLC_200_white (id=6C79DEC36649AB89559DD7886DCE26E7 pos=<10283.4, 15.32, 11735.5>)
17:08:02.853 [VehicleDeleted] ChevroletCorvette_white (id=701BC9C62D4ACE791F098A92D896730A pos=<10283.4, 15.29, 11735.5>)
17:08:24.869 [VehicleDeleted] VAZ_2109_white (id=3F12828FA14CAA76B9DFB6BCACC41AFC pos=<10281.9, 15.55, 11735.2>)
17:08:28.452 [VehicleDeleted] VAZ_2108_white (id=726F0FB94C46C9FA2131B39DE3EBB25F pos=<10283.8, 15.34, 11735>)
17:09:51.651 [VehicleDeleted] Gelenvagen_white_camo2 (id=E6BF8F9DC44DA9094A3B7C8A757A5161 pos=<10285.7, 16.85, 11720.6>)
17:17:19.700 [AI Patrol 00019] Spawning 2 West bots at <7122.396973, 43.820148, 3483.083984>
17:17:19.786 [AI Patrol 00019] Global patrol count: 1
17:17:19.786 [AI Patrol 00019] Patrol category patrol count: 1
17:17:24.500 [VehicleDeleted] Gelenvagen_white_camo1 (id=072570FD2A4B748ABF373AA096D3FC9F pos=<10276.9, 19.23, 11703.9>)
17:17:24.519 [VehicleDeleted] RAPTOR_winter (id=EDADE03B1747E516F3ACB8A49D5CD3DB pos=<10271.1, 20.33, 11693.1>)
17:17:24.545 [VehicleDeleted] BTR82A_white (id=B10EE7FB074B33CDC5D0248EB37CB9C2 pos=<10278, 18.48, 11710.3>)
17:22:22.840 [VehicleDeleted] BTR_white (id=113C677C3B41B8C99496A786D9FEF431 pos=<10277.8, 18.04, 11716.3>)
17:23:51.188 [VehicleDeleted] Kart_Orange (id=868E545EBD416FB10E937FAD02108230 pos=<7235.46, 31.51, 4161.89>)
17:27:46.167 [VehicleDeleted] Nissan_warrior_white_kamo (id=342C2F8FB544639D3A1ADE9DFB6515F2 pos=<10279.5, 17.53, 11720.3>)
17:30:06.390 [VehicleDeleted] DozorB_Woodland (id=6CD52BF474444A63F0B02A8FAC338227 pos=<7216.8, 31.62, 4167.02>)
17:30:10.440 [VehicleDeleted] Novator_Pixel (id=FF6D298C444C1E1EB1318598DE51B21A pos=<7220.5, 31.66, 4157.71>)
17:30:41.463 [VehicleDeleted] Cougar_black (id=5B0695DC4B4B9337F496E89653726A95 pos=<7226.26, 31.36, 4153.86>)
17:31:23.240 [VehicleDeleted] Conqueror_kamo2 (id=55555900B641CE8140281A865C296F5D pos=<7224.6, 31.56, 4157.73>)
17:33:05.295 [AI Patrol 00019] Despawning 2 West bots (spawn position <7122.396973, 43.820148, 3483.083984>, 0/2 deceased)
17:33:05.296 [AI Patrol 00019] Global patrol count: 0
17:33:05.296 [AI Patrol 00019] Patrol category patrol count: 0
17:34:03.615 [VehicleDeleted] ToyotaHilux_white (id=AC657BF6F042C9D747E34993475CFEFD pos=<10281.6, 16.27, 11729>)
17:37:07.948 [VehicleDeleted] BMW_black (id=4D76D8763A44185FA2F5E8A650EE925B pos=<7216.99, 27.82, 4212.62>)
17:37:36.808 [VehicleDeleted] Buggy_yellow (id=A2563AFBAB4D0A6D05C3DC82DAFACADC pos=<7220.43, 28.88, 4206.41>)
17:38:06.352 [VehicleDeleted] Chevrolet_Camaro_black (id=E8F829A0794AD753BBF3619F8824D301 pos=<7224.29, 30.08, 4194.03>)
17:38:17.492 [VehicleDeleted] Chevrolet_camaro_Anime (id=B3DF22C32F4135EE4D0E72A5E67394AC pos=<7225.43, 30.08, 4193.91>)
17:38:24.376 [VehicleDeleted] Chevrolet_camaro_KKKE (id=3F531B55F34FAD79E65F5BB1C44F676F pos=<7227.58, 29.98, 4195.12>)
17:38:52.974 [VehicleDeleted] Chevrolet_camaro_Veitaru (id=B5B5539A764506F2730A4F841BBC2C3E pos=<7227.53, 29.86, 4196.58>)
17:39:01.511 [VehicleDeleted] Chevrolet_Sibirskij_C (id=CB54B974ED4A14214FB454B020C82BD6 pos=<7226.75, 30.03, 4194.53>)
17:39:25.915 [VehicleDeleted] Citroen2CV_pink (id=CF1A7AF2B1462FB811F29F912ABCEA86 pos=<7223.99, 29.83, 4197.18>)
17:39:55.262 [VehicleDeleted] Opel_Astra_camo (id=95F9CDA16948AA4261786F8DC2C32D42 pos=<7224.78, 29.66, 4197.78>)
17:40:21.678 [VehicleDeleted] ROVER_camo2 (id=66F82ACE8C4A56017CC25688107EB492 pos=<10282.1, 15.49, 11734.2>)
17:40:25.432 [VehicleDeleted] PAZ_blue (id=CAFE0A2BB340684C5BF1EA9E82463D65 pos=<7224.62, 29.56, 4198.39>)
17:40:33.051 [VehicleDeleted] PAZ_green (id=BACC090B6A446BA3EFC09EBB619A217D pos=<7225.84, 29.46, 4199.49>)
17:40:52.114 [VehicleDeleted] PAZprison_blue (id=E61EA408A24AF30BC9B6489F52B9DA61 pos=<7226.18, 29.45, 4199.97>)
17:41:26.001 [VehicleDeleted] PONTIAC_blue (id=C4D9EBF2F04AA1957C9FA29803F5660C pos=<7224.47, 29.56, 4199.68>)
17:42:09.508 [VehicleDeleted] SCOUT_Black (id=00D53FBE834FA8C99866C98240B8AA9F pos=<7233.95, 29.52, 4202.49>)
17:42:10.928 [VehicleDeleted] ROVER_GREEN (id=D366E8C43E4EBC22303268BBA8886386 pos=<10282.9, 14.97, 11738>)
17:42:10.941 [VehicleDeleted] ROVER_camoOLD (id=A824ACDEDF419F3DE455F6A8F6879000 pos=<10277.3, 15.54, 11738.7>)
17:43:06.539 [VehicleDeleted] Range_Rover_black (id=E18A7C98794D7334D40AAFA811C53056 pos=<10289.4, 15.12, 11731>)
17:43:33.598 [VehicleDeleted] Oshkosh_pixel (id=EB943107F84142FAECCE0496BEE3906E pos=<10270, 20.94, 11685.3>)
17:47:09.601 [VehicleDeleted] UAZ469_camo1 (id=14DB08EC7B4FF7E2086E199E0008A5A2 pos=<7247.04, 30.24, 4174.55>)
17:48:43.882 [VehicleDeleted] UAZ_2315_Blue (id=5414FD185049D89A7255D2B8E1B77DB2 pos=<7253.74, 30.23, 4161.24>)
17:50:37.371 [VehicleDeleted] UAZ_3909_chaki1 (id=E9A2FD4C4F48F90644BDBB84FAFD107D pos=<7257.42, 29.92, 4178.39>)
17:55:25.944 [VehicleDeleted] Velociraptor6x6_Sadist (id=5A24BED1F44DFFA4884410BBCA02F716 pos=<7242.89, 30.84, 4163.04>)
17:56:03.034 [VehicleDeleted] Range_Rover_dazzle_black (id=599CF6E8894FFF7D2C435A9DA1AE8FD3 pos=<7245.77, 30.7, 4154.94>)
18:02:38.973 [VehicleDeleted] Conqueror_kamo2 (id=0551A81FDF44B2EB05A34CB3F9759190 pos=<7235.82, 28.5, 4215.43>)
18:02:44.877 [VehicleDeleted] Typhoon_Woodland (id=B61B61932F4739B68D9C6C8C76B83B2C pos=<7234.11, 29.97, 4195.19>)
18:14:07.429 [VehicleDeleted] Kart_Orange (id=C7D8E9237940F5CE9454A3A799F675BB pos=<7214.54, 31.6, 4157.02>)
18:14:07.463 [VehicleDeleted] NivaPickup_kamo2 (id=1438B70D8944145A9C8F8AAAA3C51719 pos=<7230.38, 31.45, 4155.77>)
18:14:07.491 [VehicleDeleted] BMW_X5_black (id=C1050437D440B1DB708936A3B912E22B pos=<7262.29, 29.68, 4163.45>)
18:14:07.505 [VehicleDeleted] MUSTANG_red (id=870028249B4EB7235D1B4A8206815D63 pos=<7239.07, 31.03, 4164.18>)
18:14:07.511 [VehicleDeleted] Traktor_black (id=49827CBDA1472327CD15729A2F5A40E0 pos=<7244.82, 29.66, 4197.88>)
18:14:07.520 [VehicleDeleted] UAZ469_black (id=2F5FD2E9784B420B2ECD9590D4E864EA pos=<7252.24, 30.1, 4168.78>)
18:14:07.547 [VehicleDeleted] BMW_X5_white (id=7F567FC66148EC72B1F1F1BBA70A20AB pos=<7226.08, 27.02, 4226.27>)
18:14:07.562 [VehicleDeleted] AZLK_Yellow (id=BA1200467F439AD627C05AAA54B299B6 pos=<7220.33, 26.76, 4224.43>)
18:14:18.374 [AI Object Patrol 00099] Spawning 1 East bots at <10107.434570, 14.752144, 11257.567383>
18:14:18.473 [AI Object Patrol 00099] Global patrol count: 1
18:14:18.473 [AI Object Patrol 00099] HelicopterWreck category patrol count: 1
18:16:22.001 [VehicleDeleted] Kart_Orange (id=58F29A9EDA4EEE8B357F23BB9B02BE30 pos=<9926.79, 21.3, 10900.6>)
18:16:24.911 [VehicleDeleted] rag_schoolbus (id=A7564D0BFA4DDBEC080F9BBF9343B973 pos=<9923.57, 21.21, 10902.3>)
18:16:49.482 [VehicleDeleted] UAZ469_camo1 (id=AA479F5803454F7F54F85FBCCCEEB1F3 pos=<7247.11, 30.3, 4172.74>)
18:18:37.328 [VehicleDeleted] UAZ_3909_MCHS (id=7C7F82B3E748AB327376A68D6E2DF8D5 pos=<7257.94, 29.98, 4170.18>)
18:20:25.286 [VehicleDeleted] UAZ_3909_chaki1 (id=311F0C06A34D417F18B3269BA8C0F970 pos=<7258.25, 29.93, 4177.98>)
18:20:25.334 [AI Object Patrol 00099] Despawning 1 East bots (spawn position <10107.434570, 14.752144, 11257.567383>, 0/1 deceased)
18:20:25.334 [AI Object Patrol 00099] Global patrol count: 0
18:20:25.334 [AI Object Patrol 00099] HelicopterWreck category patrol count: 0
18:21:19.205 [VehicleDeleted] LUAZ (id=AF4874AF9440481B029DAA98422972FF pos=<7247.05, 30.26, 4183.79>)
18:22:16.992 [VehicleDeleted] UAZ_2315 (id=7692FB2FB745AA503ED97DAC66670B57 pos=<9675.52, 29.19, 11523.8>)
18:23:38.637 [VehicleDeleted] GAZ_69 (id=4F766912FE4A316FA4D6FA948AB084C5 pos=<9666.07, 29.3, 11529.7>)
18:23:52.119 [VehicleDeleted] GAZ_69_GRAY (id=7150E4877C4E6FA50B67B8B0E1A794E6 pos=<9664.54, 29.28, 11531.9>)
18:24:22.939 [VehicleDeleted] G65 (id=6E55C2588C461D7FF0894099EB1CC35D pos=<9663.78, 29.09, 11533.8>)
18:25:23.188 [VehicleDeleted] Jeep_Wrangler (id=3C85CF1B1B4FDCCBF2A072B19C1E6BD6 pos=<9663.76, 29.52, 11521.5>)
18:25:46.371 [VehicleDeleted] Kraz_6322 (id=96D70C700640A8050E02708C44A6A168 pos=<9662.88, 29.35, 11522>)
18:26:43.350 [VehicleDeleted] OffroadRangeRover_blue (id=96B05F80824272A478F5179BFAECB376 pos=<7237.28, 31.07, 4145.84>)
18:26:51.588 [VehicleDeleted] MAZ_509 (id=5A87B627E34343B8C28C759AEA6ABF31 pos=<9661.12, 29.34, 11522.5>)
18:27:20.486 [VehicleDeleted] MBw140 (id=8A8F081B9744F4567F0EC085E3496512 pos=<9662.79, 29.24, 11530.8>)
18:27:48.023 [VehicleDeleted] Fennek_BIOHAZARD (id=A4CADB6819430A88BE8BA6A608CE9EA9 pos=<9662.24, 29.19, 11531.3>)
18:29:53.678 [VehicleDeleted] OffroadRangeRover_police (id=93C9E5B02E4507DDEC98CB97358885E8 pos=<7240.72, 29.24, 4206.6>)
18:46:30.707 [VehicleDeleted] Kart (id=18FB714B68494561396C339259458644 pos=<9662.17, 29.91, 11495.3>)
18:49:12.535 [VehicleDeleted] Fennek_WINTER (id=BEC1F6A15B48935DBD3EEB97EDCE775D pos=<9661.25, 29.81, 11500.6>)
18:49:12.556 [VehicleDeleted] Gaz71_WINTER (id=7A3C791F28432914A70341814DF2D856 pos=<9665.46, 29.79, 11499.6>)
