Loot System Logs Active: 2025_8_28-17_40_31
17_40_31 | INFO | Deleted old log file: $profile:CBD_LootSystem\Logging\Logs\/2025_8_22-7_50_40.log
17_41_29 | INFO | Loot System has started
17_41_29 | INFO | Room settings loaded successfully.
17_41_29 | INFO | Box settings loaded successfully.
17_41_29 | INFO | LockAllLootRooms called
17_41_29 | INFO | Locking room: South Port Industrial Base
17_41_29 | INFO | Locking room: Airfield Base
17_41_29 | INFO | Loot Box Deleted at position: <6910.319824, 26.125845, 2198.879883>
17_41_29 | INFO | Loot Box Deleted at position: <6909.319824, 26.125845, 2213.879883>
17_41_29 | INFO | Loot Box Deleted at position: <6910.319824, 26.125845, 2198.879883>
17_41_29 | INFO | Loot Box Deleted at position: <6909.319824, 26.125845, 2213.879883>
17_41_29 | INFO | Loot Box Deleted at position: <6929.325684, 26.342670, 2206.844971>
17_42_8 | INFO | Player and identity are valid on connect.
17_42_22 | INFO | UnlockLootRoom: Loot room 'Airfield Base' unlocked by Player: LEE [SteamID: 76561198413928129]
17_42_22 | INFO | Raycast hit surface at: <6928.399414, 26.264978, 2208.822510>
17_42_22 | INFO | Defender ZmbM_usSoldier_normal_Desert spawned at: <6928.399414, 26.264978, 2208.822510>
17_42_22 | INFO | Surface type at position <6928.399414, 26.264978, 2208.822510> is cp_grass
17_42_22 | INFO | Raycast hit surface at: <6955.443359, 26.129999, 2194.567627>
17_42_22 | INFO | Defender ZmbM_usSoldier_normal_Woodland spawned at: <6955.443359, 26.129999, 2194.567627>
17_42_22 | INFO | Surface type at position <6955.443359, 26.129999, 2194.567627> is cp_concrete1
17_42_22 | INFO | Raycast hit surface at: <6929.960938, 26.264978, 2213.989502>
17_42_22 | INFO | Defender ZmbM_usSoldier_normal_Woodland spawned at: <6929.960938, 26.264978, 2213.989502>
17_42_22 | INFO | Surface type at position <6929.960938, 26.264978, 2213.989502> is cp_grass
17_42_22 | INFO | Raycast hit surface at: <6919.305176, 26.264978, 2206.247070>
17_42_22 | INFO | Defender ZmbM_usSoldier_Officer_Desert spawned at: <6919.305176, 26.264978, 2206.247070>
17_42_22 | INFO | Surface type at position <6919.305176, 26.264978, 2206.247070> is cp_grass
17_42_22 | INFO | Raycast hit surface at: <6910.883301, 26.129999, 2176.524170>
17_42_22 | INFO | Defender ZmbM_usSoldier_Officer_Desert spawned at: <6910.883301, 26.129999, 2176.524170>
17_42_22 | INFO | Surface type at position <6910.883301, 26.129999, 2176.524170> is cp_concrete1
17_42_22 | INFO | Raycast hit surface at: <6924.996582, 26.129999, 2236.618164>
17_42_22 | INFO | Defender ZmbM_usSoldier_Officer_Desert spawned at: <6924.996582, 26.129999, 2236.618164>
17_42_22 | INFO | Surface type at position <6924.996582, 26.129999, 2236.618164> is cp_concrete1
17_42_22 | INFO | Raycast hit surface at: <6920.969727, 26.264978, 2204.749023>
17_42_22 | INFO | Defender ZmbM_usSoldier_Officer_Desert spawned at: <6920.969727, 26.264978, 2204.749023>
17_42_22 | INFO | Surface type at position <6920.969727, 26.264978, 2204.749023> is cp_grass
17_42_22 | INFO | Raycast hit surface at: <6918.873535, 26.129999, 2230.189453>
17_42_22 | INFO | Defender ZmbM_usSoldier_Officer_Desert spawned at: <6918.873535, 26.129999, 2230.189453>
17_42_22 | INFO | Surface type at position <6918.873535, 26.129999, 2230.189453> is cp_concrete1
17_42_22 | INFO | Raycast hit surface at: <6924.506836, 26.264978, 2203.459961>
17_42_22 | INFO | Defender ZmbM_usSoldier_normal_Desert spawned at: <6924.506836, 26.264978, 2203.459961>
17_42_22 | INFO | Surface type at position <6924.506836, 26.264978, 2203.459961> is cp_grass
17_42_22 | INFO | Raycast hit surface at: <6909.125000, 26.264978, 2201.829834>
17_42_22 | INFO | Defender ZmbM_usSoldier_Officer_Desert spawned at: <6909.125000, 26.264978, 2201.829834>
17_42_22 | INFO | Surface type at position <6909.125000, 26.264978, 2201.829834> is cp_grass
17_42_22 | INFO | Raycast hit surface at: <6903.805664, 26.129999, 2230.926270>
17_42_22 | INFO | Defender ZmbM_usSoldier_Officer_Desert spawned at: <6903.805664, 26.129999, 2230.926270>
17_42_22 | INFO | Surface type at position <6903.805664, 26.129999, 2230.926270> is cp_concrete1
17_42_22 | INFO | Raycast hit surface at: <6902.306641, 26.129999, 2219.121582>
17_42_22 | INFO | Defender ZmbM_usSoldier_Officer_Desert spawned at: <6902.306641, 26.129999, 2219.121582>
17_42_22 | INFO | Surface type at position <6902.306641, 26.129999, 2219.121582> is cp_grass
17_42_22 | INFO | Raycast hit surface at: <6909.185059, 26.129999, 2221.241211>
17_42_22 | INFO | Defender ZmbM_usSoldier_normal_Woodland spawned at: <6909.185059, 26.129999, 2221.241211>
17_42_22 | INFO | Surface type at position <6909.185059, 26.129999, 2221.241211> is cp_grass
17_42_22 | INFO | Raycast hit surface at: <6913.615723, 26.264978, 2205.604980>
17_42_22 | INFO | Defender ZmbM_usSoldier_normal_Desert spawned at: <6913.615723, 26.264978, 2205.604980>
17_42_22 | INFO | Surface type at position <6913.615723, 26.264978, 2205.604980> is cp_grass
17_42_22 | INFO | Raycast hit surface at: <6937.929688, 26.129999, 2201.116211>
17_42_22 | INFO | Defender ZmbM_usSoldier_normal_Woodland spawned at: <6937.929688, 26.129999, 2201.116211>
17_42_22 | INFO | Surface type at position <6937.929688, 26.129999, 2201.116211> is cp_grass
17_42_22 | INFO | Raycast hit surface at: <6925.354004, 26.264978, 2195.031738>
17_42_22 | INFO | Defender ZmbM_usSoldier_normal_Desert spawned at: <6925.354004, 26.264978, 2195.031738>
17_42_22 | INFO | Surface type at position <6925.354004, 26.264978, 2195.031738> is cp_grass
17_42_22 | INFO | Raycast hit surface at: <6922.791992, 26.264978, 2210.083008>
17_42_22 | INFO | Defender ZmbM_usSoldier_normal_Desert spawned at: <6922.791992, 26.264978, 2210.083008>
17_42_22 | INFO | Surface type at position <6922.791992, 26.264978, 2210.083008> is cp_grass
17_42_22 | INFO | Raycast hit surface at: <6930.115723, 26.264978, 2204.798096>
17_42_22 | INFO | Defender ZmbM_usSoldier_normal_Desert spawned at: <6930.115723, 26.264978, 2204.798096>
17_42_22 | INFO | Surface type at position <6930.115723, 26.264978, 2204.798096> is cp_grass
17_42_22 | INFO | Raycast hit surface at: <6921.275879, 26.129999, 2176.637939>
17_42_22 | INFO | Defender ZmbM_usSoldier_normal_Woodland spawned at: <6921.275879, 26.129999, 2176.637939>
17_42_22 | INFO | Surface type at position <6921.275879, 26.129999, 2176.637939> is cp_concrete1
17_42_22 | INFO | Raycast hit surface at: <6915.025391, 26.129999, 2218.951904>
17_42_22 | INFO | Defender ZmbM_usSoldier_normal_Woodland spawned at: <6915.025391, 26.129999, 2218.951904>
17_42_22 | INFO | Surface type at position <6915.025391, 26.129999, 2218.951904> is cp_grass
17_42_22 | INFO | Raycast hit surface at: <6916.787109, 26.264978, 2206.096436>
17_42_22 | INFO | Defender ZmbM_usSoldier_Officer_Desert spawned at: <6916.787109, 26.264978, 2206.096436>
17_42_22 | INFO | Surface type at position <6916.787109, 26.264978, 2206.096436> is cp_grass
17_42_22 | INFO | Raycast hit surface at: <6923.122559, 26.264978, 2207.353516>
17_42_22 | INFO | Defender ZmbM_usSoldier_normal_Woodland spawned at: <6923.122559, 26.264978, 2207.353516>
17_42_22 | INFO | Surface type at position <6923.122559, 26.264978, 2207.353516> is cp_grass
17_42_22 | INFO | Raycast hit surface at: <6915.094238, 26.129999, 2165.820068>
17_42_22 | INFO | Defender ZmbM_usSoldier_Officer_Desert spawned at: <6915.094238, 26.129999, 2165.820068>
17_42_22 | INFO | Surface type at position <6915.094238, 26.129999, 2165.820068> is dirt_ext
17_42_22 | INFO | Raycast hit surface at: <6934.429199, 26.129999, 2239.585205>
17_42_22 | INFO | Defender ZmbM_usSoldier_normal_Woodland spawned at: <6934.429199, 26.129999, 2239.585205>
17_42_22 | INFO | Surface type at position <6934.429199, 26.129999, 2239.585205> is concrete_ext
17_42_22 | INFO | Raycast hit surface at: <6920.187988, 26.264978, 2205.732422>
17_42_22 | INFO | Defender ZmbM_usSoldier_normal_Desert spawned at: <6920.187988, 26.264978, 2205.732422>
17_42_22 | INFO | Surface type at position <6920.187988, 26.264978, 2205.732422> is cp_grass
17_42_22 | INFO | Raycast hit surface at: <6931.171387, 26.264978, 2215.313721>
17_42_22 | INFO | Defender ZmbM_usSoldier_normal_Woodland spawned at: <6931.171387, 26.264978, 2215.313721>
17_42_22 | INFO | Surface type at position <6931.171387, 26.264978, 2215.313721> is cp_grass
17_42_22 | INFO | Raycast hit surface at: <6893.017578, 26.305826, 2233.135742>
17_42_22 | INFO | Defender ZmbM_usSoldier_Officer_Desert spawned at: <6893.017578, 26.305826, 2233.135742>
17_42_22 | INFO | Surface type at position <6893.017578, 26.305826, 2233.135742> is concrete_ext
17_42_22 | INFO | Raycast hit surface at: <6883.442383, 26.129999, 2200.831787>
17_42_22 | INFO | Defender ZmbM_usSoldier_normal_Desert spawned at: <6883.442383, 26.129999, 2200.831787>
17_42_22 | INFO | Surface type at position <6883.442383, 26.129999, 2200.831787> is cp_grass
17_42_22 | INFO | Raycast hit surface at: <6904.026367, 26.129999, 2231.674072>
17_42_22 | INFO | Defender ZmbM_usSoldier_normal_Woodland spawned at: <6904.026367, 26.129999, 2231.674072>
17_42_22 | INFO | Surface type at position <6904.026367, 26.129999, 2231.674072> is cp_concrete1
17_42_22 | INFO | Raycast hit surface at: <6923.765625, 26.129999, 2229.977295>
17_42_22 | INFO | Defender ZmbM_usSoldier_normal_Desert spawned at: <6923.765625, 26.129999, 2229.977295>
17_42_22 | INFO | Surface type at position <6923.765625, 26.129999, 2229.977295> is cp_concrete1
17_42_22 | INFO | Raycast hit surface at: <6896.509277, 26.129999, 2220.621094>
17_42_22 | INFO | Defender ZmbM_usSoldier_Officer_Desert spawned at: <6896.509277, 26.129999, 2220.621094>
17_42_22 | INFO | Surface type at position <6896.509277, 26.129999, 2220.621094> is cp_grass
17_42_22 | INFO | Raycast hit surface at: <6895.328125, 26.129999, 2198.811523>
17_42_22 | INFO | Defender ZmbM_usSoldier_Officer_Desert spawned at: <6895.328125, 26.129999, 2198.811523>
17_42_22 | INFO | Surface type at position <6895.328125, 26.129999, 2198.811523> is cp_grass
17_42_22 | INFO | Raycast hit surface at: <6906.425293, 26.129999, 2239.280273>
17_42_22 | INFO | Defender ZmbM_usSoldier_normal_Woodland spawned at: <6906.425293, 26.129999, 2239.280273>
17_42_22 | INFO | Surface type at position <6906.425293, 26.129999, 2239.280273> is cp_grass
17_42_22 | INFO | Raycast hit surface at: <6921.608398, 26.129999, 2216.842773>
17_42_22 | INFO | Defender ZmbM_usSoldier_Officer_Desert spawned at: <6921.608398, 26.129999, 2216.842773>
17_42_22 | INFO | Surface type at position <6921.608398, 26.129999, 2216.842773> is cp_grass
17_42_22 | INFO | Raycast hit surface at: <6937.082031, 26.129999, 2192.443848>
17_42_22 | INFO | Defender ZmbM_usSoldier_normal_Desert spawned at: <6937.082031, 26.129999, 2192.443848>
17_42_22 | INFO | Surface type at position <6937.082031, 26.129999, 2192.443848> is cp_grass
17_42_22 | INFO | Raycast hit surface at: <6908.830566, 26.129999, 2230.425293>
17_42_22 | INFO | Defender ZmbM_usSoldier_normal_Desert spawned at: <6908.830566, 26.129999, 2230.425293>
17_42_22 | INFO | Surface type at position <6908.830566, 26.129999, 2230.425293> is cp_concrete1
17_42_22 | INFO | Raycast hit surface at: <6953.329590, 26.129999, 2218.407959>
17_42_22 | INFO | Defender ZmbM_usSoldier_normal_Woodland spawned at: <6953.329590, 26.129999, 2218.407959>
17_42_22 | INFO | Surface type at position <6953.329590, 26.129999, 2218.407959> is cp_concrete1
17_42_22 | INFO | Raycast hit surface at: <6956.123535, 26.129999, 2216.693359>
17_42_22 | INFO | Defender ZmbM_usSoldier_normal_Desert spawned at: <6956.123535, 26.129999, 2216.693359>
17_42_22 | INFO | Surface type at position <6956.123535, 26.129999, 2216.693359> is cp_concrete1
17_42_22 | INFO | Raycast hit surface at: <6924.146484, 26.264978, 2205.838623>
17_42_22 | INFO | Defender ZmbM_usSoldier_normal_Desert spawned at: <6924.146484, 26.264978, 2205.838623>
17_42_22 | INFO | Surface type at position <6924.146484, 26.264978, 2205.838623> is cp_grass
17_42_22 | INFO | Raycast hit surface at: <6919.795898, 26.264978, 2202.559326>
17_42_22 | INFO | Defender ZmbM_usSoldier_normal_Desert spawned at: <6919.795898, 26.264978, 2202.559326>
17_42_22 | INFO | Surface type at position <6919.795898, 26.264978, 2202.559326> is cp_grass
17_42_22 | INFO | Spawning loot box at position: <6909.319824, 26.129999, 2213.879883>
17_42_22 | INFO | Random loot table selected from user setting file: Military
17_42_22 | ERROR | Could Not Spawn Loot Item: TacticalShirt at <6909.319824, 26.129999, 2213.879883>
17_42_22 | ERROR | Could Not Spawn Loot Item: CombatBoots at <6909.319824, 26.129999, 2213.879883>
17_42_22 | INFO | Successfully spawned loot box at position: <6909.319824, 26.129999, 2213.879883>
17_42_22 | INFO | Spawning loot box at position: <6910.319824, 26.129999, 2198.879883>
17_42_22 | INFO | Random loot table selected from user setting file: Military
17_42_22 | ERROR | Could Not Spawn Loot Item: MilitaryBeret at <6910.319824, 26.129999, 2198.879883>
17_42_22 | INFO | Successfully spawned loot box at position: <6910.319824, 26.129999, 2198.879883>
17_42_22 | INFO | Spawning loot box at position: <6929.319824, 26.129999, 2206.879883>
17_42_22 | ERROR | Could not attach part: carbattery to any available slot on vehicle: URAL_375_1964
17_42_22 | ERROR | Not Enough Loot In The List Compared To The Min Loot Amount for box at <6929.319824, 26.129999, 2206.879883>
17_42_22 | INFO | UnlockLootRoom: No sound is set to play for loot room 'Airfield Base'.
