[08-03-2025][04.12.47] New Synch Log File Created!
[06:12:17] Player (Lando, 76561199365795662)(<7160.621582, 44.918964, 4774.790039>) requested data for lock!
[07:07:21] Player (Lando, 76561199365795662)(<7160.621582, 44.918964, 4774.790039>) requested data for lock!
[08-03-2025][10.12.54] Log file reloaded ( Server Restart )
[10:14:51] Player (Paul , 76561198121111197)(<8324.177734, 4.692781, 13393.307617>) requested data for lock!
[10:14:56] Player (Paul , 76561198121111197)(<8757.916016, 1.781632, 13420.259766>) requested data for lock!
[10:14:56] Player (Paul , 76561198121111197)(<8331.406250, 4.526347, 13397.776367>) requested data for lock!
[10:14:56] Player (Paul , 76561198121111197)(<8750.256836, 7.552526, 13352.041016>) requested data for lock!
[10:14:57] Player (Paul , 76561198121111197)(<8397.013672, 7.946721, 13322.198242>) requested data for lock!
[10:14:57] Player (Paul , 76561198121111197)(<8379.750977, 7.946721, 13325.362305>) requested data for lock!
[10:14:57] Player (Paul , 76561198121111197)(<8413.142578, 7.195306, 13326.759766>) requested data for lock!
[10:14:58] Player (Paul , 76561198121111197)(<8408.395508, 7.512086, 13296.108398>) requested data for lock!
[10:14:59] Player (Paul , 76561198121111197)(<8380.378906, 7.653080, 13333.331055>) requested data for lock!
[10:14:59] Player (Paul , 76561198121111197)(<8362.387695, 6.272520, 13321.798828>) requested data for lock!
[10:15:01] Player (Paul , 76561198121111197)(<9383.207031, 22.859116, 14609.377930>) requested data for lock!
[10:15:01] Player (Paul , 76561198121111197)(<8759.612305, 2.287070, 13411.387695>) requested data for lock!
[10:20:54] Player (Paul , 76561198121111197)(<8475.622070, 13.918887, 9141.336914>) requested data for lock!
[10:22:25] Player (Paul , 76561198121111197)(<7865.928223, 51.188229, 8107.366699>) requested data for lock!
[10:23:35] Player (Paul , 76561198121111197)(<5725.508789, 15.922175, 8246.489258>) requested data for lock!
[10:23:36] Player (Paul , 76561198121111197)(<5706.512695, 15.922305, 8234.311523>) requested data for lock!
[10:26:16] Player (Paul , 76561198121111197)(<5706.512695, 15.922305, 8234.311523>) requested data for lock!
[10:26:16] Player (Paul , 76561198121111197)(<5725.508789, 15.922175, 8246.489258>) requested data for lock!
[10:36:52] Player (Paul , 76561198121111197)(<7865.928223, 51.188229, 8107.366699>) requested data for lock!
[10:37:46] Player (Paul , 76561198121111197)(<8475.622070, 13.918887, 9141.336914>) requested data for lock!
[11:12:21] Player (Paul , 76561198121111197)(<7865.928223, 51.188229, 8107.366699>) requested data for lock!
[11:12:21] Player (Paul , 76561198121111197)(<8475.622070, 13.918887, 9141.336914>) requested data for lock!
[11:18:48] Player (Bass, 76561198078051740)(<7160.621582, 44.918964, 4774.790039>) requested data for lock!
[11:23:27] Player (Paul , 76561198121111197)(<5725.508789, 15.922175, 8246.489258>) requested data for lock!
[11:23:28] Player (Paul , 76561198121111197)(<5706.512695, 15.922305, 8234.311523>) requested data for lock!
[11:26:29] Player (Paul , 76561198121111197)(<8475.622070, 13.918887, 9141.336914>) requested data for lock!
[11:39:16] Player (DnWings, 76561198090803986)(<8324.177734, 4.692781, 13393.307617>) requested data for lock!
[11:39:22] Player (DnWings, 76561198090803986)(<8757.916016, 1.781632, 13420.259766>) requested data for lock!
[11:39:22] Player (DnWings, 76561198090803986)(<8331.406250, 4.526347, 13397.776367>) requested data for lock!
[11:39:22] Player (DnWings, 76561198090803986)(<8750.256836, 7.552526, 13352.041016>) requested data for lock!
[11:39:23] Player (DnWings, 76561198090803986)(<8397.013672, 7.946721, 13322.198242>) requested data for lock!
[11:39:23] Player (DnWings, 76561198090803986)(<8379.750977, 7.946721, 13325.362305>) requested data for lock!
[11:39:23] Player (DnWings, 76561198090803986)(<8413.142578, 7.195306, 13326.759766>) requested data for lock!
[11:39:24] Player (DnWings, 76561198090803986)(<8408.395508, 7.512086, 13296.108398>) requested data for lock!
[11:39:24] Player (DnWings, 76561198090803986)(<8380.378906, 7.653080, 13333.331055>) requested data for lock!
[11:39:24] Player (DnWings, 76561198090803986)(<8362.387695, 6.272520, 13321.798828>) requested data for lock!
[11:39:26] Player (DnWings, 76561198090803986)(<9383.207031, 22.859116, 14609.377930>) requested data for lock!
[11:39:27] Player (DnWings, 76561198090803986)(<8759.612305, 2.287070, 13411.387695>) requested data for lock!
[11:47:20] Player (Lando, 76561199365795662)(<7160.621582, 44.918964, 4774.790039>) requested data for lock!
[12:41:55] Player (Paul , 76561198121111197)(<8757.916016, 1.781632, 13420.259766>) requested data for lock!
[12:41:55] Player (Paul , 76561198121111197)(<8750.256836, 7.552526, 13352.041016>) requested data for lock!
[12:41:56] Player (Paul , 76561198121111197)(<8759.612305, 2.287070, 13411.387695>) requested data for lock!
[12:42:02] Player (Paul , 76561198121111197)(<8408.395508, 7.512086, 13296.108398>) requested data for lock!
[12:42:03] Player (Paul , 76561198121111197)(<8413.142578, 7.195306, 13326.759766>) requested data for lock!
[12:42:05] Player (Paul , 76561198121111197)(<8397.013672, 7.946721, 13322.198242>) requested data for lock!
[12:42:05] Player (Paul , 76561198121111197)(<8379.750977, 7.946721, 13325.362305>) requested data for lock!
[12:42:06] Player (Paul , 76561198121111197)(<8380.378906, 7.653080, 13333.331055>) requested data for lock!
[12:42:06] Player (Paul , 76561198121111197)(<8362.387695, 6.272520, 13321.798828>) requested data for lock!
[12:42:07] Player (Paul , 76561198121111197)(<8324.177734, 4.692781, 13393.307617>) requested data for lock!
[12:42:07] Player (Paul , 76561198121111197)(<8331.406250, 4.526347, 13397.776367>) requested data for lock!
[12:42:51] Player (Paul , 76561198121111197)(<9383.207031, 22.859116, 14609.377930>) requested data for lock!
[12:45:35] Player (Lando, 76561199365795662)(<7160.621582, 44.918964, 4774.790039>) requested data for lock!
[12:46:22] Player (Paul , 76561198121111197)(<8324.177734, 4.692781, 13393.307617>) requested data for lock!
[12:46:22] Player (Paul , 76561198121111197)(<8757.916016, 1.781632, 13420.259766>) requested data for lock!
[12:46:22] Player (Paul , 76561198121111197)(<8331.406250, 4.526347, 13397.776367>) requested data for lock!
[12:46:22] Player (Paul , 76561198121111197)(<8750.256836, 7.552526, 13352.041016>) requested data for lock!
[12:46:22] Player (Paul , 76561198121111197)(<8397.013672, 7.946721, 13322.198242>) requested data for lock!
[12:46:22] Player (Paul , 76561198121111197)(<8379.750977, 7.946721, 13325.362305>) requested data for lock!
[12:46:22] Player (Paul , 76561198121111197)(<8413.142578, 7.195306, 13326.759766>) requested data for lock!
[12:46:22] Player (Paul , 76561198121111197)(<8408.395508, 7.512086, 13296.108398>) requested data for lock!
[12:46:26] Player (Paul , 76561198121111197)(<8380.378906, 7.653080, 13333.331055>) requested data for lock!
[12:46:26] Player (Paul , 76561198121111197)(<8362.387695, 6.272520, 13321.798828>) requested data for lock!
[12:46:27] Player (Paul , 76561198121111197)(<9383.207031, 22.859116, 14609.377930>) requested data for lock!
[12:46:28] Player (Paul , 76561198121111197)(<8759.612305, 2.287070, 13411.387695>) requested data for lock!
[12:48:08] Player (Scarecrow2530, 76561198089743539)(<7865.928223, 51.188229, 8107.366699>) requested data for lock!
[12:48:08] Player (Scarecrow2530, 76561198089743539)(<8475.622070, 13.918887, 9141.336914>) requested data for lock!
[12:49:40] Player (KOG, 76561198104966670)(<8324.177734, 4.692781, 13393.307617>) requested data for lock!
[12:49:40] Player (KOG, 76561198104966670)(<8757.916016, 1.781632, 13420.259766>) requested data for lock!
[12:49:40] Player (KOG, 76561198104966670)(<8331.406250, 4.526347, 13397.776367>) requested data for lock!
[12:49:40] Player (KOG, 76561198104966670)(<8750.256836, 7.552526, 13352.041016>) requested data for lock!
[12:49:40] Player (KOG, 76561198104966670)(<8397.013672, 7.946721, 13322.198242>) requested data for lock!
[12:49:40] Player (KOG, 76561198104966670)(<8379.750977, 7.946721, 13325.362305>) requested data for lock!
[12:49:40] Player (KOG, 76561198104966670)(<8413.142578, 7.195306, 13326.759766>) requested data for lock!
[12:49:40] Player (KOG, 76561198104966670)(<8408.395508, 7.512086, 13296.108398>) requested data for lock!
[12:49:40] Player (KOG, 76561198104966670)(<8380.378906, 7.653080, 13333.331055>) requested data for lock!
[12:49:40] Player (KOG, 76561198104966670)(<8362.387695, 6.272520, 13321.798828>) requested data for lock!
[12:49:42] Player (KOG, 76561198104966670)(<9383.207031, 22.859116, 14609.377930>) requested data for lock!
[12:49:45] Player (KOG, 76561198104966670)(<8759.612305, 2.287070, 13411.387695>) requested data for lock!
[13:16:14] Player (KOG, 76561198104966670)(<8324.177734, 4.692781, 13393.307617>) requested data for lock!
[13:16:14] Player (KOG, 76561198104966670)(<8757.916016, 1.781632, 13420.259766>) requested data for lock!
[13:16:14] Player (KOG, 76561198104966670)(<8331.406250, 4.526347, 13397.776367>) requested data for lock!
[13:16:14] Player (KOG, 76561198104966670)(<8750.256836, 7.552526, 13352.041016>) requested data for lock!
[13:16:14] Player (KOG, 76561198104966670)(<8397.013672, 7.946721, 13322.198242>) requested data for lock!
[13:16:14] Player (KOG, 76561198104966670)(<8379.750977, 7.946721, 13325.362305>) requested data for lock!
[13:16:14] Player (KOG, 76561198104966670)(<8413.142578, 7.195306, 13326.759766>) requested data for lock!
[13:16:14] Player (KOG, 76561198104966670)(<8408.395508, 7.512086, 13296.108398>) requested data for lock!
[13:16:14] Player (KOG, 76561198104966670)(<8380.378906, 7.653080, 13333.331055>) requested data for lock!
[13:16:14] Player (KOG, 76561198104966670)(<8362.387695, 6.272520, 13321.798828>) requested data for lock!
[13:16:15] Player (KOG, 76561198104966670)(<9383.207031, 22.859116, 14609.377930>) requested data for lock!
[13:16:16] Player (KOG, 76561198104966670)(<8759.612305, 2.287070, 13411.387695>) requested data for lock!
[13:23:03] Player (DnWings, 76561198090803986)(<8324.177734, 4.692781, 13393.307617>) requested data for lock!
[13:23:03] Player (DnWings, 76561198090803986)(<8757.916016, 1.781632, 13420.259766>) requested data for lock!
[13:23:03] Player (DnWings, 76561198090803986)(<8331.406250, 4.526347, 13397.776367>) requested data for lock!
[13:23:03] Player (DnWings, 76561198090803986)(<8750.256836, 7.552526, 13352.041016>) requested data for lock!
[13:23:03] Player (DnWings, 76561198090803986)(<8397.013672, 7.946721, 13322.198242>) requested data for lock!
[13:23:03] Player (DnWings, 76561198090803986)(<8379.750977, 7.946721, 13325.362305>) requested data for lock!
[13:23:03] Player (DnWings, 76561198090803986)(<8413.142578, 7.195306, 13326.759766>) requested data for lock!
[13:23:03] Player (DnWings, 76561198090803986)(<8408.395508, 7.512086, 13296.108398>) requested data for lock!
[13:23:03] Player (DnWings, 76561198090803986)(<8380.378906, 7.653080, 13333.331055>) requested data for lock!
[13:23:03] Player (DnWings, 76561198090803986)(<8362.387695, 6.272520, 13321.798828>) requested data for lock!
[13:23:06] Player (DnWings, 76561198090803986)(<9383.207031, 22.859116, 14609.377930>) requested data for lock!
[13:23:07] Player (DnWings, 76561198090803986)(<8759.612305, 2.287070, 13411.387695>) requested data for lock!
[13:29:38] Player (Paul , 76561198121111197)(<8324.177734, 4.692781, 13393.307617>) requested data for lock!
[13:29:38] Player (Paul , 76561198121111197)(<8757.916016, 1.781632, 13420.259766>) requested data for lock!
[13:29:38] Player (Paul , 76561198121111197)(<8331.406250, 4.526347, 13397.776367>) requested data for lock!
[13:29:38] Player (Paul , 76561198121111197)(<8750.256836, 7.552526, 13352.041016>) requested data for lock!
[13:29:38] Player (Paul , 76561198121111197)(<8397.013672, 7.946721, 13322.198242>) requested data for lock!
[13:29:38] Player (Paul , 76561198121111197)(<8379.750977, 7.946721, 13325.362305>) requested data for lock!
[13:29:38] Player (Paul , 76561198121111197)(<8413.142578, 7.195306, 13326.759766>) requested data for lock!
[13:29:38] Player (Paul , 76561198121111197)(<8408.395508, 7.512086, 13296.108398>) requested data for lock!
[13:29:38] Player (Paul , 76561198121111197)(<8380.378906, 7.653080, 13333.331055>) requested data for lock!
[13:29:38] Player (Paul , 76561198121111197)(<8362.387695, 6.272520, 13321.798828>) requested data for lock!
[13:29:38] Player (Paul , 76561198121111197)(<9383.207031, 22.859116, 14609.377930>) requested data for lock!
[13:29:38] Player (Paul , 76561198121111197)(<8759.612305, 2.287070, 13411.387695>) requested data for lock!
[13:42:11] Player (DnWings, 76561198090803986)(<9208.861328, 37.740070, 14952.479492>) requested data for lock!
[13:42:12] Player (Paul , 76561198121111197)(<9208.861328, 37.740070, 14952.479492>) requested data for lock!
[13:42:12] Player (KOG, 76561198104966670)(<9208.861328, 37.740070, 14952.479492>) requested data for lock!
[13:48:58] Player (Paul , 76561198121111197)(<9383.207031, 22.859116, 14609.377930>) requested data for lock!
[13:48:58] Player (Paul , 76561198121111197)(<9208.861328, 37.740070, 14952.479492>) requested data for lock!
[13:50:13] Player (Keidgos, 76561198144300120)(<7160.621582, 44.918964, 4774.790039>) requested data for lock!
[13:57:07] Player (Paul , 76561198121111197)(<9383.207031, 22.859116, 14609.377930>) requested data for lock!
[13:57:07] Player (Paul , 76561198121111197)(<9208.861328, 37.740070, 14952.479492>) requested data for lock!
[13:59:11] Player (Paul , 76561198121111197)(<8757.916016, 1.781632, 13420.259766>) requested data for lock!
[14:00:09] Player (DnWings, 76561198090803986)(<8324.177734, 4.692781, 13393.307617>) requested data for lock!
[14:00:10] Player (DnWings, 76561198090803986)(<8757.916016, 1.781632, 13420.259766>) requested data for lock!
[14:00:10] Player (DnWings, 76561198090803986)(<8331.406250, 4.526347, 13397.776367>) requested data for lock!
[14:00:11] Player (DnWings, 76561198090803986)(<8750.256836, 7.552526, 13352.041016>) requested data for lock!
[14:00:12] Player (DnWings, 76561198090803986)(<8397.013672, 7.946721, 13322.198242>) requested data for lock!
[14:00:12] Player (DnWings, 76561198090803986)(<8379.750977, 7.946721, 13325.362305>) requested data for lock!
[14:00:12] Player (DnWings, 76561198090803986)(<8413.142578, 7.195306, 13326.759766>) requested data for lock!
[14:00:13] Player (DnWings, 76561198090803986)(<8408.395508, 7.512086, 13296.108398>) requested data for lock!
[14:00:13] Player (DnWings, 76561198090803986)(<8380.378906, 7.653080, 13333.331055>) requested data for lock!
[14:00:14] Player (DnWings, 76561198090803986)(<8362.387695, 6.272520, 13321.798828>) requested data for lock!
[14:00:16] Player (DnWings, 76561198090803986)(<9383.207031, 22.859116, 14609.377930>) requested data for lock!
[14:00:17] Player (DnWings, 76561198090803986)(<8759.612305, 2.287070, 13411.387695>) requested data for lock!
[14:10:22] Player (Kame, 76561199372146202)(<5706.512695, 15.922305, 8234.311523>) requested data for lock!
[14:10:22] Player (Kame, 76561199372146202)(<5725.508789, 15.922175, 8246.489258>) requested data for lock!
[14:11:15] Player (Paul , 76561198121111197)(<8757.916016, 1.781632, 13420.259766>) requested data for lock!
[14:11:16] Player (Paul , 76561198121111197)(<8759.612305, 2.287070, 13411.387695>) requested data for lock!
[14:12:07] Player (Paul , 76561198121111197)(<8331.406250, 4.526347, 13397.776367>) requested data for lock!
[14:12:07] Player (Paul , 76561198121111197)(<8750.256836, 7.552526, 13352.041016>) requested data for lock!
[14:12:09] Player (Paul , 76561198121111197)(<8324.177734, 4.692781, 13393.307617>) requested data for lock!
[14:12:12] Player (Paul , 76561198121111197)(<8413.142578, 7.195306, 13326.759766>) requested data for lock!
[14:12:14] Player (Paul , 76561198121111197)(<8397.013672, 7.946721, 13322.198242>) requested data for lock!
[14:12:14] Player (Paul , 76561198121111197)(<8380.378906, 7.653080, 13333.331055>) requested data for lock!
[14:12:15] Player (Paul , 76561198121111197)(<8379.750977, 7.946721, 13325.362305>) requested data for lock!
[14:12:17] Player (Paul , 76561198121111197)(<8408.395508, 7.512086, 13296.108398>) requested data for lock!
[14:12:17] Player (Paul , 76561198121111197)(<8362.387695, 6.272520, 13321.798828>) requested data for lock!
[14:15:32] Player (DnWings, 76561198090803986)(<9208.861328, 37.740070, 14952.479492>) requested data for lock!
[14:15:33] Player (Paul , 76561198121111197)(<9208.861328, 37.740070, 14952.479492>) requested data for lock!
[14:16:23] Player (Kame, 76561199372146202)(<5706.512695, 15.922305, 8234.311523>) requested data for lock!
[14:16:25] Player (Kame, 76561199372146202)(<5725.508789, 15.922175, 8246.489258>) requested data for lock!
[14:30:19] Player (Lando, 76561199365795662)(<7160.621582, 44.918964, 4774.790039>) requested data for lock!
[14:46:46] Player (Lando, 76561199365795662)(<6564.862305, 18.293474, 6337.749023>) requested data for lock!
[14:46:49] Player (Lando, 76561199365795662)(<6589.368652, 16.570129, 6349.549316>) requested data for lock!
[15:21:09] Player (ejet, 76561198047623961)(<7160.621582, 44.918964, 4774.790039>) requested data for lock!
[15:33:15] Player (Paul , 76561198121111197)(<8757.916016, 1.781632, 13420.259766>) requested data for lock!
[15:33:16] Player (KOG, 76561198104966670)(<8757.916016, 1.781632, 13420.259766>) requested data for lock!
[15:33:17] Player (Paul , 76561198121111197)(<8759.612305, 2.287070, 13411.387695>) requested data for lock!
[15:33:18] Player (KOG, 76561198104966670)(<8759.612305, 2.287070, 13411.387695>) requested data for lock!
[15:33:18] Player (DnWings, 76561198090803986)(<8757.916016, 1.781632, 13420.259766>) requested data for lock!
[15:33:20] Player (DnWings, 76561198090803986)(<8759.612305, 2.287070, 13411.387695>) requested data for lock!
[15:33:27] Player (Paul , 76561198121111197)(<8331.406250, 4.526347, 13397.776367>) requested data for lock!
[15:33:27] Player (Paul , 76561198121111197)(<8750.256836, 7.552526, 13352.041016>) requested data for lock!
[15:33:28] Player (KOG, 76561198104966670)(<8331.406250, 4.526347, 13397.776367>) requested data for lock!
[15:33:28] Player (KOG, 76561198104966670)(<8750.256836, 7.552526, 13352.041016>) requested data for lock!
[15:33:30] Player (KOG, 76561198104966670)(<8324.177734, 4.692781, 13393.307617>) requested data for lock!
[15:33:30] Player (DnWings, 76561198090803986)(<8331.406250, 4.526347, 13397.776367>) requested data for lock!
[15:33:30] Player (DnWings, 76561198090803986)(<8750.256836, 7.552526, 13352.041016>) requested data for lock!
[15:33:32] Player (Paul , 76561198121111197)(<8324.177734, 4.692781, 13393.307617>) requested data for lock!
[15:33:33] Player (KOG, 76561198104966670)(<8413.142578, 7.195306, 13326.759766>) requested data for lock!
[15:33:33] Player (KOG, 76561198104966670)(<8380.378906, 7.653080, 13333.331055>) requested data for lock!
[15:33:33] Player (DnWings, 76561198090803986)(<8324.177734, 4.692781, 13393.307617>) requested data for lock!
[15:33:34] Player (Paul , 76561198121111197)(<8413.142578, 7.195306, 13326.759766>) requested data for lock!
[15:33:35] Player (Paul , 76561198121111197)(<8397.013672, 7.946721, 13322.198242>) requested data for lock!
[15:33:35] Player (KOG, 76561198104966670)(<8397.013672, 7.946721, 13322.198242>) requested data for lock!
[15:33:35] Player (KOG, 76561198104966670)(<8379.750977, 7.946721, 13325.362305>) requested data for lock!
[15:33:35] Player (Paul , 76561198121111197)(<8380.378906, 7.653080, 13333.331055>) requested data for lock!
[15:33:37] Player (Paul , 76561198121111197)(<8379.750977, 7.946721, 13325.362305>) requested data for lock!
[15:33:37] Player (KOG, 76561198104966670)(<8408.395508, 7.512086, 13296.108398>) requested data for lock!
[15:33:38] Player (KOG, 76561198104966670)(<8362.387695, 6.272520, 13321.798828>) requested data for lock!
[15:33:39] Player (Paul , 76561198121111197)(<8408.395508, 7.512086, 13296.108398>) requested data for lock!
[15:33:40] Player (Paul , 76561198121111197)(<8362.387695, 6.272520, 13321.798828>) requested data for lock!
[15:33:41] Player (DnWings, 76561198090803986)(<8413.142578, 7.195306, 13326.759766>) requested data for lock!
[15:33:43] Player (DnWings, 76561198090803986)(<8397.013672, 7.946721, 13322.198242>) requested data for lock!
[15:33:43] Player (DnWings, 76561198090803986)(<8380.378906, 7.653080, 13333.331055>) requested data for lock!
[15:33:46] Player (DnWings, 76561198090803986)(<8379.750977, 7.946721, 13325.362305>) requested data for lock!
[15:33:46] Player (DnWings, 76561198090803986)(<8362.387695, 6.272520, 13321.798828>) requested data for lock!
[15:33:48] Player (DnWings, 76561198090803986)(<8408.395508, 7.512086, 13296.108398>) requested data for lock!
[16:00:25] Player (KOG, 76561198104966670)(<8387.232422, 7.082910, 13316.241211>) requested data for lock!
[16:00:27] Player (KOG, 76561198104966670)(<8387.232422, 7.082910, 13316.241211>) requested data for lock!
[16:01:18] Player (Paul , 76561198121111197)(<9383.207031, 22.859116, 14609.377930>) requested data for lock!
[16:02:52] Player (KOG, 76561198104966670)(<8382.319336, 7.211427, 13316.020508>) requested data for lock!
[16:02:54] Player (KOG, 76561198104966670)(<8387.232422, 7.082910, 13316.241211>) requested data for lock!
[16:02:56] Player (KOG, 76561198104966670)(<8385.982422, 7.082910, 13318.289063>) requested data for lock!
[16:03:38] Player (KOG, 76561198104966670)(<9383.207031, 22.859116, 14609.377930>) requested data for lock!
[16:07:27] Player (Lando, 76561199365795662)(<6564.862305, 18.293474, 6337.749023>) requested data for lock!
[16:07:27] Player (Lando, 76561199365795662)(<6589.368652, 16.570129, 6349.549316>) requested data for lock!
[08-03-2025][16.12.47] Log file reloaded ( Server Restart )
[16:16:03] Player (Paul , 76561198121111197)(<8379.750977, 7.946721, 13325.362305>) requested data for lock!
[16:16:03] Player (Paul , 76561198121111197)(<8380.378906, 7.653080, 13333.331055>) requested data for lock!
[16:16:03] Player (Paul , 76561198121111197)(<8331.406250, 4.526347, 13397.776367>) requested data for lock!
[16:17:47] Player (Lando, 76561199365795662)(<6564.862305, 18.293474, 6337.749023>) requested data for lock!
[16:17:47] Player (Lando, 76561199365795662)(<6589.368652, 16.570129, 6349.549316>) requested data for lock!
[16:18:04] Player (Paul , 76561198121111197)(<8379.750977, 7.946721, 13325.362305>) requested data for lock!
[16:18:04] Player (Paul , 76561198121111197)(<8380.378906, 7.653080, 13333.331055>) requested data for lock!
[16:18:04] Player (Paul , 76561198121111197)(<8331.406250, 4.526347, 13397.776367>) requested data for lock!
[16:18:04] Player (Paul , 76561198121111197)(<8397.013672, 7.946721, 13322.198242>) requested data for lock!
[16:18:04] Player (Paul , 76561198121111197)(<8408.395508, 7.512086, 13296.108398>) requested data for lock!
[16:18:04] Player (Paul , 76561198121111197)(<8362.387695, 6.272520, 13321.798828>) requested data for lock!
[16:18:04] Player (Paul , 76561198121111197)(<8324.177734, 4.692781, 13393.307617>) requested data for lock!
[16:18:04] Player (Paul , 76561198121111197)(<8750.256836, 7.552526, 13352.041016>) requested data for lock!
[16:18:04] Player (Paul , 76561198121111197)(<9383.207031, 22.859116, 14609.377930>) requested data for lock!
[16:18:04] Player (Paul , 76561198121111197)(<8413.142578, 7.195306, 13326.759766>) requested data for lock!
[16:18:04] Player (Paul , 76561198121111197)(<8759.612305, 2.287070, 13411.387695>) requested data for lock!
[16:18:04] Player (Paul , 76561198121111197)(<8757.916016, 1.781632, 13420.259766>) requested data for lock!
[16:18:14] Player (KOG, 76561198104966670)(<8379.750977, 7.946721, 13325.362305>) requested data for lock!
[16:18:14] Player (KOG, 76561198104966670)(<8380.378906, 7.653080, 13333.331055>) requested data for lock!
[16:18:14] Player (KOG, 76561198104966670)(<8331.406250, 4.526347, 13397.776367>) requested data for lock!
[16:18:21] Player (KOG, 76561198104966670)(<8397.013672, 7.946721, 13322.198242>) requested data for lock!
[16:18:23] Player (KOG, 76561198104966670)(<8408.395508, 7.512086, 13296.108398>) requested data for lock!
[16:18:23] Player (KOG, 76561198104966670)(<8362.387695, 6.272520, 13321.798828>) requested data for lock!
[16:18:23] Player (KOG, 76561198104966670)(<8324.177734, 4.692781, 13393.307617>) requested data for lock!
[16:18:24] Player (KOG, 76561198104966670)(<8750.256836, 7.552526, 13352.041016>) requested data for lock!
[16:18:24] Player (KOG, 76561198104966670)(<9383.207031, 22.859116, 14609.377930>) requested data for lock!
[16:18:25] Player (KOG, 76561198104966670)(<8413.142578, 7.195306, 13326.759766>) requested data for lock!
[16:18:26] Player (KOG, 76561198104966670)(<8759.612305, 2.287070, 13411.387695>) requested data for lock!
[16:18:26] Player (KOG, 76561198104966670)(<8757.916016, 1.781632, 13420.259766>) requested data for lock!
[16:19:02] Player (Lando, 76561199365795662)(<6564.862305, 18.293474, 6337.749023>) requested data for lock!
[16:19:02] Player (Lando, 76561199365795662)(<6589.368652, 16.570129, 6349.549316>) requested data for lock!
[16:20:39] Player (DnWings, 76561198090803986)(<8379.750977, 7.946721, 13325.362305>) requested data for lock!
[16:20:39] Player (DnWings, 76561198090803986)(<8380.378906, 7.653080, 13333.331055>) requested data for lock!
[16:20:39] Player (DnWings, 76561198090803986)(<8331.406250, 4.526347, 13397.776367>) requested data for lock!
[16:22:55] Player (DnWings, 76561198090803986)(<8379.750977, 7.946721, 13325.362305>) requested data for lock!
[16:22:55] Player (DnWings, 76561198090803986)(<8380.378906, 7.653080, 13333.331055>) requested data for lock!
[16:22:55] Player (DnWings, 76561198090803986)(<8331.406250, 4.526347, 13397.776367>) requested data for lock!
[16:23:01] Player (DnWings, 76561198090803986)(<8397.013672, 7.946721, 13322.198242>) requested data for lock!
[16:23:02] Player (DnWings, 76561198090803986)(<8408.395508, 7.512086, 13296.108398>) requested data for lock!
[16:23:02] Player (DnWings, 76561198090803986)(<8362.387695, 6.272520, 13321.798828>) requested data for lock!
[16:23:02] Player (DnWings, 76561198090803986)(<8324.177734, 4.692781, 13393.307617>) requested data for lock!
[16:23:03] Player (DnWings, 76561198090803986)(<8750.256836, 7.552526, 13352.041016>) requested data for lock!
[16:23:03] Player (DnWings, 76561198090803986)(<9383.207031, 22.859116, 14609.377930>) requested data for lock!
[16:23:04] Player (DnWings, 76561198090803986)(<8413.142578, 7.195306, 13326.759766>) requested data for lock!
[16:23:06] Player (DnWings, 76561198090803986)(<8759.612305, 2.287070, 13411.387695>) requested data for lock!
[16:23:06] Player (DnWings, 76561198090803986)(<8757.916016, 1.781632, 13420.259766>) requested data for lock!
[16:25:44] Player (Lando, 76561199365795662)(<7160.621582, 44.918964, 4774.790039>) requested data for lock!
[16:39:36] Player (Paul , 76561198121111197)(<8379.750977, 7.946721, 13325.362305>) requested data for lock!
[16:39:36] Player (Paul , 76561198121111197)(<8380.378906, 7.653080, 13333.331055>) requested data for lock!
[16:39:36] Player (Paul , 76561198121111197)(<8331.406250, 4.526347, 13397.776367>) requested data for lock!
[16:39:36] Player (Paul , 76561198121111197)(<8397.013672, 7.946721, 13322.198242>) requested data for lock!
[16:39:36] Player (Paul , 76561198121111197)(<8408.395508, 7.512086, 13296.108398>) requested data for lock!
[16:39:36] Player (Paul , 76561198121111197)(<8362.387695, 6.272520, 13321.798828>) requested data for lock!
[16:39:36] Player (Paul , 76561198121111197)(<8324.177734, 4.692781, 13393.307617>) requested data for lock!
[16:39:36] Player (Paul , 76561198121111197)(<8750.256836, 7.552526, 13352.041016>) requested data for lock!
[16:39:36] Player (Paul , 76561198121111197)(<9383.207031, 22.859116, 14609.377930>) requested data for lock!
[16:39:36] Player (Paul , 76561198121111197)(<8413.142578, 7.195306, 13326.759766>) requested data for lock!
[16:39:36] Player (Paul , 76561198121111197)(<8759.612305, 2.287070, 13411.387695>) requested data for lock!
[16:39:36] Player (Paul , 76561198121111197)(<8757.916016, 1.781632, 13420.259766>) requested data for lock!
[16:44:46] Player (DnWings, 76561198090803986)(<8475.622070, 13.918887, 9141.336914>) requested data for lock!
[16:44:46] Player (Paul , 76561198121111197)(<8475.622070, 13.918887, 9141.336914>) requested data for lock!
[16:46:10] Player (DnWings, 76561198090803986)(<7865.928223, 51.188229, 8107.366699>) requested data for lock!
[16:46:10] Player (Paul , 76561198121111197)(<7865.928223, 51.188229, 8107.366699>) requested data for lock!
[16:47:15] Player (DnWings, 76561198090803986)(<5725.508789, 15.922175, 8246.489258>) requested data for lock!
[16:47:15] Player (Paul , 76561198121111197)(<5725.508789, 15.922175, 8246.489258>) requested data for lock!
[16:47:15] Player (DnWings, 76561198090803986)(<5706.512695, 15.922305, 8234.311523>) requested data for lock!
[16:47:15] Player (Paul , 76561198121111197)(<5706.512695, 15.922305, 8234.311523>) requested data for lock!
[16:51:24] Player (owl, 76561198143985310)(<8379.750977, 7.946721, 13325.362305>) requested data for lock!
[16:51:24] Player (owl, 76561198143985310)(<8380.378906, 7.653080, 13333.331055>) requested data for lock!
[16:51:24] Player (owl, 76561198143985310)(<8331.406250, 4.526347, 13397.776367>) requested data for lock!
[16:51:28] Player (owl, 76561198143985310)(<8397.013672, 7.946721, 13322.198242>) requested data for lock!
[16:51:29] Player (owl, 76561198143985310)(<8408.395508, 7.512086, 13296.108398>) requested data for lock!
[16:51:29] Player (owl, 76561198143985310)(<8362.387695, 6.272520, 13321.798828>) requested data for lock!
[16:51:29] Player (owl, 76561198143985310)(<8324.177734, 4.692781, 13393.307617>) requested data for lock!
[16:51:30] Player (owl, 76561198143985310)(<8750.256836, 7.552526, 13352.041016>) requested data for lock!
[16:51:30] Player (owl, 76561198143985310)(<9383.207031, 22.859116, 14609.377930>) requested data for lock!
[16:51:31] Player (owl, 76561198143985310)(<8413.142578, 7.195306, 13326.759766>) requested data for lock!
[16:51:33] Player (owl, 76561198143985310)(<8759.612305, 2.287070, 13411.387695>) requested data for lock!
[16:51:33] Player (owl, 76561198143985310)(<8757.916016, 1.781632, 13420.259766>) requested data for lock!
[16:59:10] Player (Lando, 76561199365795662)(<7160.621582, 44.918964, 4774.790039>) requested data for lock!
[17:11:04] Player (Paul , 76561198121111197)(<8324.177734, 4.692781, 13393.307617>) requested data for lock!
[17:11:04] Player (Paul , 76561198121111197)(<8331.406250, 4.526347, 13397.776367>) requested data for lock!
[17:11:04] Player (DnWings, 76561198090803986)(<8324.177734, 4.692781, 13393.307617>) requested data for lock!
[17:11:05] Player (DnWings, 76561198090803986)(<8331.406250, 4.526347, 13397.776367>) requested data for lock!
[17:11:06] Player (Paul , 76561198121111197)(<8362.387695, 6.272520, 13321.798828>) requested data for lock!
[17:11:07] Player (DnWings, 76561198090803986)(<8362.387695, 6.272520, 13321.798828>) requested data for lock!
[17:11:07] Player (Paul , 76561198121111197)(<8379.750977, 7.946721, 13325.362305>) requested data for lock!
[17:11:07] Player (Paul , 76561198121111197)(<8380.378906, 7.653080, 13333.331055>) requested data for lock!
[17:11:08] Player (DnWings, 76561198090803986)(<8379.750977, 7.946721, 13325.362305>) requested data for lock!
[17:11:08] Player (DnWings, 76561198090803986)(<8380.378906, 7.653080, 13333.331055>) requested data for lock!
[17:11:08] Player (Paul , 76561198121111197)(<8397.013672, 7.946721, 13322.198242>) requested data for lock!
[17:11:09] Player (DnWings, 76561198090803986)(<8397.013672, 7.946721, 13322.198242>) requested data for lock!
[17:11:09] Player (DnWings, 76561198090803986)(<8408.395508, 7.512086, 13296.108398>) requested data for lock!
[17:11:11] Player (Paul , 76561198121111197)(<8408.395508, 7.512086, 13296.108398>) requested data for lock!
[17:11:11] Player (Paul , 76561198121111197)(<8413.142578, 7.195306, 13326.759766>) requested data for lock!
[17:11:12] Player (DnWings, 76561198090803986)(<8413.142578, 7.195306, 13326.759766>) requested data for lock!
[17:11:27] Player (DnWings, 76561198090803986)(<8750.256836, 7.552526, 13352.041016>) requested data for lock!
[17:11:27] Player (DnWings, 76561198090803986)(<8757.916016, 1.781632, 13420.259766>) requested data for lock!
[17:11:27] Player (DnWings, 76561198090803986)(<8759.612305, 2.287070, 13411.387695>) requested data for lock!
[17:11:28] Player (Paul , 76561198121111197)(<8750.256836, 7.552526, 13352.041016>) requested data for lock!
[17:11:28] Player (Paul , 76561198121111197)(<8759.612305, 2.287070, 13411.387695>) requested data for lock!
[17:11:28] Player (Paul , 76561198121111197)(<8757.916016, 1.781632, 13420.259766>) requested data for lock!
[17:11:58] Player (DnWings, 76561198090803986)(<9383.207031, 22.859116, 14609.377930>) requested data for lock!
[17:12:03] Player (Paul , 76561198121111197)(<9383.207031, 22.859116, 14609.377930>) requested data for lock!
[17:12:12] Player (DnWings, 76561198090803986)(<9208.861328, 37.740070, 14952.479492>) requested data for lock!
[17:12:12] Player (Paul , 76561198121111197)(<9208.861328, 37.740070, 14952.479492>) requested data for lock!
[17:15:19] Player (DnWings, 76561198090803986)(<8750.256836, 7.552526, 13352.041016>) requested data for lock!
[17:15:20] Player (owl, 76561198143985310)(<8750.256836, 7.552526, 13352.041016>) requested data for lock!
[17:15:21] Player (DnWings, 76561198090803986)(<8759.612305, 2.287070, 13411.387695>) requested data for lock!
[17:15:21] Player (DnWings, 76561198090803986)(<8757.916016, 1.781632, 13420.259766>) requested data for lock!
[17:15:21] Player (owl, 76561198143985310)(<8759.612305, 2.287070, 13411.387695>) requested data for lock!
[17:15:21] Player (owl, 76561198143985310)(<8757.916016, 1.781632, 13420.259766>) requested data for lock!
[17:15:30] Player (DnWings, 76561198090803986)(<8408.395508, 7.512086, 13296.108398>) requested data for lock!
[17:15:30] Player (owl, 76561198143985310)(<8408.395508, 7.512086, 13296.108398>) requested data for lock!
[17:15:30] Player (DnWings, 76561198090803986)(<8413.142578, 7.195306, 13326.759766>) requested data for lock!
[17:15:31] Player (owl, 76561198143985310)(<8413.142578, 7.195306, 13326.759766>) requested data for lock!
[17:15:32] Player (DnWings, 76561198090803986)(<8379.750977, 7.946721, 13325.362305>) requested data for lock!
[17:15:32] Player (DnWings, 76561198090803986)(<8380.378906, 7.653080, 13333.331055>) requested data for lock!
[17:15:33] Player (DnWings, 76561198090803986)(<8397.013672, 7.946721, 13322.198242>) requested data for lock!
[17:15:33] Player (DnWings, 76561198090803986)(<8362.387695, 6.272520, 13321.798828>) requested data for lock!
[17:15:33] Player (owl, 76561198143985310)(<8379.750977, 7.946721, 13325.362305>) requested data for lock!
[17:15:34] Player (owl, 76561198143985310)(<8380.378906, 7.653080, 13333.331055>) requested data for lock!
[17:15:34] Player (DnWings, 76561198090803986)(<8331.406250, 4.526347, 13397.776367>) requested data for lock!
[17:15:34] Player (DnWings, 76561198090803986)(<8324.177734, 4.692781, 13393.307617>) requested data for lock!
[17:15:34] Player (owl, 76561198143985310)(<8331.406250, 4.526347, 13397.776367>) requested data for lock!
[17:15:35] Player (owl, 76561198143985310)(<8397.013672, 7.946721, 13322.198242>) requested data for lock!
[17:15:35] Player (owl, 76561198143985310)(<8362.387695, 6.272520, 13321.798828>) requested data for lock!
[17:15:35] Player (owl, 76561198143985310)(<8324.177734, 4.692781, 13393.307617>) requested data for lock!
[17:16:09] Player (owl, 76561198143985310)(<9383.207031, 22.859116, 14609.377930>) requested data for lock!
[17:16:09] Player (DnWings, 76561198090803986)(<9383.207031, 22.859116, 14609.377930>) requested data for lock!
[17:46:08] Player (Aerym, 76561198019941737)(<7865.928223, 51.188229, 8107.366699>) requested data for lock!
[17:46:08] Player (Aerym, 76561198019941737)(<8475.622070, 13.918887, 9141.336914>) requested data for lock!
[17:58:39] Player (DnWings, 76561198090803986)(<9208.861328, 37.740070, 14952.479492>) requested data for lock!
[17:58:40] Player (Paul , 76561198121111197)(<9208.861328, 37.740070, 14952.479492>) requested data for lock!
[17:58:40] Player (owl, 76561198143985310)(<9208.861328, 37.740070, 14952.479492>) requested data for lock!
[18:07:43] Player (Aerym, 76561198019941737)(<8475.622070, 13.918887, 9141.336914>) requested data for lock!
[18:23:42] Player (Kame, 76561199372146202)(<5725.508789, 15.922175, 8246.489258>) requested data for lock!
[18:23:42] Player (Kame, 76561199372146202)(<5706.512695, 15.922305, 8234.311523>) requested data for lock!
[18:51:06] Player (DnWings, 76561198090803986)(<9208.861328, 37.740070, 14952.479492>) requested data for lock!
[18:51:07] Player (DnWings, 76561198090803986)(<9383.207031, 22.859116, 14609.377930>) requested data for lock!
[19:04:46] Player (Kame, 76561199372146202)(<5725.508789, 15.922175, 8246.489258>) requested data for lock!
[19:04:46] Player (Kame, 76561199372146202)(<5706.512695, 15.922305, 8234.311523>) requested data for lock!
[19:13:56] Player (Paul , 76561198121111197)(<9208.861328, 37.740070, 14952.479492>) requested data for lock!
[19:13:57] Player (Paul , 76561198121111197)(<9383.207031, 22.859116, 14609.377930>) requested data for lock!
[19:19:48] Player (Kame, 76561199372146202)(<5725.508789, 15.922175, 8246.489258>) requested data for lock!
[19:19:48] Player (Kame, 76561199372146202)(<5706.512695, 15.922305, 8234.311523>) requested data for lock!
[19:21:18] Player (KOG, 76561198104966670)(<8379.750977, 7.946721, 13325.362305>) requested data for lock!
[19:21:18] Player (KOG, 76561198104966670)(<8380.378906, 7.653080, 13333.331055>) requested data for lock!
[19:21:18] Player (KOG, 76561198104966670)(<8331.406250, 4.526347, 13397.776367>) requested data for lock!
[19:21:18] Player (KOG, 76561198104966670)(<8397.013672, 7.946721, 13322.198242>) requested data for lock!
[19:21:19] Player (KOG, 76561198104966670)(<8408.395508, 7.512086, 13296.108398>) requested data for lock!
[19:21:20] Player (KOG, 76561198104966670)(<8362.387695, 6.272520, 13321.798828>) requested data for lock!
[19:21:20] Player (KOG, 76561198104966670)(<8324.177734, 4.692781, 13393.307617>) requested data for lock!
[19:21:23] Player (KOG, 76561198104966670)(<8750.256836, 7.552526, 13352.041016>) requested data for lock!
[19:21:23] Player (KOG, 76561198104966670)(<9383.207031, 22.859116, 14609.377930>) requested data for lock!
[19:21:24] Player (KOG, 76561198104966670)(<8413.142578, 7.195306, 13326.759766>) requested data for lock!
[19:21:25] Player (KOG, 76561198104966670)(<8759.612305, 2.287070, 13411.387695>) requested data for lock!
[19:21:25] Player (KOG, 76561198104966670)(<8757.916016, 1.781632, 13420.259766>) requested data for lock!
[19:24:05] Player (KOG, 76561198104966670)(<9208.861328, 37.740070, 14952.479492>) requested data for lock!
[19:25:17] Player (Kame, 76561199372146202)(<5725.508789, 15.922175, 8246.489258>) requested data for lock!
[19:25:17] Player (Kame, 76561199372146202)(<5706.512695, 15.922305, 8234.311523>) requested data for lock!
[19:25:21] Player (owl, 76561198143985310)(<9208.861328, 37.740070, 14952.479492>) requested data for lock!
[19:25:22] Player (owl, 76561198143985310)(<9383.207031, 22.859116, 14609.377930>) requested data for lock!
[19:32:16] Player (Lando, 76561199365795662)(<7160.621582, 44.918964, 4774.790039>) requested data for lock!
[19:33:26] Player (Lando, 76561199365795662)(<7160.621582, 44.918964, 4774.790039>) requested data for lock!
[19:41:09] Player (Kame, 76561199372146202)(<5725.508789, 15.922175, 8246.489258>) requested data for lock!
[19:41:09] Player (Kame, 76561199372146202)(<5706.512695, 15.922305, 8234.311523>) requested data for lock!
[19:50:48] Player (KOG, 76561198104966670)(<8757.916016, 1.781632, 13420.259766>) requested data for lock!
[19:50:49] Player (Paul , 76561198121111197)(<8757.916016, 1.781632, 13420.259766>) requested data for lock!
[19:50:51] Player (owl, 76561198143985310)(<8757.916016, 1.781632, 13420.259766>) requested data for lock!
[19:50:52] Player (KOG, 76561198104966670)(<8759.612305, 2.287070, 13411.387695>) requested data for lock!
[19:50:53] Player (Paul , 76561198121111197)(<8759.612305, 2.287070, 13411.387695>) requested data for lock!
[19:50:54] Player (DnWings, 76561198090803986)(<8757.916016, 1.781632, 13420.259766>) requested data for lock!
[19:50:55] Player (owl, 76561198143985310)(<8759.612305, 2.287070, 13411.387695>) requested data for lock!
[19:50:58] Player (DnWings, 76561198090803986)(<8759.612305, 2.287070, 13411.387695>) requested data for lock!
[19:52:07] Player (DnWings, 76561198090803986)(<8331.406250, 4.526347, 13397.776367>) requested data for lock!
[19:52:07] Player (KOG, 76561198104966670)(<8331.406250, 4.526347, 13397.776367>) requested data for lock!
[19:52:08] Player (DnWings, 76561198090803986)(<8324.177734, 4.692781, 13393.307617>) requested data for lock!
[19:52:08] Player (KOG, 76561198104966670)(<8324.177734, 4.692781, 13393.307617>) requested data for lock!
[19:52:13] Player (DnWings, 76561198090803986)(<8750.256836, 7.552526, 13352.041016>) requested data for lock!
[19:52:13] Player (KOG, 76561198104966670)(<8750.256836, 7.552526, 13352.041016>) requested data for lock!
[19:52:14] Player (DnWings, 76561198090803986)(<8380.378906, 7.653080, 13333.331055>) requested data for lock!
[19:52:15] Player (KOG, 76561198104966670)(<8380.378906, 7.653080, 13333.331055>) requested data for lock!
[19:52:16] Player (DnWings, 76561198090803986)(<8379.750977, 7.946721, 13325.362305>) requested data for lock!
[19:52:17] Player (KOG, 76561198104966670)(<8379.750977, 7.946721, 13325.362305>) requested data for lock!
[19:52:17] Player (DnWings, 76561198090803986)(<8397.013672, 7.946721, 13322.198242>) requested data for lock!
[19:52:17] Player (DnWings, 76561198090803986)(<8362.387695, 6.272520, 13321.798828>) requested data for lock!
[19:52:18] Player (KOG, 76561198104966670)(<8397.013672, 7.946721, 13322.198242>) requested data for lock!
[19:52:18] Player (KOG, 76561198104966670)(<8362.387695, 6.272520, 13321.798828>) requested data for lock!
[19:52:18] Player (DnWings, 76561198090803986)(<8413.142578, 7.195306, 13326.759766>) requested data for lock!
[19:52:19] Player (KOG, 76561198104966670)(<8413.142578, 7.195306, 13326.759766>) requested data for lock!
[19:52:20] Player (DnWings, 76561198090803986)(<8408.395508, 7.512086, 13296.108398>) requested data for lock!
[19:52:21] Player (KOG, 76561198104966670)(<8408.395508, 7.512086, 13296.108398>) requested data for lock!
[19:52:21] Player (Paul , 76561198121111197)(<8331.406250, 4.526347, 13397.776367>) requested data for lock!
[19:52:21] Player (owl, 76561198143985310)(<8331.406250, 4.526347, 13397.776367>) requested data for lock!
[19:52:23] Player (Paul , 76561198121111197)(<8324.177734, 4.692781, 13393.307617>) requested data for lock!
[19:52:23] Player (owl, 76561198143985310)(<8324.177734, 4.692781, 13393.307617>) requested data for lock!
[19:52:27] Player (Paul , 76561198121111197)(<8750.256836, 7.552526, 13352.041016>) requested data for lock!
[19:52:27] Player (owl, 76561198143985310)(<8750.256836, 7.552526, 13352.041016>) requested data for lock!
[19:52:28] Player (Paul , 76561198121111197)(<8380.378906, 7.653080, 13333.331055>) requested data for lock!
[19:52:28] Player (owl, 76561198143985310)(<8379.750977, 7.946721, 13325.362305>) requested data for lock!
[19:52:29] Player (owl, 76561198143985310)(<8380.378906, 7.653080, 13333.331055>) requested data for lock!
[19:52:30] Player (owl, 76561198143985310)(<8413.142578, 7.195306, 13326.759766>) requested data for lock!
[19:52:30] Player (Paul , 76561198121111197)(<8379.750977, 7.946721, 13325.362305>) requested data for lock!
[19:52:31] Player (Paul , 76561198121111197)(<8397.013672, 7.946721, 13322.198242>) requested data for lock!
[19:52:32] Player (Paul , 76561198121111197)(<8362.387695, 6.272520, 13321.798828>) requested data for lock!
[19:52:32] Player (owl, 76561198143985310)(<8397.013672, 7.946721, 13322.198242>) requested data for lock!
[19:52:32] Player (owl, 76561198143985310)(<8408.395508, 7.512086, 13296.108398>) requested data for lock!
[19:52:32] Player (owl, 76561198143985310)(<8362.387695, 6.272520, 13321.798828>) requested data for lock!
[19:52:32] Player (Paul , 76561198121111197)(<8413.142578, 7.195306, 13326.759766>) requested data for lock!
[19:52:34] Player (Paul , 76561198121111197)(<8408.395508, 7.512086, 13296.108398>) requested data for lock!
[20:13:16] Player (KOG, 76561198104966670)(<8382.319336, 7.211427, 13316.020508>) requested data for lock!
[20:13:16] Player (Paul , 76561198121111197)(<8382.319336, 7.211427, 13316.020508>) requested data for lock!
[20:13:16] Player (DnWings, 76561198090803986)(<8382.319336, 7.211427, 13316.020508>) requested data for lock!
[20:13:19] Player (KOG, 76561198104966670)(<8385.982422, 7.082910, 13318.289063>) requested data for lock!
[20:13:19] Player (DnWings, 76561198090803986)(<8385.982422, 7.082910, 13318.289063>) requested data for lock!
[20:13:19] Player (Paul , 76561198121111197)(<8385.982422, 7.082910, 13318.289063>) requested data for lock!
[20:13:21] Player (KOG, 76561198104966670)(<8387.232422, 7.082910, 13316.241211>) requested data for lock!
[20:13:21] Player (DnWings, 76561198090803986)(<8387.232422, 7.082910, 13316.241211>) requested data for lock!
[20:13:21] Player (Paul , 76561198121111197)(<8387.232422, 7.082910, 13316.241211>) requested data for lock!
[20:33:24] Player (Paul , 76561198121111197)(<8324.177734, 4.692781, 13393.307617>) requested data for lock!
[20:33:25] Player (Paul , 76561198121111197)(<8331.406250, 4.526347, 13397.776367>) requested data for lock!
[20:33:30] Player (Paul , 76561198121111197)(<8362.387695, 6.272520, 13321.798828>) requested data for lock!
[20:33:31] Player (Paul , 76561198121111197)(<8379.750977, 7.946721, 13325.362305>) requested data for lock!
[20:33:31] Player (Paul , 76561198121111197)(<8380.378906, 7.653080, 13333.331055>) requested data for lock!
[20:33:35] Player (Paul , 76561198121111197)(<8397.013672, 7.946721, 13322.198242>) requested data for lock!
[20:33:37] Player (Paul , 76561198121111197)(<8408.395508, 7.512086, 13296.108398>) requested data for lock!
[20:33:38] Player (Paul , 76561198121111197)(<8413.142578, 7.195306, 13326.759766>) requested data for lock!
[20:34:51] Player (Paul , 76561198121111197)(<8750.256836, 7.552526, 13352.041016>) requested data for lock!
[20:34:51] Player (Paul , 76561198121111197)(<8757.916016, 1.781632, 13420.259766>) requested data for lock!
[20:34:52] Player (Paul , 76561198121111197)(<8759.612305, 2.287070, 13411.387695>) requested data for lock!
[20:42:00] Player (Paul , 76561198121111197)(<8382.319336, 7.211427, 13316.020508>) requested data for lock!
[20:42:03] Player (Paul , 76561198121111197)(<8385.982422, 7.082910, 13318.289063>) requested data for lock!
[20:42:05] Player (Paul , 76561198121111197)(<8387.232422, 7.082910, 13316.241211>) requested data for lock!
[20:42:51] Player (Paul , 76561198121111197)(<9383.207031, 22.859116, 14609.377930>) requested data for lock!
[20:45:08] Player (Paul , 76561198121111197)(<8382.319336, 7.211427, 13316.020508>) requested data for lock!
[20:45:09] Player (Paul , 76561198121111197)(<8385.982422, 7.082910, 13318.289063>) requested data for lock!
[20:45:09] Player (Paul , 76561198121111197)(<8387.232422, 7.082910, 13316.241211>) requested data for lock!
[20:54:30] Player (Paul , 76561198121111197)(<5725.508789, 15.922175, 8246.489258>) requested data for lock!
[20:54:36] Player (Paul , 76561198121111197)(<5706.512695, 15.922305, 8234.311523>) requested data for lock!
[20:57:27] Player (Lando, 76561199365795662)(<7160.621582, 44.918964, 4774.790039>) requested data for lock!
[20:58:11] Player (DnWings, 76561198090803986)(<5725.508789, 15.922175, 8246.489258>) requested data for lock!
[20:58:12] Player (KOG, 76561198104966670)(<5725.508789, 15.922175, 8246.489258>) requested data for lock!
[20:58:17] Player (DnWings, 76561198090803986)(<5706.512695, 15.922305, 8234.311523>) requested data for lock!
[20:58:18] Player (KOG, 76561198104966670)(<5706.512695, 15.922305, 8234.311523>) requested data for lock!
[20:58:26] Player (Paul , 76561198121111197)(<5725.508789, 15.922175, 8246.489258>) requested data for lock!
[20:58:26] Player (Paul , 76561198121111197)(<5706.512695, 15.922305, 8234.311523>) requested data for lock!
[20:59:39] Player (exact, 76561199718636855)(<8475.622070, 13.918887, 9141.336914>) requested data for lock!
[21:00:39] Player (exact, 76561199718636855)(<8475.622070, 13.918887, 9141.336914>) requested data for lock!
[21:24:45] Player (Paul , 76561198121111197)(<7865.928223, 51.188229, 8107.366699>) requested data for lock!
[21:25:07] Player (Paul , 76561198121111197)(<8475.622070, 13.918887, 9141.336914>) requested data for lock!
[21:28:32] Player (KOG, 76561198104966670)(<7865.928223, 51.188229, 8107.366699>) requested data for lock!
[21:28:33] Player (DnWings, 76561198090803986)(<7865.928223, 51.188229, 8107.366699>) requested data for lock!
[21:28:54] Player (DnWings, 76561198090803986)(<8475.622070, 13.918887, 9141.336914>) requested data for lock!
[21:28:54] Player (KOG, 76561198104966670)(<8475.622070, 13.918887, 9141.336914>) requested data for lock!
[21:34:03] Player (Paul , 76561198121111197)(<8750.256836, 7.552526, 13352.041016>) requested data for lock!
[21:34:03] Player (Paul , 76561198121111197)(<8759.612305, 2.287070, 13411.387695>) requested data for lock!
[21:34:03] Player (Paul , 76561198121111197)(<8757.916016, 1.781632, 13420.259766>) requested data for lock!
[21:34:11] Player (Paul , 76561198121111197)(<8408.395508, 7.512086, 13296.108398>) requested data for lock!
[21:34:12] Player (Paul , 76561198121111197)(<8413.142578, 7.195306, 13326.759766>) requested data for lock!
[21:34:14] Player (Paul , 76561198121111197)(<8379.750977, 7.946721, 13325.362305>) requested data for lock!
[21:34:14] Player (Paul , 76561198121111197)(<8380.378906, 7.653080, 13333.331055>) requested data for lock!
[21:34:15] Player (Paul , 76561198121111197)(<8397.013672, 7.946721, 13322.198242>) requested data for lock!
[21:34:15] Player (Paul , 76561198121111197)(<8362.387695, 6.272520, 13321.798828>) requested data for lock!
[21:34:17] Player (Paul , 76561198121111197)(<8331.406250, 4.526347, 13397.776367>) requested data for lock!
[21:34:17] Player (Paul , 76561198121111197)(<8324.177734, 4.692781, 13393.307617>) requested data for lock!
[21:37:31] Player (KOG, 76561198104966670)(<8750.256836, 7.552526, 13352.041016>) requested data for lock!
[21:37:31] Player (KOG, 76561198104966670)(<8759.612305, 2.287070, 13411.387695>) requested data for lock!
[21:37:31] Player (DnWings, 76561198090803986)(<8750.256836, 7.552526, 13352.041016>) requested data for lock!
[21:37:31] Player (KOG, 76561198104966670)(<8757.916016, 1.781632, 13420.259766>) requested data for lock!
[21:37:31] Player (DnWings, 76561198090803986)(<8759.612305, 2.287070, 13411.387695>) requested data for lock!
[21:37:31] Player (DnWings, 76561198090803986)(<8757.916016, 1.781632, 13420.259766>) requested data for lock!
[21:37:38] Player (Paul , 76561198121111197)(<9383.207031, 22.859116, 14609.377930>) requested data for lock!
[21:41:31] Player (KOG, 76561198104966670)(<8750.256836, 7.552526, 13352.041016>) requested data for lock!
[21:41:32] Player (DnWings, 76561198090803986)(<8750.256836, 7.552526, 13352.041016>) requested data for lock!
[21:41:32] Player (KOG, 76561198104966670)(<8759.612305, 2.287070, 13411.387695>) requested data for lock!
[21:41:32] Player (KOG, 76561198104966670)(<8757.916016, 1.781632, 13420.259766>) requested data for lock!
[21:41:32] Player (DnWings, 76561198090803986)(<8759.612305, 2.287070, 13411.387695>) requested data for lock!
[21:41:32] Player (DnWings, 76561198090803986)(<8757.916016, 1.781632, 13420.259766>) requested data for lock!
[21:44:13] Player (DnWings, 76561198090803986)(<8750.256836, 7.552526, 13352.041016>) requested data for lock!
[21:44:13] Player (KOG, 76561198104966670)(<8750.256836, 7.552526, 13352.041016>) requested data for lock!
[21:44:13] Player (KOG, 76561198104966670)(<8759.612305, 2.287070, 13411.387695>) requested data for lock!
[21:44:13] Player (KOG, 76561198104966670)(<8757.916016, 1.781632, 13420.259766>) requested data for lock!
[21:44:13] Player (DnWings, 76561198090803986)(<8759.612305, 2.287070, 13411.387695>) requested data for lock!
[21:44:13] Player (DnWings, 76561198090803986)(<8757.916016, 1.781632, 13420.259766>) requested data for lock!
[21:46:56] Player (KOG, 76561198104966670)(<8750.256836, 7.552526, 13352.041016>) requested data for lock!
[21:46:56] Player (DnWings, 76561198090803986)(<8750.256836, 7.552526, 13352.041016>) requested data for lock!
[21:46:57] Player (KOG, 76561198104966670)(<8759.612305, 2.287070, 13411.387695>) requested data for lock!
[21:46:57] Player (DnWings, 76561198090803986)(<8759.612305, 2.287070, 13411.387695>) requested data for lock!
[21:46:57] Player (DnWings, 76561198090803986)(<8757.916016, 1.781632, 13420.259766>) requested data for lock!
[21:46:57] Player (KOG, 76561198104966670)(<8757.916016, 1.781632, 13420.259766>) requested data for lock!
[21:49:34] Player (KOG, 76561198104966670)(<8750.256836, 7.552526, 13352.041016>) requested data for lock!
[21:49:34] Player (DnWings, 76561198090803986)(<8750.256836, 7.552526, 13352.041016>) requested data for lock!
[21:49:35] Player (DnWings, 76561198090803986)(<8759.612305, 2.287070, 13411.387695>) requested data for lock!
[21:49:35] Player (KOG, 76561198104966670)(<8759.612305, 2.287070, 13411.387695>) requested data for lock!
[21:49:35] Player (DnWings, 76561198090803986)(<8757.916016, 1.781632, 13420.259766>) requested data for lock!
[21:49:35] Player (KOG, 76561198104966670)(<8757.916016, 1.781632, 13420.259766>) requested data for lock!
[21:52:13] Player (DnWings, 76561198090803986)(<8750.256836, 7.552526, 13352.041016>) requested data for lock!
[21:52:14] Player (DnWings, 76561198090803986)(<8759.612305, 2.287070, 13411.387695>) requested data for lock!
[21:52:14] Player (KOG, 76561198104966670)(<8750.256836, 7.552526, 13352.041016>) requested data for lock!
[21:52:14] Player (KOG, 76561198104966670)(<8759.612305, 2.287070, 13411.387695>) requested data for lock!
[21:52:14] Player (DnWings, 76561198090803986)(<8757.916016, 1.781632, 13420.259766>) requested data for lock!
[21:52:14] Player (KOG, 76561198104966670)(<8757.916016, 1.781632, 13420.259766>) requested data for lock!
[21:55:38] Player (Paul , 76561198121111197)(<8379.750977, 7.946721, 13325.362305>) requested data for lock!
[21:55:38] Player (Paul , 76561198121111197)(<8380.378906, 7.653080, 13333.331055>) requested data for lock!
[21:55:38] Player (Paul , 76561198121111197)(<8331.406250, 4.526347, 13397.776367>) requested data for lock!
[21:55:38] Player (Paul , 76561198121111197)(<8397.013672, 7.946721, 13322.198242>) requested data for lock!
[21:55:38] Player (Paul , 76561198121111197)(<8408.395508, 7.512086, 13296.108398>) requested data for lock!
[21:55:38] Player (Paul , 76561198121111197)(<8362.387695, 6.272520, 13321.798828>) requested data for lock!
[21:55:38] Player (Paul , 76561198121111197)(<8324.177734, 4.692781, 13393.307617>) requested data for lock!
[21:55:38] Player (Paul , 76561198121111197)(<8750.256836, 7.552526, 13352.041016>) requested data for lock!
[21:55:38] Player (Paul , 76561198121111197)(<9383.207031, 22.859116, 14609.377930>) requested data for lock!
[21:55:38] Player (Paul , 76561198121111197)(<8413.142578, 7.195306, 13326.759766>) requested data for lock!
[21:55:38] Player (Paul , 76561198121111197)(<8759.612305, 2.287070, 13411.387695>) requested data for lock!
[21:55:38] Player (Paul , 76561198121111197)(<8757.916016, 1.781632, 13420.259766>) requested data for lock!
[08-03-2025][22.12.51] Log file reloaded ( Server Restart )
[22:16:54] Player (Kame, 76561199372146202)(<5725.508789, 15.922175, 8246.489258>) requested data for lock!
[22:16:54] Player (Kame, 76561199372146202)(<5706.512695, 15.922305, 8234.311523>) requested data for lock!
[22:19:28] Player (DnWings, 76561198090803986)(<8750.256836, 7.552526, 13352.041016>) requested data for lock!
[22:19:28] Player (KOG, 76561198104966670)(<8750.256836, 7.552526, 13352.041016>) requested data for lock!
[22:19:29] Player (DnWings, 76561198090803986)(<8759.612305, 2.287070, 13411.387695>) requested data for lock!
[22:19:29] Player (KOG, 76561198104966670)(<8759.612305, 2.287070, 13411.387695>) requested data for lock!
[22:19:29] Player (KOG, 76561198104966670)(<8757.916016, 1.781632, 13420.259766>) requested data for lock!
[22:19:30] Player (DnWings, 76561198090803986)(<8757.916016, 1.781632, 13420.259766>) requested data for lock!
[22:22:56] Player (KOG, 76561198104966670)(<8750.256836, 7.552526, 13352.041016>) requested data for lock!
[22:22:56] Player (DnWings, 76561198090803986)(<8750.256836, 7.552526, 13352.041016>) requested data for lock!
[22:22:57] Player (DnWings, 76561198090803986)(<8759.612305, 2.287070, 13411.387695>) requested data for lock!
[22:22:57] Player (DnWings, 76561198090803986)(<8757.916016, 1.781632, 13420.259766>) requested data for lock!
[22:22:57] Player (KOG, 76561198104966670)(<8759.612305, 2.287070, 13411.387695>) requested data for lock!
[22:22:58] Player (KOG, 76561198104966670)(<8757.916016, 1.781632, 13420.259766>) requested data for lock!
[22:23:03] Player (KOG, 76561198104966670)(<8408.395508, 7.512086, 13296.108398>) requested data for lock!
[22:23:03] Player (DnWings, 76561198090803986)(<8408.395508, 7.512086, 13296.108398>) requested data for lock!
[22:23:03] Player (KOG, 76561198104966670)(<8413.142578, 7.195306, 13326.759766>) requested data for lock!
[22:23:03] Player (DnWings, 76561198090803986)(<8413.142578, 7.195306, 13326.759766>) requested data for lock!
[22:23:05] Player (DnWings, 76561198090803986)(<8397.013672, 7.946721, 13322.198242>) requested data for lock!
[22:23:05] Player (KOG, 76561198104966670)(<8397.013672, 7.946721, 13322.198242>) requested data for lock!
[22:23:06] Player (DnWings, 76561198090803986)(<8380.378906, 7.653080, 13333.331055>) requested data for lock!
[22:23:06] Player (DnWings, 76561198090803986)(<8379.750977, 7.946721, 13325.362305>) requested data for lock!
[22:23:06] Player (KOG, 76561198104966670)(<8380.378906, 7.653080, 13333.331055>) requested data for lock!
[22:23:06] Player (DnWings, 76561198090803986)(<8324.177734, 4.692781, 13393.307617>) requested data for lock!
[22:23:06] Player (KOG, 76561198104966670)(<8379.750977, 7.946721, 13325.362305>) requested data for lock!
[22:23:06] Player (DnWings, 76561198090803986)(<8362.387695, 6.272520, 13321.798828>) requested data for lock!
[22:23:07] Player (DnWings, 76561198090803986)(<8331.406250, 4.526347, 13397.776367>) requested data for lock!
[22:23:07] Player (KOG, 76561198104966670)(<8324.177734, 4.692781, 13393.307617>) requested data for lock!
[22:23:07] Player (KOG, 76561198104966670)(<8362.387695, 6.272520, 13321.798828>) requested data for lock!
[22:23:08] Player (KOG, 76561198104966670)(<8331.406250, 4.526347, 13397.776367>) requested data for lock!
[22:27:24] Player (KOG, 76561198104966670)(<9383.207031, 22.859116, 14609.377930>) requested data for lock!
[22:29:20] Player (KOG, 76561198104966670)(<8413.142578, 7.195306, 13326.759766>) requested data for lock!
[22:29:20] Player (DnWings, 76561198090803986)(<8413.142578, 7.195306, 13326.759766>) requested data for lock!
[22:29:22] Player (DnWings, 76561198090803986)(<8397.013672, 7.946721, 13322.198242>) requested data for lock!
[22:29:23] Player (KOG, 76561198104966670)(<8397.013672, 7.946721, 13322.198242>) requested data for lock!
[22:29:23] Player (KOG, 76561198104966670)(<8380.378906, 7.653080, 13333.331055>) requested data for lock!
[22:29:23] Player (KOG, 76561198104966670)(<8379.750977, 7.946721, 13325.362305>) requested data for lock!
[22:29:24] Player (DnWings, 76561198090803986)(<8380.378906, 7.653080, 13333.331055>) requested data for lock!
[22:29:24] Player (DnWings, 76561198090803986)(<8379.750977, 7.946721, 13325.362305>) requested data for lock!
[22:29:24] Player (KOG, 76561198104966670)(<8362.387695, 6.272520, 13321.798828>) requested data for lock!
[22:29:24] Player (DnWings, 76561198090803986)(<8362.387695, 6.272520, 13321.798828>) requested data for lock!
[22:29:52] Player (KOG, 76561198104966670)(<8331.406250, 4.526347, 13397.776367>) requested data for lock!
[22:29:52] Player (DnWings, 76561198090803986)(<8331.406250, 4.526347, 13397.776367>) requested data for lock!
[22:29:52] Player (DnWings, 76561198090803986)(<8324.177734, 4.692781, 13393.307617>) requested data for lock!
[22:29:52] Player (KOG, 76561198104966670)(<8324.177734, 4.692781, 13393.307617>) requested data for lock!
[22:30:14] Player (Kame, 76561199372146202)(<5725.508789, 15.922175, 8246.489258>) requested data for lock!
[22:30:14] Player (Kame, 76561199372146202)(<5706.512695, 15.922305, 8234.311523>) requested data for lock!
[22:30:43] Player (DnWings, 76561198090803986)(<9383.207031, 22.859116, 14609.377930>) requested data for lock!
[22:30:44] Player (KOG, 76561198104966670)(<9383.207031, 22.859116, 14609.377930>) requested data for lock!
[22:48:52] Player (Paul , 76561198121111197)(<8759.612305, 2.287070, 13411.387695>) requested data for lock!
[22:48:52] Player (Paul , 76561198121111197)(<8397.013672, 7.946721, 13322.198242>) requested data for lock!
[22:48:52] Player (Paul , 76561198121111197)(<8380.378906, 7.653080, 13333.331055>) requested data for lock!
[22:48:52] Player (Paul , 76561198121111197)(<8750.256836, 7.552526, 13352.041016>) requested data for lock!
[22:48:52] Player (Paul , 76561198121111197)(<8413.142578, 7.195306, 13326.759766>) requested data for lock!
[22:48:52] Player (Paul , 76561198121111197)(<8379.750977, 7.946721, 13325.362305>) requested data for lock!
[22:48:52] Player (Paul , 76561198121111197)(<8757.916016, 1.781632, 13420.259766>) requested data for lock!
[22:48:52] Player (Paul , 76561198121111197)(<8324.177734, 4.692781, 13393.307617>) requested data for lock!
[22:48:52] Player (Paul , 76561198121111197)(<8362.387695, 6.272520, 13321.798828>) requested data for lock!
[22:48:52] Player (Paul , 76561198121111197)(<8408.395508, 7.512086, 13296.108398>) requested data for lock!
[22:48:52] Player (Paul , 76561198121111197)(<8331.406250, 4.526347, 13397.776367>) requested data for lock!
[22:48:52] Player (Paul , 76561198121111197)(<9383.207031, 22.859116, 14609.377930>) requested data for lock!
[23:01:10] Player (Paul , 76561198121111197)(<8382.319336, 7.211427, 13316.020508>) requested data for lock!
[23:01:10] Player (Paul , 76561198121111197)(<8385.982422, 7.082910, 13318.289063>) requested data for lock!
[23:01:11] Player (Paul , 76561198121111197)(<8387.232422, 7.082910, 13316.241211>) requested data for lock!
[23:01:17] Player (Paul , 76561198121111197)(<8382.319336, 7.211427, 13316.020508>) requested data for lock!
[23:02:08] Player (Paul , 76561198121111197)(<8387.232422, 7.082910, 13316.241211>) requested data for lock!
[23:02:10] Player (Paul , 76561198121111197)(<8382.319336, 7.211427, 13316.020508>) requested data for lock!
[23:02:11] Player (Paul , 76561198121111197)(<8385.982422, 7.082910, 13318.289063>) requested data for lock!
[23:02:27] Player (Paul , 76561198121111197)(<9383.207031, 22.859116, 14609.377930>) requested data for lock!
[23:03:31] Player (Paul , 76561198121111197)(<9383.207031, 22.859116, 14609.377930>) requested data for lock!
[23:03:42] Player (Paul , 76561198121111197)(<9383.207031, 22.859116, 14609.377930>) requested data for lock!
[23:05:37] Player (Paul , 76561198121111197)(<8382.319336, 7.211427, 13316.020508>) requested data for lock!
[23:05:38] Player (Paul , 76561198121111197)(<8385.982422, 7.082910, 13318.289063>) requested data for lock!
[23:05:40] Player (Paul , 76561198121111197)(<8387.232422, 7.082910, 13316.241211>) requested data for lock!
[23:07:48] Player (Paul , 76561198121111197)(<8382.319336, 7.211427, 13316.020508>) requested data for lock!
[23:07:48] Player (Paul , 76561198121111197)(<8385.982422, 7.082910, 13318.289063>) requested data for lock!
[23:07:48] Player (Paul , 76561198121111197)(<8387.232422, 7.082910, 13316.241211>) requested data for lock!
[23:09:38] Player (exact, 76561199718636855)(<8475.622070, 13.918887, 9141.336914>) requested data for lock!
[23:09:43] Player (Paul , 76561198121111197)(<9383.207031, 22.859116, 14609.377930>) requested data for lock!
[23:13:23] Player (exact, 76561199718636855)(<8475.622070, 13.918887, 9141.336914>) requested data for lock!
[23:50:47] Player (Paul , 76561198121111197)(<9208.861328, 37.740070, 14952.479492>) requested data for lock!
[00:13:20] Player (Nouvo, 76561198826221661)(<5725.508789, 15.922175, 8246.489258>) requested data for lock!
[00:13:20] Player (Nouvo, 76561198826221661)(<5706.512695, 15.922305, 8234.311523>) requested data for lock!
[00:33:36] Player (Kame, 76561199372146202)(<5725.508789, 15.922175, 8246.489258>) requested data for lock!
[00:33:36] Player (Kame, 76561199372146202)(<5706.512695, 15.922305, 8234.311523>) requested data for lock!
[00:49:43] Player (Paul , 76561198121111197)(<9208.861328, 37.740070, 14952.479492>) requested data for lock!
[00:49:43] Player (Paul , 76561198121111197)(<9383.207031, 22.859116, 14609.377930>) requested data for lock!
[02:03:08] Player (Nouvo, 76561198826221661)(<5725.508789, 15.922175, 8246.489258>) requested data for lock!
[02:03:08] Player (Nouvo, 76561198826221661)(<5706.512695, 15.922305, 8234.311523>) requested data for lock!
[02:25:29] Player (Nouvo, 76561198826221661)(<5725.508789, 15.922175, 8246.489258>) requested data for lock!
[02:25:29] Player (Nouvo, 76561198826221661)(<5706.512695, 15.922305, 8234.311523>) requested data for lock!
[03:05:25] Player (Nouvo, 76561198826221661)(<5725.508789, 15.922175, 8246.489258>) requested data for lock!
[03:05:25] Player (Nouvo, 76561198826221661)(<5706.512695, 15.922305, 8234.311523>) requested data for lock!
[03:22:02] Player (Nouvo, 76561198826221661)(<5725.508789, 15.922175, 8246.489258>) requested data for lock!
[03:22:02] Player (Nouvo, 76561198826221661)(<5706.512695, 15.922305, 8234.311523>) requested data for lock!
