[08-04-2025][04.12.55] New Synch Log File Created!
[04:14:52] Player (Nouvo, 76561198826221661)(<5725.508789, 15.922175, 8246.489258>) requested data for lock!
[04:14:52] Player (Nouvo, 76561198826221661)(<5706.512695, 15.922305, 8234.311523>) requested data for lock!
[04:41:24] Player (Nouvo, 76561198826221661)(<5725.508789, 15.922175, 8246.489258>) requested data for lock!
[04:41:24] Player (Nouvo, 76561198826221661)(<5706.512695, 15.922305, 8234.311523>) requested data for lock!
[04:47:24] Player (Nouvo, 76561198826221661)(<5725.508789, 15.922175, 8246.489258>) requested data for lock!
[04:47:24] Player (Nouvo, 76561198826221661)(<5706.512695, 15.922305, 8234.311523>) requested data for lock!
[05:28:07] Player (owl, 76561198143985310)(<8324.177734, 4.692781, 13393.307617>) requested data for lock!
[05:28:07] Player (owl, 76561198143985310)(<8362.387695, 6.272520, 13321.798828>) requested data for lock!
[05:28:07] Player (owl, 76561198143985310)(<8750.256836, 7.552526, 13352.041016>) requested data for lock!
[05:28:07] Player (owl, 76561198143985310)(<8380.378906, 7.653080, 13333.331055>) requested data for lock!
[05:28:07] Player (owl, 76561198143985310)(<9383.207031, 22.859116, 14609.377930>) requested data for lock!
[05:28:07] Player (owl, 76561198143985310)(<8379.750977, 7.946721, 13325.362305>) requested data for lock!
[05:28:07] Player (owl, 76561198143985310)(<8397.013672, 7.946721, 13322.198242>) requested data for lock!
[05:28:07] Player (owl, 76561198143985310)(<8331.406250, 4.526347, 13397.776367>) requested data for lock!
[05:28:07] Player (owl, 76561198143985310)(<8757.916016, 1.781632, 13420.259766>) requested data for lock!
[05:28:07] Player (owl, 76561198143985310)(<8413.142578, 7.195306, 13326.759766>) requested data for lock!
[05:28:07] Player (owl, 76561198143985310)(<8759.612305, 2.287070, 13411.387695>) requested data for lock!
[05:28:07] Player (owl, 76561198143985310)(<8408.395508, 7.512086, 13296.108398>) requested data for lock!
[06:29:45] Player (Paul , 76561198121111197)(<9383.207031, 22.859116, 14609.377930>) requested data for lock!
[06:29:45] Player (Paul , 76561198121111197)(<9208.861328, 37.740070, 14952.479492>) requested data for lock!
[07:57:37] Player (Paul , 76561198121111197)(<8757.916016, 1.781632, 13420.259766>) requested data for lock!
[07:57:40] Player (Paul , 76561198121111197)(<8759.612305, 2.287070, 13411.387695>) requested data for lock!
[07:57:55] Player (Paul , 76561198121111197)(<8750.256836, 7.552526, 13352.041016>) requested data for lock!
[07:57:55] Player (Paul , 76561198121111197)(<8331.406250, 4.526347, 13397.776367>) requested data for lock!
[07:57:57] Player (Paul , 76561198121111197)(<8324.177734, 4.692781, 13393.307617>) requested data for lock!
[07:58:00] Player (Paul , 76561198121111197)(<8380.378906, 7.653080, 13333.331055>) requested data for lock!
[07:58:01] Player (Paul , 76561198121111197)(<8413.142578, 7.195306, 13326.759766>) requested data for lock!
[07:58:02] Player (Paul , 76561198121111197)(<8379.750977, 7.946721, 13325.362305>) requested data for lock!
[07:58:02] Player (Paul , 76561198121111197)(<8397.013672, 7.946721, 13322.198242>) requested data for lock!
[07:58:04] Player (Paul , 76561198121111197)(<8362.387695, 6.272520, 13321.798828>) requested data for lock!
[07:58:06] Player (Paul , 76561198121111197)(<8408.395508, 7.512086, 13296.108398>) requested data for lock!
[08:01:02] Player (Paul , 76561198121111197)(<8362.387695, 6.272520, 13321.798828>) requested data for lock!
[08:01:02] Player (Paul , 76561198121111197)(<8379.750977, 7.946721, 13325.362305>) requested data for lock!
[08:01:03] Player (Paul , 76561198121111197)(<8397.013672, 7.946721, 13322.198242>) requested data for lock!
[08:01:06] Player (Paul , 76561198121111197)(<8408.395508, 7.512086, 13296.108398>) requested data for lock!
[08:44:39] Player (Paul , 76561198121111197)(<8475.622070, 13.918887, 9141.336914>) requested data for lock!
[08:57:27] Player (Paul , 76561198121111197)(<7865.928223, 51.188229, 8107.366699>) requested data for lock!
[09:04:20] Player (Paul , 76561198121111197)(<5725.508789, 15.922175, 8246.489258>) requested data for lock!
[09:04:23] Player (Paul , 76561198121111197)(<5706.512695, 15.922305, 8234.311523>) requested data for lock!
[09:29:38] Player (Paul , 76561198121111197)(<5725.508789, 15.922175, 8246.489258>) requested data for lock!
[09:29:38] Player (Paul , 76561198121111197)(<5706.512695, 15.922305, 8234.311523>) requested data for lock!
[09:50:37] Player (Paul , 76561198121111197)(<7865.928223, 51.188229, 8107.366699>) requested data for lock!
[09:52:59] Player (Paul , 76561198121111197)(<8475.622070, 13.918887, 9141.336914>) requested data for lock!
[09:57:11] Player (Paul , 76561198121111197)(<8750.256836, 7.552526, 13352.041016>) requested data for lock!
[09:57:13] Player (Paul , 76561198121111197)(<8757.916016, 1.781632, 13420.259766>) requested data for lock!
[09:57:13] Player (Paul , 76561198121111197)(<8759.612305, 2.287070, 13411.387695>) requested data for lock!
[09:57:20] Player (Paul , 76561198121111197)(<8408.395508, 7.512086, 13296.108398>) requested data for lock!
[09:57:20] Player (Paul , 76561198121111197)(<8413.142578, 7.195306, 13326.759766>) requested data for lock!
[09:57:22] Player (Paul , 76561198121111197)(<8362.387695, 6.272520, 13321.798828>) requested data for lock!
[09:57:23] Player (Paul , 76561198121111197)(<8380.378906, 7.653080, 13333.331055>) requested data for lock!
[09:57:23] Player (Paul , 76561198121111197)(<8379.750977, 7.946721, 13325.362305>) requested data for lock!
[09:57:24] Player (Paul , 76561198121111197)(<8397.013672, 7.946721, 13322.198242>) requested data for lock!
[09:57:24] Player (Paul , 76561198121111197)(<8331.406250, 4.526347, 13397.776367>) requested data for lock!
[09:57:26] Player (Paul , 76561198121111197)(<8324.177734, 4.692781, 13393.307617>) requested data for lock!
[09:57:55] Player (Paul , 76561198121111197)(<9383.207031, 22.859116, 14609.377930>) requested data for lock!
[08-04-2025][10.12.59] Log file reloaded ( Server Restart )
[10:25:53] Player (Paul , 76561198121111197)(<8759.612305, 2.287070, 13411.387695>) requested data for lock!
[10:25:53] Player (Paul , 76561198121111197)(<8757.916016, 1.781632, 13420.259766>) requested data for lock!
[10:25:53] Player (Paul , 76561198121111197)(<9383.207031, 22.859116, 14609.377930>) requested data for lock!
[10:25:53] Player (Paul , 76561198121111197)(<8750.256836, 7.552526, 13352.041016>) requested data for lock!
[10:25:53] Player (Paul , 76561198121111197)(<8380.378906, 7.653080, 13333.331055>) requested data for lock!
[10:25:53] Player (Paul , 76561198121111197)(<8413.142578, 7.195306, 13326.759766>) requested data for lock!
[10:25:53] Player (Paul , 76561198121111197)(<8408.395508, 7.512086, 13296.108398>) requested data for lock!
[10:25:53] Player (Paul , 76561198121111197)(<8397.013672, 7.946721, 13322.198242>) requested data for lock!
[10:25:53] Player (Paul , 76561198121111197)(<8362.387695, 6.272520, 13321.798828>) requested data for lock!
[10:25:53] Player (Paul , 76561198121111197)(<8379.750977, 7.946721, 13325.362305>) requested data for lock!
[10:25:53] Player (Paul , 76561198121111197)(<8324.177734, 4.692781, 13393.307617>) requested data for lock!
[10:25:53] Player (Paul , 76561198121111197)(<8331.406250, 4.526347, 13397.776367>) requested data for lock!
[11:09:20] Player (Paul , 76561198121111197)(<8759.612305, 2.287070, 13411.387695>) requested data for lock!
[11:09:20] Player (Paul , 76561198121111197)(<8757.916016, 1.781632, 13420.259766>) requested data for lock!
[11:09:20] Player (Paul , 76561198121111197)(<9383.207031, 22.859116, 14609.377930>) requested data for lock!
[11:09:20] Player (Paul , 76561198121111197)(<8750.256836, 7.552526, 13352.041016>) requested data for lock!
[11:09:20] Player (Paul , 76561198121111197)(<8380.378906, 7.653080, 13333.331055>) requested data for lock!
[11:09:20] Player (Paul , 76561198121111197)(<8413.142578, 7.195306, 13326.759766>) requested data for lock!
[11:09:20] Player (Paul , 76561198121111197)(<8408.395508, 7.512086, 13296.108398>) requested data for lock!
[11:09:20] Player (Paul , 76561198121111197)(<8397.013672, 7.946721, 13322.198242>) requested data for lock!
[11:09:20] Player (Paul , 76561198121111197)(<8362.387695, 6.272520, 13321.798828>) requested data for lock!
[11:09:20] Player (Paul , 76561198121111197)(<8379.750977, 7.946721, 13325.362305>) requested data for lock!
[11:09:20] Player (Paul , 76561198121111197)(<8324.177734, 4.692781, 13393.307617>) requested data for lock!
[11:09:20] Player (Paul , 76561198121111197)(<8331.406250, 4.526347, 13397.776367>) requested data for lock!
[11:18:16] Player (Paul , 76561198121111197)(<8413.142578, 7.195306, 13326.759766>) requested data for lock!
[11:18:20] Player (Paul , 76561198121111197)(<8413.142578, 7.195306, 13326.759766>) requested data for lock!
[11:18:22] Player (Paul , 76561198121111197)(<8397.013672, 7.946721, 13322.198242>) requested data for lock!
[11:18:24] Player (Paul , 76561198121111197)(<8380.378906, 7.653080, 13333.331055>) requested data for lock!
[11:18:24] Player (Paul , 76561198121111197)(<8379.750977, 7.946721, 13325.362305>) requested data for lock!
[11:18:25] Player (Paul , 76561198121111197)(<8362.387695, 6.272520, 13321.798828>) requested data for lock!
[11:18:49] Player (Paul , 76561198121111197)(<8324.177734, 4.692781, 13393.307617>) requested data for lock!
[11:18:49] Player (Paul , 76561198121111197)(<8331.406250, 4.526347, 13397.776367>) requested data for lock!
[12:03:57] Player (Paul , 76561198121111197)(<8408.395508, 7.512086, 13296.108398>) requested data for lock!
[12:15:38] Player (Paul , 76561198121111197)(<8408.395508, 7.512086, 13296.108398>) requested data for lock!
[12:23:43] Player (Paul , 76561198121111197)(<8397.013672, 7.946721, 13322.198242>) requested data for lock!
[12:23:43] Player (Paul , 76561198121111197)(<8362.387695, 6.272520, 13321.798828>) requested data for lock!
[12:23:46] Player (Paul , 76561198121111197)(<8380.378906, 7.653080, 13333.331055>) requested data for lock!
[12:23:47] Player (Paul , 76561198121111197)(<8413.142578, 7.195306, 13326.759766>) requested data for lock!
[12:23:47] Player (Paul , 76561198121111197)(<8379.750977, 7.946721, 13325.362305>) requested data for lock!
[12:23:49] Player (Paul , 76561198121111197)(<8750.256836, 7.552526, 13352.041016>) requested data for lock!
[12:24:19] Player (Paul , 76561198121111197)(<8324.177734, 4.692781, 13393.307617>) requested data for lock!
[12:24:19] Player (Paul , 76561198121111197)(<8331.406250, 4.526347, 13397.776367>) requested data for lock!
[12:24:23] Player (Paul , 76561198121111197)(<8759.612305, 2.287070, 13411.387695>) requested data for lock!
[12:24:26] Player (Paul , 76561198121111197)(<8757.916016, 1.781632, 13420.259766>) requested data for lock!
[12:29:41] Player (Paul , 76561198121111197)(<8413.142578, 7.195306, 13326.759766>) requested data for lock!
[12:29:44] Player (Paul , 76561198121111197)(<8397.013672, 7.946721, 13322.198242>) requested data for lock!
[12:29:50] Player (Paul , 76561198121111197)(<8380.378906, 7.653080, 13333.331055>) requested data for lock!
[12:29:50] Player (Paul , 76561198121111197)(<8379.750977, 7.946721, 13325.362305>) requested data for lock!
[12:29:51] Player (Paul , 76561198121111197)(<8362.387695, 6.272520, 13321.798828>) requested data for lock!
[12:29:54] Player (Paul , 76561198121111197)(<8324.177734, 4.692781, 13393.307617>) requested data for lock!
[12:29:54] Player (Paul , 76561198121111197)(<8331.406250, 4.526347, 13397.776367>) requested data for lock!
[12:30:41] Player (Kame, 76561199372146202)(<5706.512695, 15.922305, 8234.311523>) requested data for lock!
[12:30:41] Player (Kame, 76561199372146202)(<5725.508789, 15.922175, 8246.489258>) requested data for lock!
[12:32:22] Player (Paul , 76561198121111197)(<9383.207031, 22.859116, 14609.377930>) requested data for lock!
[12:46:20] Player (Lando, 76561199365795662)(<7160.621582, 44.918964, 4774.790039>) requested data for lock!
[12:49:38] Player (Nouvo, 76561198826221661)(<5706.512695, 15.922305, 8234.311523>) requested data for lock!
[12:49:38] Player (Nouvo, 76561198826221661)(<5725.508789, 15.922175, 8246.489258>) requested data for lock!
[13:02:27] Player (Lando, 76561199365795662)(<7160.621582, 44.918964, 4774.790039>) requested data for lock!
[13:23:02] Player (Lando, 76561199365795662)(<7160.621582, 44.918964, 4774.790039>) requested data for lock!
[13:28:41] Player (Paul , 76561198121111197)(<8387.232422, 7.082910, 13316.241211>) requested data for lock!
[13:28:45] Player (Paul , 76561198121111197)(<8385.982422, 7.082910, 13318.289063>) requested data for lock!
[13:28:46] Player (Paul , 76561198121111197)(<8382.319336, 7.211427, 13316.020508>) requested data for lock!
[13:30:54] Player (Kame, 76561199372146202)(<5706.512695, 15.922305, 8234.311523>) requested data for lock!
[13:33:53] Player (Lando, 76561199365795662)(<7160.621582, 44.918964, 4774.790039>) requested data for lock!
[13:34:59] Player (Kame, 76561199372146202)(<5706.512695, 15.922305, 8234.311523>) requested data for lock!
[13:35:05] Player (Kame, 76561199372146202)(<5725.508789, 15.922175, 8246.489258>) requested data for lock!
[13:55:40] Player (Lando, 76561199365795662)(<7160.621582, 44.918964, 4774.790039>) requested data for lock!
[14:00:43] Player (KOG, 76561198104966670)(<8759.612305, 2.287070, 13411.387695>) requested data for lock!
[14:00:43] Player (KOG, 76561198104966670)(<8757.916016, 1.781632, 13420.259766>) requested data for lock!
[14:00:43] Player (KOG, 76561198104966670)(<9383.207031, 22.859116, 14609.377930>) requested data for lock!
[14:00:43] Player (KOG, 76561198104966670)(<8750.256836, 7.552526, 13352.041016>) requested data for lock!
[14:00:43] Player (KOG, 76561198104966670)(<8380.378906, 7.653080, 13333.331055>) requested data for lock!
[14:00:43] Player (KOG, 76561198104966670)(<8413.142578, 7.195306, 13326.759766>) requested data for lock!
[14:00:43] Player (KOG, 76561198104966670)(<8408.395508, 7.512086, 13296.108398>) requested data for lock!
[14:00:43] Player (KOG, 76561198104966670)(<8397.013672, 7.946721, 13322.198242>) requested data for lock!
[14:00:43] Player (KOG, 76561198104966670)(<8362.387695, 6.272520, 13321.798828>) requested data for lock!
[14:00:43] Player (KOG, 76561198104966670)(<8379.750977, 7.946721, 13325.362305>) requested data for lock!
[14:00:43] Player (KOG, 76561198104966670)(<8324.177734, 4.692781, 13393.307617>) requested data for lock!
[14:00:46] Player (KOG, 76561198104966670)(<8331.406250, 4.526347, 13397.776367>) requested data for lock!
[14:17:46] Player (Nouvo, 76561198826221661)(<5706.512695, 15.922305, 8234.311523>) requested data for lock!
[14:17:46] Player (Nouvo, 76561198826221661)(<5725.508789, 15.922175, 8246.489258>) requested data for lock!
[14:48:45] Player (Lando, 76561199365795662)(<7160.621582, 44.918964, 4774.790039>) requested data for lock!
[14:55:04] Player (Lando, 76561199365795662)(<7160.621582, 44.918964, 4774.790039>) requested data for lock!
[14:57:43] Player (KOG, 76561198104966670)(<8750.256836, 7.552526, 13352.041016>) requested data for lock!
[14:58:06] Player (KOG, 76561198104966670)(<8750.256836, 7.552526, 13352.041016>) requested data for lock!
[14:58:16] Player (KOG, 76561198104966670)(<8759.612305, 2.287070, 13411.387695>) requested data for lock!
[14:58:20] Player (KOG, 76561198104966670)(<8757.916016, 1.781632, 13420.259766>) requested data for lock!
[15:00:08] Player (KOG, 76561198104966670)(<8750.256836, 7.552526, 13352.041016>) requested data for lock!
[15:03:35] Player (KOG, 76561198104966670)(<8750.256836, 7.552526, 13352.041016>) requested data for lock!
[15:03:37] Player (KOG, 76561198104966670)(<8759.612305, 2.287070, 13411.387695>) requested data for lock!
[15:03:37] Player (KOG, 76561198104966670)(<8757.916016, 1.781632, 13420.259766>) requested data for lock!
[15:03:43] Player (KOG, 76561198104966670)(<8408.395508, 7.512086, 13296.108398>) requested data for lock!
[15:03:44] Player (KOG, 76561198104966670)(<8413.142578, 7.195306, 13326.759766>) requested data for lock!
[15:03:48] Player (KOG, 76561198104966670)(<8380.378906, 7.653080, 13333.331055>) requested data for lock!
[15:03:48] Player (KOG, 76561198104966670)(<8397.013672, 7.946721, 13322.198242>) requested data for lock!
[15:03:48] Player (KOG, 76561198104966670)(<8362.387695, 6.272520, 13321.798828>) requested data for lock!
[15:03:49] Player (KOG, 76561198104966670)(<8379.750977, 7.946721, 13325.362305>) requested data for lock!
[15:03:49] Player (KOG, 76561198104966670)(<8324.177734, 4.692781, 13393.307617>) requested data for lock!
[15:03:50] Player (KOG, 76561198104966670)(<8331.406250, 4.526347, 13397.776367>) requested data for lock!
[15:04:08] Player (KOG, 76561198104966670)(<9383.207031, 22.859116, 14609.377930>) requested data for lock!
[15:14:30] Player (Lando, 76561199365795662)(<6564.862305, 18.293474, 6337.749023>) requested data for lock!
[15:14:32] Player (Lando, 76561199365795662)(<6589.368652, 16.570129, 6349.549316>) requested data for lock!
[08-04-2025][16.12.52] Log file reloaded ( Server Restart )
[16:36:07] Player (Paul , 76561198121111197)(<8324.177734, 4.692781, 13393.307617>) requested data for lock!
[16:36:08] Player (Paul , 76561198121111197)(<8331.406250, 4.526347, 13397.776367>) requested data for lock!
[16:36:10] Player (Paul , 76561198121111197)(<8362.387695, 6.272520, 13321.798828>) requested data for lock!
[16:36:11] Player (Paul , 76561198121111197)(<8379.750977, 7.946721, 13325.362305>) requested data for lock!
[16:36:11] Player (Paul , 76561198121111197)(<8380.378906, 7.653080, 13333.331055>) requested data for lock!
[16:36:13] Player (Paul , 76561198121111197)(<8397.013672, 7.946721, 13322.198242>) requested data for lock!
[16:36:15] Player (Paul , 76561198121111197)(<8408.395508, 7.512086, 13296.108398>) requested data for lock!
[16:36:15] Player (Paul , 76561198121111197)(<8413.142578, 7.195306, 13326.759766>) requested data for lock!
[16:36:49] Player (Paul , 76561198121111197)(<8750.256836, 7.552526, 13352.041016>) requested data for lock!
[16:36:50] Player (Paul , 76561198121111197)(<8757.916016, 1.781632, 13420.259766>) requested data for lock!
[16:36:51] Player (Paul , 76561198121111197)(<8759.612305, 2.287070, 13411.387695>) requested data for lock!
[16:38:10] Player (Paul , 76561198121111197)(<8382.319336, 7.211427, 13316.020508>) requested data for lock!
[16:38:11] Player (Paul , 76561198121111197)(<8387.232422, 7.082910, 13316.241211>) requested data for lock!
[16:38:13] Player (Paul , 76561198121111197)(<8385.982422, 7.082910, 13318.289063>) requested data for lock!
[16:38:47] Player (Paul , 76561198121111197)(<9383.207031, 22.859116, 14609.377930>) requested data for lock!
[16:57:36] Player (Paul , 76561198121111197)(<8475.622070, 13.918887, 9141.336914>) requested data for lock!
[16:58:56] Player (Paul , 76561198121111197)(<7865.928223, 51.188229, 8107.366699>) requested data for lock!
[17:00:33] Player (Paul , 76561198121111197)(<5725.508789, 15.922175, 8246.489258>) requested data for lock!
[17:00:33] Player (Paul , 76561198121111197)(<5706.512695, 15.922305, 8234.311523>) requested data for lock!
[17:03:01] Player (Paul , 76561198121111197)(<5725.508789, 15.922175, 8246.489258>) requested data for lock!
[17:03:01] Player (Paul , 76561198121111197)(<5706.512695, 15.922305, 8234.311523>) requested data for lock!
[08-04-2025][15.14.29] Log file reloaded ( Server Restart )
[08-04-2025][15.37.18] Log file reloaded ( Server Restart )
[08-04-2025][15.52.07] Log file reloaded ( Server Restart )
[17:17:22] Player (Thug Lee Vogue, 76561198413928129)(<7160.621582, 44.918964, 4774.790039>) requested data for lock!
