[08-04-2025][04.12.55] New Access Log File Created!
[04:18:51] Player (Nouvo, 76561198826221661)(<5706.512695, 15.922305, 8234.311523>) quick accessed a lock!
[04:55:23] Player (Nouvo, 76561198826221661)(<5706.512695, 15.922305, 8234.311523>) quick accessed a lock!
[06:53:39] Player (Paul , 76561198121111197)(<9208.861328, 37.740070, 14952.479492>) quick accessed a lock!
[07:08:02] Player (Paul , 76561198121111197)(<9208.861328, 37.740070, 14952.479492>) quick accessed a lock!
[07:09:19] Player (Paul , 76561198121111197)(<9208.861328, 37.740070, 14952.479492>) quick accessed a lock!
[07:56:39] Player (Paul , 76561198121111197)(<9208.861328, 37.740070, 14952.479492>) quick accessed a lock!
[08:03:18] Player (Paul , 76561198121111197)(<8750.256836, 7.552526, 13352.041016>) quick accessed a lock!
[08:31:51] Player (Paul , 76561198121111197)(<8750.256836, 7.552526, 13352.041016>) quick accessed a lock!
[08:33:05] Player (Paul , 76561198121111197)(<8750.256836, 7.552526, 13352.041016>) quick accessed a lock!
[08:33:42] Player (Paul , 76561198121111197)(<8750.256836, 7.552526, 13352.041016>) quick accessed a lock!
[08:33:44] Player (Paul , 76561198121111197)(<8750.256836, 7.552526, 13352.041016>) quick accessed a lock!
[09:59:40] Player (Paul , 76561198121111197)(<8750.256836, 7.552526, 13352.041016>) quick accessed a lock!
[08-04-2025][10.12.59] Log file reloaded ( Server Restart )
[10:26:55] Player (Paul , 76561198121111197)(<8750.256836, 7.552526, 13352.041016>) quick accessed a lock!
[10:33:24] Player (Paul , 76561198121111197)(<8750.256836, 7.552526, 13352.041016>) quick accessed a lock!
[10:36:39] Player (Paul , 76561198121111197)(<8750.256836, 7.552526, 13352.041016>) quick accessed a lock!
[10:39:20] Player (Paul , 76561198121111197)(<8759.612305, 2.287070, 13411.387695>) quick accessed a lock!
[10:40:27] Player (Paul , 76561198121111197)(<8750.256836, 7.552526, 13352.041016>) quick accessed a lock!
[10:40:45] Player (Paul , 76561198121111197)(<8750.256836, 7.552526, 13352.041016>) quick accessed a lock!
[10:44:33] Player (Paul , 76561198121111197)(<8750.256836, 7.552526, 13352.041016>) quick accessed a lock!
[11:15:38] Player (Paul , 76561198121111197)(<8750.256836, 7.552526, 13352.041016>) quick accessed a lock!
[12:34:02] Player (Paul , 76561198121111197)(<8750.256836, 7.552526, 13352.041016>) quick accessed a lock!
[12:34:36] Player (Paul , 76561198121111197)(<8750.256836, 7.552526, 13352.041016>) quick accessed a lock!
[12:37:19] Player (Kame, 76561199372146202)(<5706.512695, 15.922305, 8234.311523>) quick accessed a lock!
[12:47:30] Player (Paul , 76561198121111197)(<8750.256836, 7.552526, 13352.041016>) quick accessed a lock!
[12:53:55] Player (Kame, 76561199372146202)(<5706.512695, 15.922305, 8234.311523>) quick accessed a lock!
[13:00:35] Player (Paul , 76561198121111197)(<8750.256836, 7.552526, 13352.041016>) quick accessed a lock!
[13:06:01] Player (Paul , 76561198121111197)(<8750.256836, 7.552526, 13352.041016>) quick accessed a lock!
[13:07:51] Player (Paul , 76561198121111197)(<8750.256836, 7.552526, 13352.041016>) quick accessed a lock!
[13:09:43] Player (Paul , 76561198121111197)(<8750.256836, 7.552526, 13352.041016>) quick accessed a lock!
[13:11:31] Player (Paul , 76561198121111197)(<8750.256836, 7.552526, 13352.041016>) quick accessed a lock!
[13:13:56] Player (Paul , 76561198121111197)(<8750.256836, 7.552526, 13352.041016>) quick accessed a lock!
[13:20:45] Player (Nouvo, 76561198826221661)(<5706.512695, 15.922305, 8234.311523>) quick accessed a lock!
[13:27:16] Player (Paul , 76561198121111197)(<8750.256836, 7.552526, 13352.041016>) quick accessed a lock!
[13:28:53] Player (Nouvo, 76561198826221661)(<5706.512695, 15.922305, 8234.311523>) quick accessed a lock!
[13:45:46] Player (Kame, 76561199372146202)(<5706.512695, 15.922305, 8234.311523>) quick accessed a lock!
[14:30:11] Player (KOG, 76561198104966670)(<8750.256836, 7.552526, 13352.041016>) quick accessed a lock!
[14:30:42] Player (KOG, 76561198104966670)(<8750.256836, 7.552526, 13352.041016>) quick accessed a lock!
[14:31:38] Player (KOG, 76561198104966670)(<8750.256836, 7.552526, 13352.041016>) quick accessed a lock!
[14:33:57] Player (Nouvo, 76561198826221661)(<5706.512695, 15.922305, 8234.311523>) quick accessed a lock!
[14:45:31] Player (Nouvo, 76561198826221661)(<5706.512695, 15.922305, 8234.311523>) quick accessed a lock!
[15:04:32] Player (KOG, 76561198104966670)(<8750.256836, 7.552526, 13352.041016>) quick accessed a lock!
[15:07:00] Player (Nouvo, 76561198826221661)(<5706.512695, 15.922305, 8234.311523>) quick accessed a lock!
[15:22:24] Player (Nouvo, 76561198826221661)(<5706.512695, 15.922305, 8234.311523>) quick accessed a lock!
[15:40:51] Player (Nouvo, 76561198826221661)(<5706.512695, 15.922305, 8234.311523>) quick accessed a lock!
[16:04:46] Player (Nouvo, 76561198826221661)(<5706.512695, 15.922305, 8234.311523>) quick accessed a lock!
[08-04-2025][16.12.52] Log file reloaded ( Server Restart )
[16:39:46] Player (Paul , 76561198121111197)(<8750.256836, 7.552526, 13352.041016>) quick accessed a lock!
[16:54:16] Player (Paul , 76561198121111197)(<8750.256836, 7.552526, 13352.041016>) quick accessed a lock!
[08-04-2025][15.14.29] Log file reloaded ( Server Restart )
[08-04-2025][15.37.18] Log file reloaded ( Server Restart )
[08-04-2025][15.52.07] Log file reloaded ( Server Restart )
