[08-02-2025][04.12.52] New Access Log File Created!
[08:24:27] Player (Paul , 76561198121111197)(<8750.256836, 7.552526, 13352.041016>) quick accessed a lock!
[08:24:39] Player (Paul , 76561198121111197)(<8759.612305, 2.287070, 13411.387695>) quick accessed a lock!
[08:25:07] Player (Paul , 76561198121111197)(<8759.612305, 2.287070, 13411.387695>) quick accessed a lock!
[08:25:20] Player (Paul , 76561198121111197)(<8750.256836, 7.552526, 13352.041016>) quick accessed a lock!
[08:25:39] Player (Paul , 76561198121111197)(<8750.256836, 7.552526, 13352.041016>) quick accessed a lock!
[08:27:26] Player (Paul , 76561198121111197)(<8757.916016, 1.781632, 13420.259766>) quick accessed a lock!
[08:28:57] Player (Paul , 76561198121111197)(<8750.256836, 7.552526, 13352.041016>) quick accessed a lock!
[08:36:58] Player (Paul , 76561198121111197)(<8750.256836, 7.552526, 13352.041016>) quick accessed a lock!
[08-02-2025][10.13.02] Log file reloaded ( Server Restart )
[11:18:44] Player (owl, 76561198143985310)(<8750.256836, 7.552526, 13352.041016>) quick accessed a lock!
[11:20:06] Player (owl, 76561198143985310)(<8750.256836, 7.552526, 13352.041016>) quick accessed a lock!
[11:23:03] Player (Paul , 76561198121111197)(<8750.256836, 7.552526, 13352.041016>) quick accessed a lock!
[11:26:52] Player (owl, 76561198143985310)(<8750.256836, 7.552526, 13352.041016>) quick accessed a lock!
[11:28:44] Player (owl, 76561198143985310)(<8750.256836, 7.552526, 13352.041016>) quick accessed a lock!
[11:33:52] Player (Paul , 76561198121111197)(<8750.256836, 7.552526, 13352.041016>) quick accessed a lock!
[11:50:19] Player (Paul , 76561198121111197)(<8750.256836, 7.552526, 13352.041016>) quick accessed a lock!
[11:56:26] Player (Nouvo, 76561198826221661)(<5706.512695, 15.922305, 8234.311523>) quick accessed a lock!
[11:57:43] Player (Nouvo, 76561198826221661)(<5706.512695, 15.922305, 8234.311523>) quick accessed a lock!
[11:57:49] Player (Nouvo, 76561198826221661)(<5706.512695, 15.922305, 8234.311523>) quick accessed a lock!
[12:04:09] Player (Paul , 76561198121111197)(<8750.256836, 7.552526, 13352.041016>) quick accessed a lock!
[12:04:22] Player (Paul , 76561198121111197)(<8759.612305, 2.287070, 13411.387695>) quick accessed a lock!
[12:04:33] Player (KOG, 76561198104966670)(<8759.612305, 2.287070, 13411.387695>) quick accessed a lock!
[12:04:45] Player (KOG, 76561198104966670)(<8757.916016, 1.781632, 13420.259766>) quick accessed a lock!
[12:08:08] Player (Nouvo, 76561198826221661)(<5706.512695, 15.922305, 8234.311523>) quick accessed a lock!
[12:43:59] Player (Paul , 76561198121111197)(<8750.256836, 7.552526, 13352.041016>) quick accessed a lock!
[12:44:04] Player (DnWings, 76561198090803986)(<8750.256836, 7.552526, 13352.041016>) quick accessed a lock!
[12:47:28] Player (Paul , 76561198121111197)(<8750.256836, 7.552526, 13352.041016>) quick accessed a lock!
[13:02:35] Player (Aerym, 76561198019941737)(<7865.928223, 51.188229, 8107.366699>) quick accessed a lock!
[13:23:51] Player (Nouvo, 76561198826221661)(<5706.512695, 15.922305, 8234.311523>) quick accessed a lock!
[13:25:04] Player (Paul , 76561198121111197)(<8750.256836, 7.552526, 13352.041016>) quick accessed a lock!
[13:29:22] Player (Scarecrow2530, 76561198089743539)(<7865.928223, 51.188229, 8107.366699>) quick accessed a lock!
[13:30:20] Player (Aerym, 76561198019941737)(<7865.928223, 51.188229, 8107.366699>) quick accessed a lock!
[13:45:02] Player (Nouvo, 76561198826221661)(<5706.512695, 15.922305, 8234.311523>) quick accessed a lock!
[13:48:39] Player (Nouvo, 76561198826221661)(<5706.512695, 15.922305, 8234.311523>) quick accessed a lock!
[13:50:06] Player (Paul , 76561198121111197)(<8750.256836, 7.552526, 13352.041016>) quick accessed a lock!
[13:54:38] Player (owl, 76561198143985310)(<8750.256836, 7.552526, 13352.041016>) quick accessed a lock!
[13:55:17] Player (owl, 76561198143985310)(<8750.256836, 7.552526, 13352.041016>) quick accessed a lock!
[14:06:34] Player (KOG, 76561198104966670)(<8750.256836, 7.552526, 13352.041016>) quick accessed a lock!
[14:06:37] Player (KOG, 76561198104966670)(<8750.256836, 7.552526, 13352.041016>) quick accessed a lock!
[14:18:17] Player (Nouvo, 76561198826221661)(<5706.512695, 15.922305, 8234.311523>) quick accessed a lock!
[14:19:35] Player (Paul , 76561198121111197)(<8750.256836, 7.552526, 13352.041016>) quick accessed a lock!
[14:23:27] Player (Kame, 76561199372146202)(<5706.512695, 15.922305, 8234.311523>) quick accessed a lock!
[14:29:10] Player (Paul , 76561198121111197)(<8750.256836, 7.552526, 13352.041016>) quick accessed a lock!
[14:31:10] Player (Paul , 76561198121111197)(<8750.256836, 7.552526, 13352.041016>) quick accessed a lock!
[14:34:05] Player (Nouvo, 76561198826221661)(<5706.512695, 15.922305, 8234.311523>) quick accessed a lock!
[14:36:00] Player (Nouvo, 76561198826221661)(<5706.512695, 15.922305, 8234.311523>) quick accessed a lock!
[14:44:02] Player (Paul , 76561198121111197)(<8750.256836, 7.552526, 13352.041016>) quick accessed a lock!
[15:01:57] Player (Nouvo, 76561198826221661)(<5706.512695, 15.922305, 8234.311523>) quick accessed a lock!
[15:05:33] Player (Kame, 76561199372146202)(<5706.512695, 15.922305, 8234.311523>) quick accessed a lock!
[15:06:48] Player (Kame, 76561199372146202)(<5706.512695, 15.922305, 8234.311523>) quick accessed a lock!
[15:09:41] Player (Nouvo, 76561198826221661)(<5706.512695, 15.922305, 8234.311523>) quick accessed a lock!
[08-02-2025][16.12.52] Log file reloaded ( Server Restart )
[17:20:23] Player (Nouvo, 76561198826221661)(<5706.512695, 15.922305, 8234.311523>) quick accessed a lock!
[17:20:54] Player (Kyrie, 76561198892824085)(<8379.750977, 7.946721, 13325.362305>) quick accessed a lock!
[17:21:42] Player (Kyrie, 76561198892824085)(<8379.750977, 7.946721, 13325.362305>) quick accessed a lock!
[17:41:02] Player (Kame, 76561199372146202)(<5706.512695, 15.922305, 8234.311523>) quick accessed a lock!
[17:43:35] Player (Nouvo, 76561198826221661)(<5706.512695, 15.922305, 8234.311523>) quick accessed a lock!
[17:57:55] Player (Kame, 76561199372146202)(<5706.512695, 15.922305, 8234.311523>) quick accessed a lock!
[18:12:47] Player (Mick, 76561198061747392)(<6564.862305, 18.293474, 6337.749023>) quick accessed a lock!
[18:23:42] Player (Scarecrow2530, 76561198089743539)(<7865.928223, 51.188229, 8107.366699>) quick accessed a lock!
[18:23:46] Player (Scarecrow2530, 76561198089743539)(<7865.928223, 51.188229, 8107.366699>) quick accessed a lock!
[18:29:11] Player (Aerym, 76561198019941737)(<7865.928223, 51.188229, 8107.366699>) quick accessed a lock!
[19:35:34] Player (Mick, 76561198061747392)(<6589.368652, 16.570129, 6349.549316>) quick accessed a lock!
[19:42:21] Player (DnWings, 76561198090803986)(<8750.256836, 7.552526, 13352.041016>) quick accessed a lock!
[19:42:22] Player (DnWings, 76561198090803986)(<8750.256836, 7.552526, 13352.041016>) quick accessed a lock!
[19:45:36] Player (DnWings, 76561198090803986)(<8750.256836, 7.552526, 13352.041016>) quick accessed a lock!
[19:45:59] Player (KOG, 76561198104966670)(<8750.256836, 7.552526, 13352.041016>) quick accessed a lock!
[19:46:15] Player (Paul , 76561198121111197)(<8750.256836, 7.552526, 13352.041016>) quick accessed a lock!
[19:47:38] Player (KOG, 76561198104966670)(<8759.612305, 2.287070, 13411.387695>) quick accessed a lock!
[19:48:24] Player (KOG, 76561198104966670)(<8750.256836, 7.552526, 13352.041016>) quick accessed a lock!
[19:49:52] Player (DnWings, 76561198090803986)(<8750.256836, 7.552526, 13352.041016>) quick accessed a lock!
[19:51:49] Player (DnWings, 76561198090803986)(<8750.256836, 7.552526, 13352.041016>) quick accessed a lock!
[20:20:29] Player (KOG, 76561198104966670)(<8750.256836, 7.552526, 13352.041016>) quick accessed a lock!
[20:22:06] Player (KOG, 76561198104966670)(<8750.256836, 7.552526, 13352.041016>) quick accessed a lock!
[20:22:36] Player (Paul , 76561198121111197)(<8759.612305, 2.287070, 13411.387695>) quick accessed a lock!
[20:24:22] Player (KOG, 76561198104966670)(<8750.256836, 7.552526, 13352.041016>) quick accessed a lock!
[21:03:34] Player (Paul , 76561198121111197)(<8757.916016, 1.781632, 13420.259766>) quick accessed a lock!
[21:03:44] Player (owl, 76561198143985310)(<8750.256836, 7.552526, 13352.041016>) quick accessed a lock!
[21:04:04] Player (owl, 76561198143985310)(<8759.612305, 2.287070, 13411.387695>) quick accessed a lock!
[21:04:04] Player (KOG, 76561198104966670)(<8757.916016, 1.781632, 13420.259766>) quick accessed a lock!
[21:04:22] Player (Paul , 76561198121111197)(<8750.256836, 7.552526, 13352.041016>) quick accessed a lock!
[21:27:51] Player (DnWings, 76561198090803986)(<8750.256836, 7.552526, 13352.041016>) quick accessed a lock!
[21:30:46] Player (DnWings, 76561198090803986)(<8750.256836, 7.552526, 13352.041016>) quick accessed a lock!
[21:48:45] Player (KOG, 76561198104966670)(<8750.256836, 7.552526, 13352.041016>) quick accessed a lock!
[21:49:06] Player (KOG, 76561198104966670)(<8750.256836, 7.552526, 13352.041016>) quick accessed a lock!
[21:50:38] Player (owl, 76561198143985310)(<8750.256836, 7.552526, 13352.041016>) quick accessed a lock!
[21:51:04] Player (owl, 76561198143985310)(<8750.256836, 7.552526, 13352.041016>) quick accessed a lock!
[21:51:51] Player (owl, 76561198143985310)(<8750.256836, 7.552526, 13352.041016>) quick accessed a lock!
[21:51:53] Player (owl, 76561198143985310)(<8750.256836, 7.552526, 13352.041016>) quick accessed a lock!
[21:52:07] Player (owl, 76561198143985310)(<8750.256836, 7.552526, 13352.041016>) quick accessed a lock!
[21:53:36] Player (owl, 76561198143985310)(<8750.256836, 7.552526, 13352.041016>) quick accessed a lock!
[21:54:03] Player (owl, 76561198143985310)(<8750.256836, 7.552526, 13352.041016>) quick accessed a lock!
[21:54:17] Player (owl, 76561198143985310)(<8750.256836, 7.552526, 13352.041016>) quick accessed a lock!
[21:54:41] Player (owl, 76561198143985310)(<8750.256836, 7.552526, 13352.041016>) quick accessed a lock!
[08-02-2025][22.12.50] Log file reloaded ( Server Restart )
[22:16:10] Player (Paul , 76561198121111197)(<8750.256836, 7.552526, 13352.041016>) quick accessed a lock!
[22:17:04] Player (Paul , 76561198121111197)(<8757.916016, 1.781632, 13420.259766>) quick accessed a lock!
[22:17:10] Player (Kyrie, 76561198892824085)(<8379.750977, 7.946721, 13325.362305>) quick accessed a lock!
[22:17:15] Player (Kyrie, 76561198892824085)(<8380.378906, 7.653080, 13333.331055>) quick accessed a lock!
[22:17:41] Player (misterbull, 76561198334497487)(<8397.013672, 7.946721, 13322.198242>) quick accessed a lock!
[22:17:46] Player (Kyrie, 76561198892824085)(<8413.142578, 7.195306, 13326.759766>) quick accessed a lock!
[22:24:28] Player (DnWings, 76561198090803986)(<8750.256836, 7.552526, 13352.041016>) quick accessed a lock!
[22:55:52] Player (DnWings, 76561198090803986)(<8750.256836, 7.552526, 13352.041016>) quick accessed a lock!
[22:56:50] Player (Paul , 76561198121111197)(<8750.256836, 7.552526, 13352.041016>) quick accessed a lock!
[08-02-2025][22.59.08] Log file reloaded ( Server Restart )
[23:10:03] Player (Paul , 76561198121111197)(<8750.256836, 7.552526, 13352.041016>) quick accessed a lock!
[23:11:26] Player (Paul , 76561198121111197)(<8750.256836, 7.552526, 13352.041016>) quick accessed a lock!
[23:14:48] Player (owl, 76561198143985310)(<8750.256836, 7.552526, 13352.041016>) quick accessed a lock!
[23:15:02] Player (owl, 76561198143985310)(<8750.256836, 7.552526, 13352.041016>) quick accessed a lock!
[23:26:06] Player (Paul , 76561198121111197)(<8750.256836, 7.552526, 13352.041016>) quick accessed a lock!
[23:26:49] Player (DnWings, 76561198090803986)(<8750.256836, 7.552526, 13352.041016>) quick accessed a lock!
[00:05:43] Player (Nouvo, 76561198826221661)(<5706.512695, 15.922305, 8234.311523>) quick accessed a lock!
[00:11:37] Player (Paul , 76561198121111197)(<8750.256836, 7.552526, 13352.041016>) quick accessed a lock!
[00:16:04] Player (Paul , 76561198121111197)(<8750.256836, 7.552526, 13352.041016>) quick accessed a lock!
[00:18:03] Player (Nouvo, 76561198826221661)(<5706.512695, 15.922305, 8234.311523>) quick accessed a lock!
[00:42:21] Player (KOG, 76561198104966670)(<9208.861328, 37.740070, 14952.479492>) set a new passcode on lock!
[00:42:21] Player (KOG, 76561198104966670)(<9208.861328, 37.740070, 14952.479492>) claimed ownership of a lock!
[00:57:02] Player (KOG, 76561198104966670)(<9208.861328, 37.740070, 14952.479492>) quick accessed a lock!
[01:23:06] Player (Paul , 76561198121111197)(<9208.861328, 37.740070, 14952.479492>) accessed a lock!
[01:23:06] Player (Paul , 76561198121111197)(<9208.861328, 37.740070, 14952.479492>) was added as a guest of a lock!
[01:23:17] Player (DnWings, 76561198090803986)(<9208.861328, 37.740070, 14952.479492>) accessed a lock!
[01:23:17] Player (DnWings, 76561198090803986)(<9208.861328, 37.740070, 14952.479492>) was added as a guest of a lock!
[01:23:59] Player (Paul , 76561198121111197)(<9208.861328, 37.740070, 14952.479492>) quick accessed a lock!
[01:51:58] Player (owl, 76561198143985310)(<9208.861328, 37.740070, 14952.479492>) accessed a lock!
[01:51:58] Player (owl, 76561198143985310)(<9208.861328, 37.740070, 14952.479492>) was added as a guest of a lock!
[01:52:18] Player (owl, 76561198143985310)(<9208.861328, 37.740070, 14952.479492>) quick accessed a lock!
[01:57:45] Player (Paul , 76561198121111197)(<9208.861328, 37.740070, 14952.479492>) quick accessed a lock!
[02:00:33] Player (owl, 76561198143985310)(<9208.861328, 37.740070, 14952.479492>) quick accessed a lock!
[02:01:38] Player (owl, 76561198143985310)(<9208.861328, 37.740070, 14952.479492>) quick accessed a lock!
[02:06:34] Player (owl, 76561198143985310)(<9208.861328, 37.740070, 14952.479492>) quick accessed a lock!
[02:07:35] Player (owl, 76561198143985310)(<9208.861328, 37.740070, 14952.479492>) quick accessed a lock!
[02:08:22] Player (owl, 76561198143985310)(<9208.861328, 37.740070, 14952.479492>) quick accessed a lock!
[02:09:01] Player (Paul , 76561198121111197)(<9208.861328, 37.740070, 14952.479492>) quick accessed a lock!
[02:09:19] Player (owl, 76561198143985310)(<9208.861328, 37.740070, 14952.479492>) quick accessed a lock!
[02:10:04] Player (owl, 76561198143985310)(<9208.861328, 37.740070, 14952.479492>) quick accessed a lock!
[02:10:58] Player (owl, 76561198143985310)(<9208.861328, 37.740070, 14952.479492>) quick accessed a lock!
[02:12:07] Player (Paul , 76561198121111197)(<9208.861328, 37.740070, 14952.479492>) quick accessed a lock!
[02:13:03] Player (Kame, 76561199372146202)(<5706.512695, 15.922305, 8234.311523>) quick accessed a lock!
[02:13:08] Player (owl, 76561198143985310)(<9208.861328, 37.740070, 14952.479492>) quick accessed a lock!
[02:14:00] Player (owl, 76561198143985310)(<9208.861328, 37.740070, 14952.479492>) quick accessed a lock!
[02:14:40] Player (Nouvo, 76561198826221661)(<5706.512695, 15.922305, 8234.311523>) quick accessed a lock!
[02:19:32] Player (Paul , 76561198121111197)(<9208.861328, 37.740070, 14952.479492>) quick accessed a lock!
[02:19:34] Player (Paul , 76561198121111197)(<9208.861328, 37.740070, 14952.479492>) quick accessed a lock!
[02:20:09] Player (Nouvo, 76561198826221661)(<5706.512695, 15.922305, 8234.311523>) quick accessed a lock!
[02:21:39] Player (owl, 76561198143985310)(<9208.861328, 37.740070, 14952.479492>) quick accessed a lock!
[02:23:07] Player (Paul , 76561198121111197)(<9208.861328, 37.740070, 14952.479492>) quick accessed a lock!
[02:25:31] Player (DnWings, 76561198090803986)(<9208.861328, 37.740070, 14952.479492>) quick accessed a lock!
[02:26:14] Player (Nouvo, 76561198826221661)(<5706.512695, 15.922305, 8234.311523>) quick accessed a lock!
[02:26:15] Player (owl, 76561198143985310)(<9208.861328, 37.740070, 14952.479492>) quick accessed a lock!
[02:30:36] Player (owl, 76561198143985310)(<9208.861328, 37.740070, 14952.479492>) quick accessed a lock!
[02:36:05] Player (DnWings, 76561198090803986)(<9208.861328, 37.740070, 14952.479492>) quick accessed a lock!
[02:37:00] Player (KOG, 76561198104966670)(<9208.861328, 37.740070, 14952.479492>) quick accessed a lock!
[02:37:36] Player (KOG, 76561198104966670)(<9208.861328, 37.740070, 14952.479492>) quick accessed a lock!
[02:37:38] Player (Thug Lee Vogue, 76561199380565467)(<8397.013672, 7.946721, 13322.198242>) quick accessed a lock!
[02:38:00] Player (Thug Lee Vogue, 76561199380565467)(<8413.142578, 7.195306, 13326.759766>) quick accessed a lock!
[02:38:10] Player (KOG, 76561198104966670)(<9208.861328, 37.740070, 14952.479492>) quick accessed a lock!
[02:38:56] Player (owl, 76561198143985310)(<9208.861328, 37.740070, 14952.479492>) quick accessed a lock!
[02:43:08] Player (owl, 76561198143985310)(<9208.861328, 37.740070, 14952.479492>) quick accessed a lock!
[02:43:22] Player (Kyrie, 76561198892824085)(<8408.395508, 7.512086, 13296.108398>) quick accessed a lock!
[02:43:39] Player (Cj, 76561198108661462)(<8397.013672, 7.946721, 13322.198242>) quick accessed a lock!
[02:43:46] Player (Kyrie, 76561198892824085)(<8379.750977, 7.946721, 13325.362305>) quick accessed a lock!
[02:44:06] Player (owl, 76561198143985310)(<9208.861328, 37.740070, 14952.479492>) quick accessed a lock!
[02:45:58] Player (KOG, 76561198104966670)(<9208.861328, 37.740070, 14952.479492>) quick accessed a lock!
[02:46:01] Player (owl, 76561198143985310)(<9208.861328, 37.740070, 14952.479492>) quick accessed a lock!
[02:46:02] Player (Thug Lee Vogue, 76561199380565467)(<8379.750977, 7.946721, 13325.362305>) quick accessed a lock!
[02:46:04] Player (Paul , 76561198121111197)(<9208.861328, 37.740070, 14952.479492>) quick accessed a lock!
[02:48:47] Player (Thug Lee Vogue, 76561199380565467)(<8379.750977, 7.946721, 13325.362305>) quick accessed a lock!
[02:49:02] Player (Thug Lee Vogue, 76561199380565467)(<8379.750977, 7.946721, 13325.362305>) quick accessed a lock!
[02:49:25] Player (Thug Lee Vogue, 76561199380565467)(<8379.750977, 7.946721, 13325.362305>) quick accessed a lock!
[02:50:41] Player (Thug Lee Vogue, 76561199380565467)(<8379.750977, 7.946721, 13325.362305>) quick accessed a lock!
[02:51:53] Player (Paul , 76561198121111197)(<8750.256836, 7.552526, 13352.041016>) quick accessed a lock!
[02:52:29] Player (Paul , 76561198121111197)(<8750.256836, 7.552526, 13352.041016>) quick accessed a lock!
[02:52:38] Player (owl, 76561198143985310)(<8750.256836, 7.552526, 13352.041016>) quick accessed a lock!
[02:53:36] Player (KOG, 76561198104966670)(<8750.256836, 7.552526, 13352.041016>) quick accessed a lock!
[02:54:07] Player (owl, 76561198143985310)(<8750.256836, 7.552526, 13352.041016>) quick accessed a lock!
[02:54:21] Player (DnWings, 76561198090803986)(<8750.256836, 7.552526, 13352.041016>) quick accessed a lock!
[03:03:18] Player (Nouvo, 76561198826221661)(<5706.512695, 15.922305, 8234.311523>) quick accessed a lock!
[03:04:14] Player (Nouvo, 76561198826221661)(<5706.512695, 15.922305, 8234.311523>) quick accessed a lock!
[03:14:49] Player (Nouvo, 76561198826221661)(<5706.512695, 15.922305, 8234.311523>) quick accessed a lock!
[03:25:01] Player (Nouvo, 76561198826221661)(<5706.512695, 15.922305, 8234.311523>) quick accessed a lock!
[03:28:05] Player (Nouvo, 76561198826221661)(<5706.512695, 15.922305, 8234.311523>) quick accessed a lock!
[03:33:22] Player (Nouvo, 76561198826221661)(<5706.512695, 15.922305, 8234.311523>) quick accessed a lock!
[03:34:16] Player (Kame, 76561199372146202)(<5706.512695, 15.922305, 8234.311523>) quick accessed a lock!
[03:41:07] Player (Kame, 76561199372146202)(<5706.512695, 15.922305, 8234.311523>) quick accessed a lock!
[03:41:23] Player (Nouvo, 76561198826221661)(<5708.673828, 29.590525, 8223.190430>) set a new passcode on lock!
[03:41:23] Player (Nouvo, 76561198826221661)(<5708.673828, 29.590525, 8223.190430>) claimed ownership of a lock!
[03:43:00] Player (Nouvo, 76561198826221661)(<5708.673828, 29.590525, 8223.190430>) changed the passcode on a lock! Clearing all guests...
[03:43:20] Player (Nouvo, 76561198826221661)(<5708.673828, 29.590525, 8223.190430>) accessed a lock!
[03:43:20] Player (Nouvo, 76561198826221661)(<5708.673828, 29.590525, 8223.190430>) was added as a guest of a lock!
[03:43:34] Player (Nouvo, 76561198826221661)(<5708.673828, 29.590525, 8223.190430>) removed a lock!
[03:50:51] Player (Cj, 76561198108661462)(<8397.013672, 7.946721, 13322.198242>) quick accessed a lock!
[03:52:26] Player (Cj, 76561198108661462)(<8397.013672, 7.946721, 13322.198242>) quick accessed a lock!
[04:08:33] Player (Thug Lee Vogue, 76561199380565467)(<8379.750977, 7.946721, 13325.362305>) quick accessed a lock!
[04:09:09] Player (Thug Lee Vogue, 76561199380565467)(<8379.750977, 7.946721, 13325.362305>) quick accessed a lock!
[04:09:43] Player (Thug Lee Vogue, 76561199380565467)(<8379.750977, 7.946721, 13325.362305>) quick accessed a lock!
