[08-03-2025][04.12.47] New Access Log File Created!
[08-03-2025][10.12.54] Log file reloaded ( Server Restart )
[10:16:42] Player (Paul , 76561198121111197)(<8750.256836, 7.552526, 13352.041016>) quick accessed a lock!
[11:41:02] Player (DnWings, 76561198090803986)(<8750.256836, 7.552526, 13352.041016>) quick accessed a lock!
[11:45:14] Player (DnWings, 76561198090803986)(<8750.256836, 7.552526, 13352.041016>) quick accessed a lock!
[11:46:30] Player (DnWings, 76561198090803986)(<8750.256836, 7.552526, 13352.041016>) quick accessed a lock!
[11:51:16] Player (DnWings, 76561198090803986)(<8750.256836, 7.552526, 13352.041016>) quick accessed a lock!
[12:47:21] Player (Paul , 76561198121111197)(<8750.256836, 7.552526, 13352.041016>) quick accessed a lock!
[12:53:46] Player (Paul , 76561198121111197)(<8750.256836, 7.552526, 13352.041016>) quick accessed a lock!
[13:13:16] Player (Paul , 76561198121111197)(<8750.256836, 7.552526, 13352.041016>) quick accessed a lock!
[13:14:01] Player (KOG, 76561198104966670)(<8750.256836, 7.552526, 13352.041016>) quick accessed a lock!
[13:14:42] Player (KOG, 76561198104966670)(<8750.256836, 7.552526, 13352.041016>) quick accessed a lock!
[13:20:03] Player (Paul , 76561198121111197)(<8750.256836, 7.552526, 13352.041016>) quick accessed a lock!
[13:39:50] Player (Paul , 76561198121111197)(<8750.256836, 7.552526, 13352.041016>) quick accessed a lock!
[13:40:01] Player (Paul , 76561198121111197)(<8759.612305, 2.287070, 13411.387695>) quick accessed a lock!
[13:40:25] Player (KOG, 76561198104966670)(<8757.916016, 1.781632, 13420.259766>) quick accessed a lock!
[13:41:13] Player (DnWings, 76561198090803986)(<8759.612305, 2.287070, 13411.387695>) quick accessed a lock!
[13:44:58] Player (Paul , 76561198121111197)(<9208.861328, 37.740070, 14952.479492>) quick accessed a lock!
[13:45:10] Player (KOG, 76561198104966670)(<9208.861328, 37.740070, 14952.479492>) quick accessed a lock!
[13:47:10] Player (Paul , 76561198121111197)(<9208.861328, 37.740070, 14952.479492>) quick accessed a lock!
[13:48:04] Player (Paul , 76561198121111197)(<9208.861328, 37.740070, 14952.479492>) quick accessed a lock!
[13:57:44] Player (Paul , 76561198121111197)(<9208.861328, 37.740070, 14952.479492>) quick accessed a lock!
[13:57:54] Player (Paul , 76561198121111197)(<9208.861328, 37.740070, 14952.479492>) quick accessed a lock!
[13:58:01] Player (Paul , 76561198121111197)(<9208.861328, 37.740070, 14952.479492>) quick accessed a lock!
[13:58:26] Player (Paul , 76561198121111197)(<9208.861328, 37.740070, 14952.479492>) quick accessed a lock!
[13:58:34] Player (Paul , 76561198121111197)(<9208.861328, 37.740070, 14952.479492>) quick accessed a lock!
[14:00:12] Player (KOG, 76561198104966670)(<9208.861328, 37.740070, 14952.479492>) quick accessed a lock!
[14:10:41] Player (Paul , 76561198121111197)(<9208.861328, 37.740070, 14952.479492>) quick accessed a lock!
[14:14:43] Player (DnWings, 76561198090803986)(<8750.256836, 7.552526, 13352.041016>) quick accessed a lock!
[14:17:36] Player (KOG, 76561198104966670)(<9208.861328, 37.740070, 14952.479492>) quick accessed a lock!
[14:17:57] Player (KOG, 76561198104966670)(<9208.861328, 37.740070, 14952.479492>) quick accessed a lock!
[14:19:18] Player (Kame, 76561199372146202)(<5706.512695, 15.922305, 8234.311523>) quick accessed a lock!
[14:20:01] Player (Paul , 76561198121111197)(<9208.861328, 37.740070, 14952.479492>) quick accessed a lock!
[14:20:40] Player (Paul , 76561198121111197)(<9208.861328, 37.740070, 14952.479492>) quick accessed a lock!
[14:21:23] Player (KOG, 76561198104966670)(<9208.861328, 37.740070, 14952.479492>) quick accessed a lock!
[14:21:35] Player (KOG, 76561198104966670)(<9208.861328, 37.740070, 14952.479492>) quick accessed a lock!
[14:21:38] Player (KOG, 76561198104966670)(<9208.861328, 37.740070, 14952.479492>) quick accessed a lock!
[14:21:47] Player (KOG, 76561198104966670)(<9208.861328, 37.740070, 14952.479492>) quick accessed a lock!
[14:22:37] Player (KOG, 76561198104966670)(<9208.861328, 37.740070, 14952.479492>) quick accessed a lock!
[14:22:50] Player (KOG, 76561198104966670)(<9208.861328, 37.740070, 14952.479492>) quick accessed a lock!
[14:23:44] Player (KOG, 76561198104966670)(<9208.861328, 37.740070, 14952.479492>) quick accessed a lock!
[14:25:02] Player (KOG, 76561198104966670)(<9208.861328, 37.740070, 14952.479492>) quick accessed a lock!
[14:26:15] Player (KOG, 76561198104966670)(<9208.861328, 37.740070, 14952.479492>) quick accessed a lock!
[14:26:21] Player (Paul , 76561198121111197)(<9208.861328, 37.740070, 14952.479492>) quick accessed a lock!
[14:26:57] Player (Paul , 76561198121111197)(<9208.861328, 37.740070, 14952.479492>) quick accessed a lock!
[14:34:06] Player (KOG, 76561198104966670)(<9208.861328, 37.740070, 14952.479492>) quick accessed a lock!
[14:35:01] Player (KOG, 76561198104966670)(<9208.861328, 37.740070, 14952.479492>) quick accessed a lock!
[14:39:10] Player (Kame, 76561199372146202)(<5706.512695, 15.922305, 8234.311523>) quick accessed a lock!
[14:39:10] Player (Paul , 76561198121111197)(<9208.861328, 37.740070, 14952.479492>) quick accessed a lock!
[14:40:43] Player (Paul , 76561198121111197)(<9208.861328, 37.740070, 14952.479492>) quick accessed a lock!
[14:44:05] Player (Paul , 76561198121111197)(<9208.861328, 37.740070, 14952.479492>) quick accessed a lock!
[14:46:09] Player (Kame, 76561199372146202)(<5706.512695, 15.922305, 8234.311523>) quick accessed a lock!
[14:46:12] Player (Paul , 76561198121111197)(<9208.861328, 37.740070, 14952.479492>) quick accessed a lock!
[14:47:21] Player (Paul , 76561198121111197)(<9208.861328, 37.740070, 14952.479492>) quick accessed a lock!
[14:48:06] Player (KOG, 76561198104966670)(<9208.861328, 37.740070, 14952.479492>) quick accessed a lock!
[14:50:47] Player (Paul , 76561198121111197)(<9208.861328, 37.740070, 14952.479492>) quick accessed a lock!
[14:57:28] Player (Paul , 76561198121111197)(<9208.861328, 37.740070, 14952.479492>) quick accessed a lock!
[14:57:53] Player (DnWings, 76561198090803986)(<9208.861328, 37.740070, 14952.479492>) quick accessed a lock!
[14:58:08] Player (DnWings, 76561198090803986)(<9208.861328, 37.740070, 14952.479492>) quick accessed a lock!
[14:58:39] Player (DnWings, 76561198090803986)(<9208.861328, 37.740070, 14952.479492>) quick accessed a lock!
[14:59:06] Player (DnWings, 76561198090803986)(<9208.861328, 37.740070, 14952.479492>) quick accessed a lock!
[14:59:24] Player (Paul , 76561198121111197)(<9208.861328, 37.740070, 14952.479492>) quick accessed a lock!
[15:00:49] Player (Paul , 76561198121111197)(<9208.861328, 37.740070, 14952.479492>) quick accessed a lock!
[15:15:37] Player (DnWings, 76561198090803986)(<9208.861328, 37.740070, 14952.479492>) quick accessed a lock!
[15:21:15] Player (Paul , 76561198121111197)(<9208.861328, 37.740070, 14952.479492>) quick accessed a lock!
[15:21:42] Player (Paul , 76561198121111197)(<9208.861328, 37.740070, 14952.479492>) quick accessed a lock!
[15:21:55] Player (Paul , 76561198121111197)(<9208.861328, 37.740070, 14952.479492>) quick accessed a lock!
[15:29:43] Player (Paul , 76561198121111197)(<9208.861328, 37.740070, 14952.479492>) quick accessed a lock!
[15:36:33] Player (Kame, 76561199372146202)(<5706.512695, 15.922305, 8234.311523>) quick accessed a lock!
[15:38:00] Player (KOG, 76561198104966670)(<8750.256836, 7.552526, 13352.041016>) quick accessed a lock!
[15:38:46] Player (KOG, 76561198104966670)(<8750.256836, 7.552526, 13352.041016>) quick accessed a lock!
[15:41:29] Player (KOG, 76561198104966670)(<8759.612305, 2.287070, 13411.387695>) quick accessed a lock!
[15:41:50] Player (KOG, 76561198104966670)(<8750.256836, 7.552526, 13352.041016>) quick accessed a lock!
[15:42:24] Player (KOG, 76561198104966670)(<8750.256836, 7.552526, 13352.041016>) quick accessed a lock!
[15:45:11] Player (KOG, 76561198104966670)(<8750.256836, 7.552526, 13352.041016>) quick accessed a lock!
[15:45:19] Player (KOG, 76561198104966670)(<8750.256836, 7.552526, 13352.041016>) quick accessed a lock!
[15:46:37] Player (KOG, 76561198104966670)(<8750.256836, 7.552526, 13352.041016>) quick accessed a lock!
[15:46:45] Player (Paul , 76561198121111197)(<8750.256836, 7.552526, 13352.041016>) quick accessed a lock!
[15:47:05] Player (KOG, 76561198104966670)(<8750.256836, 7.552526, 13352.041016>) quick accessed a lock!
[15:47:20] Player (DnWings, 76561198090803986)(<8750.256836, 7.552526, 13352.041016>) quick accessed a lock!
[15:48:00] Player (KOG, 76561198104966670)(<8750.256836, 7.552526, 13352.041016>) quick accessed a lock!
[15:48:48] Player (KOG, 76561198104966670)(<8750.256836, 7.552526, 13352.041016>) quick accessed a lock!
[15:52:39] Player (Kame, 76561199372146202)(<5706.512695, 15.922305, 8234.311523>) quick accessed a lock!
[15:59:58] Player (Paul , 76561198121111197)(<8750.256836, 7.552526, 13352.041016>) quick accessed a lock!
[16:00:34] Player (Paul , 76561198121111197)(<8750.256836, 7.552526, 13352.041016>) quick accessed a lock!
[16:01:48] Player (Paul , 76561198121111197)(<8750.256836, 7.552526, 13352.041016>) quick accessed a lock!
[16:03:58] Player (KOG, 76561198104966670)(<8750.256836, 7.552526, 13352.041016>) quick accessed a lock!
[16:05:15] Player (Kame, 76561199372146202)(<5706.512695, 15.922305, 8234.311523>) quick accessed a lock!
[08-03-2025][16.12.47] Log file reloaded ( Server Restart )
[16:40:35] Player (Paul , 76561198121111197)(<8750.256836, 7.552526, 13352.041016>) quick accessed a lock!
[17:08:22] Player (owl, 76561198143985310)(<8750.256836, 7.552526, 13352.041016>) quick accessed a lock!
[17:11:10] Player (owl, 76561198143985310)(<8750.256836, 7.552526, 13352.041016>) quick accessed a lock!
[17:12:51] Player (owl, 76561198143985310)(<8750.256836, 7.552526, 13352.041016>) quick accessed a lock!
[17:16:50] Player (DnWings, 76561198090803986)(<8750.256836, 7.552526, 13352.041016>) quick accessed a lock!
[17:18:26] Player (Paul , 76561198121111197)(<8750.256836, 7.552526, 13352.041016>) quick accessed a lock!
[17:18:38] Player (owl, 76561198143985310)(<8750.256836, 7.552526, 13352.041016>) quick accessed a lock!
[17:18:43] Player (owl, 76561198143985310)(<8750.256836, 7.552526, 13352.041016>) quick accessed a lock!
[17:19:17] Player (Paul , 76561198121111197)(<8759.612305, 2.287070, 13411.387695>) quick accessed a lock!
[17:20:02] Player (Paul , 76561198121111197)(<8750.256836, 7.552526, 13352.041016>) quick accessed a lock!
[17:20:34] Player (Paul , 76561198121111197)(<8750.256836, 7.552526, 13352.041016>) quick accessed a lock!
[17:22:31] Player (Paul , 76561198121111197)(<8750.256836, 7.552526, 13352.041016>) quick accessed a lock!
[17:31:56] Player (Paul , 76561198121111197)(<8750.256836, 7.552526, 13352.041016>) quick accessed a lock!
[17:32:07] Player (Paul , 76561198121111197)(<8750.256836, 7.552526, 13352.041016>) quick accessed a lock!
[17:32:54] Player (Paul , 76561198121111197)(<8750.256836, 7.552526, 13352.041016>) quick accessed a lock!
[17:33:09] Player (Paul , 76561198121111197)(<8750.256836, 7.552526, 13352.041016>) quick accessed a lock!
[17:33:21] Player (Paul , 76561198121111197)(<8759.612305, 2.287070, 13411.387695>) quick accessed a lock!
[17:44:58] Player (Paul , 76561198121111197)(<8750.256836, 7.552526, 13352.041016>) quick accessed a lock!
[17:46:34] Player (Paul , 76561198121111197)(<8750.256836, 7.552526, 13352.041016>) quick accessed a lock!
[17:48:49] Player (Aerym, 76561198019941737)(<7865.928223, 51.188229, 8107.366699>) quick accessed a lock!
[18:02:45] Player (Paul , 76561198121111197)(<9208.861328, 37.740070, 14952.479492>) quick accessed a lock!
[18:10:34] Player (Paul , 76561198121111197)(<9208.861328, 37.740070, 14952.479492>) quick accessed a lock!
[18:12:37] Player (Paul , 76561198121111197)(<9208.861328, 37.740070, 14952.479492>) quick accessed a lock!
[18:16:04] Player (Paul , 76561198121111197)(<9208.861328, 37.740070, 14952.479492>) quick accessed a lock!
[18:18:50] Player (Paul , 76561198121111197)(<9208.861328, 37.740070, 14952.479492>) quick accessed a lock!
[18:25:43] Player (Paul , 76561198121111197)(<9208.861328, 37.740070, 14952.479492>) quick accessed a lock!
[18:27:08] Player (Paul , 76561198121111197)(<9208.861328, 37.740070, 14952.479492>) quick accessed a lock!
[18:34:06] Player (Kame, 76561199372146202)(<5706.512695, 15.922305, 8234.311523>) quick accessed a lock!
[18:35:06] Player (Kame, 76561199372146202)(<5706.512695, 15.922305, 8234.311523>) quick accessed a lock!
[18:35:22] Player (DnWings, 76561198090803986)(<9208.861328, 37.740070, 14952.479492>) quick accessed a lock!
[18:37:53] Player (Paul , 76561198121111197)(<9208.861328, 37.740070, 14952.479492>) quick accessed a lock!
[18:53:51] Player (DnWings, 76561198090803986)(<9208.861328, 37.740070, 14952.479492>) quick accessed a lock!
[18:54:23] Player (DnWings, 76561198090803986)(<9208.861328, 37.740070, 14952.479492>) quick accessed a lock!
[19:06:18] Player (DnWings, 76561198090803986)(<9208.861328, 37.740070, 14952.479492>) quick accessed a lock!
[19:06:26] Player (DnWings, 76561198090803986)(<9208.861328, 37.740070, 14952.479492>) quick accessed a lock!
[19:07:03] Player (DnWings, 76561198090803986)(<9208.861328, 37.740070, 14952.479492>) quick accessed a lock!
[19:22:00] Player (KOG, 76561198104966670)(<8750.256836, 7.552526, 13352.041016>) quick accessed a lock!
[19:22:16] Player (KOG, 76561198104966670)(<8759.612305, 2.287070, 13411.387695>) quick accessed a lock!
[19:22:32] Player (Paul , 76561198121111197)(<9208.861328, 37.740070, 14952.479492>) quick accessed a lock!
[19:22:53] Player (KOG, 76561198104966670)(<8757.916016, 1.781632, 13420.259766>) quick accessed a lock!
[19:28:03] Player (owl, 76561198143985310)(<9208.861328, 37.740070, 14952.479492>) quick accessed a lock!
[19:38:57] Player (Paul , 76561198121111197)(<9208.861328, 37.740070, 14952.479492>) quick accessed a lock!
[19:39:48] Player (owl, 76561198143985310)(<9208.861328, 37.740070, 14952.479492>) quick accessed a lock!
[19:39:56] Player (owl, 76561198143985310)(<9208.861328, 37.740070, 14952.479492>) quick accessed a lock!
[19:40:04] Player (Paul , 76561198121111197)(<9208.861328, 37.740070, 14952.479492>) quick accessed a lock!
[19:40:24] Player (DnWings, 76561198090803986)(<9208.861328, 37.740070, 14952.479492>) quick accessed a lock!
[19:45:27] Player (Paul , 76561198121111197)(<9208.861328, 37.740070, 14952.479492>) quick accessed a lock!
[19:46:16] Player (Paul , 76561198121111197)(<9208.861328, 37.740070, 14952.479492>) quick accessed a lock!
[19:48:56] Player (Paul , 76561198121111197)(<9208.861328, 37.740070, 14952.479492>) quick accessed a lock!
[19:54:38] Player (KOG, 76561198104966670)(<8757.916016, 1.781632, 13420.259766>) quick accessed a lock!
[19:54:54] Player (owl, 76561198143985310)(<8759.612305, 2.287070, 13411.387695>) quick accessed a lock!
[19:54:59] Player (KOG, 76561198104966670)(<8750.256836, 7.552526, 13352.041016>) quick accessed a lock!
[19:55:01] Player (Paul , 76561198121111197)(<8759.612305, 2.287070, 13411.387695>) quick accessed a lock!
[19:55:22] Player (Paul , 76561198121111197)(<8750.256836, 7.552526, 13352.041016>) quick accessed a lock!
[20:01:59] Player (Kame, 76561199372146202)(<5706.512695, 15.922305, 8234.311523>) quick accessed a lock!
[20:02:26] Player (Paul , 76561198121111197)(<8750.256836, 7.552526, 13352.041016>) quick accessed a lock!
[20:08:57] Player (DnWings, 76561198090803986)(<8750.256836, 7.552526, 13352.041016>) quick accessed a lock!
[20:10:15] Player (DnWings, 76561198090803986)(<8750.256836, 7.552526, 13352.041016>) quick accessed a lock!
[20:31:41] Player (Kame, 76561199372146202)(<5706.512695, 15.922305, 8234.311523>) quick accessed a lock!
[20:43:18] Player (Paul , 76561198121111197)(<8750.256836, 7.552526, 13352.041016>) quick accessed a lock!
[21:56:46] Player (Paul , 76561198121111197)(<8750.256836, 7.552526, 13352.041016>) quick accessed a lock!
[08-03-2025][22.12.51] Log file reloaded ( Server Restart )
[22:31:20] Player (DnWings, 76561198090803986)(<8750.256836, 7.552526, 13352.041016>) quick accessed a lock!
[22:49:35] Player (Paul , 76561198121111197)(<8750.256836, 7.552526, 13352.041016>) quick accessed a lock!
[22:53:09] Player (Paul , 76561198121111197)(<8750.256836, 7.552526, 13352.041016>) quick accessed a lock!
[22:55:55] Player (Kame, 76561199372146202)(<5706.512695, 15.922305, 8234.311523>) quick accessed a lock!
[22:55:57] Player (Kame, 76561199372146202)(<5706.512695, 15.922305, 8234.311523>) quick accessed a lock!
[22:56:06] Player (Paul , 76561198121111197)(<8750.256836, 7.552526, 13352.041016>) quick accessed a lock!
[22:58:14] Player (Paul , 76561198121111197)(<8750.256836, 7.552526, 13352.041016>) quick accessed a lock!
[23:02:26] Player (Kame, 76561199372146202)(<5706.512695, 15.922305, 8234.311523>) quick accessed a lock!
[23:10:51] Player (Paul , 76561198121111197)(<8750.256836, 7.552526, 13352.041016>) quick accessed a lock!
[23:11:47] Player (Paul , 76561198121111197)(<8750.256836, 7.552526, 13352.041016>) quick accessed a lock!
[23:48:30] Player (Paul , 76561198121111197)(<8750.256836, 7.552526, 13352.041016>) quick accessed a lock!
[23:48:42] Player (Paul , 76561198121111197)(<8759.612305, 2.287070, 13411.387695>) quick accessed a lock!
[23:49:05] Player (Paul , 76561198121111197)(<8757.916016, 1.781632, 13420.259766>) quick accessed a lock!
[23:53:47] Player (Paul , 76561198121111197)(<9208.861328, 37.740070, 14952.479492>) quick accessed a lock!
[00:05:31] Player (Paul , 76561198121111197)(<9208.861328, 37.740070, 14952.479492>) quick accessed a lock!
[00:09:24] Player (Paul , 76561198121111197)(<9208.861328, 37.740070, 14952.479492>) quick accessed a lock!
[00:09:27] Player (Paul , 76561198121111197)(<9208.861328, 37.740070, 14952.479492>) quick accessed a lock!
[00:16:01] Player (Paul , 76561198121111197)(<9208.861328, 37.740070, 14952.479492>) quick accessed a lock!
[00:55:09] Player (Nouvo, 76561198826221661)(<5706.512695, 15.922305, 8234.311523>) quick accessed a lock!
[01:07:21] Player (Nouvo, 76561198826221661)(<5706.512695, 15.922305, 8234.311523>) quick accessed a lock!
[01:10:49] Player (Kame, 76561199372146202)(<5706.512695, 15.922305, 8234.311523>) quick accessed a lock!
[01:14:26] Player (Kame, 76561199372146202)(<5706.512695, 15.922305, 8234.311523>) quick accessed a lock!
[01:15:48] Player (Paul , 76561198121111197)(<9208.861328, 37.740070, 14952.479492>) quick accessed a lock!
[01:24:51] Player (Kame, 76561199372146202)(<5706.512695, 15.922305, 8234.311523>) quick accessed a lock!
[01:46:07] Player (Kame, 76561199372146202)(<5706.512695, 15.922305, 8234.311523>) quick accessed a lock!
[01:49:24] Player (Nouvo, 76561198826221661)(<5706.512695, 15.922305, 8234.311523>) quick accessed a lock!
[02:42:45] Player (Kame, 76561199372146202)(<5706.512695, 15.922305, 8234.311523>) quick accessed a lock!
[03:12:41] Player (Nouvo, 76561198826221661)(<5706.512695, 15.922305, 8234.311523>) quick accessed a lock!
