---------------------------------------------
Log info_2025-08-28_16-15-40.log started at 2025-08-28 16:21:34



------------------------------------
DESKTOP-ABTUUDS, 2025-08-28 16:21:34

[wpnfsm] ValidateAndRepair Attempting to repair: Scout:14367 (owner eAI_SurvivorM_Manua<2a285040>) - MagazineRepair - BAREM_CLO_BUF_MA0<e8e3ce50> - state: 0 != weapon: 1
Class:      'WeaponFSM'

Function: 'ValidateAndRepairHelper'
Stack trace:
DayZExpansion/Core/Scripts/4_World/dayzexpansion_core\entities\firearms\weaponfsm.c:30
scripts/4_World/entities\firearms\weaponfsm.c:477
scripts/4_World/entities\firearms\weaponfsm.c:455
scripts/4_World/entities\firearms\weapon_base.c:1089
scripts/4_World/entities\manbase\playerbase.c:2311
PVEZ/4_World/entities\manbase\playerbase.c:19
scripts/3_Game/dayzgame.c:2919
JM/CF/Scripts/3_Game/communityframework\game\dayzgame.c:46
VPPAdminTools/3_Game/vppadmintools\vanillaplusplus.c:213
DayZExpansion/Core/Scripts/3_Game/dayzexpansion_core\dayzgame.c:268


------------------------------------
DESKTOP-ABTUUDS, 2025-08-28 16:21:34

[wpnfsm] ValidateAndRepair Attempting to repair: PM73Rak:17107 (owner eAI_SurvivorF_Eva<eaab9010>) - MagazineRepair - OB_CLO_MA0<dffaa370> - state: 0 != weapon: 1
Class:      'WeaponFSM'

Function: 'ValidateAndRepairHelper'
Stack trace:
DayZExpansion/Core/Scripts/4_World/dayzexpansion_core\entities\firearms\weaponfsm.c:30
scripts/4_World/entities\firearms\weaponfsm.c:477
scripts/4_World/entities\firearms\weaponfsm.c:455
scripts/4_World/entities\firearms\weapon_base.c:1089
scripts/4_World/entities\manbase\playerbase.c:2311
PVEZ/4_World/entities\manbase\playerbase.c:19
scripts/3_Game/dayzgame.c:2919
JM/CF/Scripts/3_Game/communityframework\game\dayzgame.c:46
VPPAdminTools/3_Game/vppadmintools\vanillaplusplus.c:213
DayZExpansion/Core/Scripts/3_Game/dayzexpansion_core\dayzgame.c:268


------------------------------------
DESKTOP-ABTUUDS, 2025-08-28 16:21:34

[wpnfsm] ValidateAndRepair Attempting to repair: PM73Rak:17107 (owner eAI_SurvivorF_Eva<eaab9010>) - ChamberRepair - OB_CLO_MA1<dffa9d10> - state: 0 != weapon: 1
Class:      'WeaponFSM'

Function: 'ValidateAndRepairHelper'
Stack trace:
DayZExpansion/Core/Scripts/4_World/dayzexpansion_core\entities\firearms\weaponfsm.c:30
scripts/4_World/entities\firearms\weaponfsm.c:503
scripts/4_World/entities\firearms\weaponfsm.c:455
scripts/4_World/entities\firearms\weapon_base.c:1089
scripts/4_World/entities\manbase\playerbase.c:2311
PVEZ/4_World/entities\manbase\playerbase.c:19
scripts/3_Game/dayzgame.c:2919
JM/CF/Scripts/3_Game/communityframework\game\dayzgame.c:46
VPPAdminTools/3_Game/vppadmintools\vanillaplusplus.c:213
DayZExpansion/Core/Scripts/3_Game/dayzexpansion_core\dayzgame.c:268
