---------------------------------------------
Log info_2025-08-28_17-59-03.log started at 2025-08-28 18:03:31



------------------------------------
DESKTOP-ABTUUDS, 2025-08-28 18:03:31

[wpnfsm] ValidateAndRepair Attempting to repair: Scout:17243 (owner eAI_SurvivorM_Manua<2757c090>) - MagazineRepair - BAREM_CLO_BUF_MA0<d12552d0> - state: 0 != weapon: 1
Class:      'WeaponFSM'

Function: 'ValidateAndRepairHelper'
Stack trace:
DayZExpansion/Core/Scripts/4_World/dayzexpansion_core\entities\firearms\weaponfsm.c:30
scripts/4_World/entities\firearms\weaponfsm.c:477
scripts/4_World/entities\firearms\weaponfsm.c:455
scripts/4_World/entities\firearms\weapon_base.c:1089
scripts/4_World/entities\manbase\playerbase.c:2311
PVEZ/4_World/entities\manbase\playerbase.c:19
scripts/3_Game/dayzgame.c:2919
JM/CF/Scripts/3_Game/communityframework\game\dayzgame.c:46
VPPAdminTools/3_Game/vppadmintools\vanillaplusplus.c:213
DayZExpansion/Core/Scripts/3_Game/dayzexpansion_core\dayzgame.c:268


------------------------------------
DESKTOP-ABTUUDS, 2025-08-28 18:04:15

[wpnfsm] ValidateAndRepair Attempting to repair: Scout:18146 (owner eAI_SurvivorM_Cyril<eab81080>) - MagazineRepair - BAREM_CLO_BUF_MA0<e28b2c30> - state: 0 != weapon: 1
Class:      'WeaponFSM'

Function: 'ValidateAndRepairHelper'
Stack trace:
DayZExpansion/Core/Scripts/4_World/dayzexpansion_core\entities\firearms\weaponfsm.c:30
scripts/4_World/entities\firearms\weaponfsm.c:477
scripts/4_World/entities\firearms\weaponfsm.c:455
scripts/4_World/entities\firearms\weapon_base.c:1089
scripts/4_World/entities\manbase\playerbase.c:2311
PVEZ/4_World/entities\manbase\playerbase.c:19
scripts/3_Game/dayzgame.c:2919
JM/CF/Scripts/3_Game/communityframework\game\dayzgame.c:46
VPPAdminTools/3_Game/vppadmintools\vanillaplusplus.c:213
DayZExpansion/Core/Scripts/3_Game/dayzexpansion_core\dayzgame.c:268
