---------------------------------------------
Log info_2025-08-28_17-37-46.log started at 2025-08-28 17:42:56



------------------------------------
DESKTOP-ABTUUDS, 2025-08-28 17:42:56

[wpnfsm] ValidateAndRepair Attempting to repair: PM73Rak:17772 (owner eAI_SurvivorM_Niki<6e630230>) - MagazineRepair - OB_CLO_MA0<7bbc02c0> - state: 0 != weapon: 1
Class:      'WeaponFSM'

Function: 'ValidateAndRepairHelper'
Stack trace:
DayZExpansion/Core/Scripts/4_World/dayzexpansion_core\entities\firearms\weaponfsm.c:30
scripts/4_World/entities\firearms\weaponfsm.c:477
scripts/4_World/entities\firearms\weaponfsm.c:455
scripts/4_World/entities\firearms\weapon_base.c:1089
scripts/4_World/entities\manbase\playerbase.c:2311
PVEZ/4_World/entities\manbase\playerbase.c:19
scripts/3_Game/dayzgame.c:2919
JM/CF/Scripts/3_Game/communityframework\game\dayzgame.c:46
VPPAdminTools/3_Game/vppadmintools\vanillaplusplus.c:213
DayZExpansion/Core/Scripts/3_Game/dayzexpansion_core\dayzgame.c:268


------------------------------------
DESKTOP-ABTUUDS, 2025-08-28 17:42:56

[wpnfsm] ValidateAndRepair Attempting to repair: PM73Rak:17772 (owner eAI_SurvivorM_Niki<6e630230>) - ChamberRepair - OB_CLO_MA1<7bbbfd20> - state: 0 != weapon: 1
Class:      'WeaponFSM'

Function: 'ValidateAndRepairHelper'
Stack trace:
DayZExpansion/Core/Scripts/4_World/dayzexpansion_core\entities\firearms\weaponfsm.c:30
scripts/4_World/entities\firearms\weaponfsm.c:503
scripts/4_World/entities\firearms\weaponfsm.c:455
scripts/4_World/entities\firearms\weapon_base.c:1089
scripts/4_World/entities\manbase\playerbase.c:2311
PVEZ/4_World/entities\manbase\playerbase.c:19
scripts/3_Game/dayzgame.c:2919
JM/CF/Scripts/3_Game/communityframework\game\dayzgame.c:46
VPPAdminTools/3_Game/vppadmintools\vanillaplusplus.c:213
DayZExpansion/Core/Scripts/3_Game/dayzexpansion_core\dayzgame.c:268


------------------------------------
DESKTOP-ABTUUDS, 2025-08-28 17:43:51

[wpnfsm] ValidateAndRepair Attempting to repair: PM73Rak:17845 (owner eAI_SurvivorF_Helga<629ae030>) - MagazineRepair - OB_CLO_MA0<6e80a970> - state: 0 != weapon: 1
Class:      'WeaponFSM'

Function: 'ValidateAndRepairHelper'
Stack trace:
DayZExpansion/Core/Scripts/4_World/dayzexpansion_core\entities\firearms\weaponfsm.c:30
scripts/4_World/entities\firearms\weaponfsm.c:477
scripts/4_World/entities\firearms\weaponfsm.c:455
scripts/4_World/entities\firearms\weapon_base.c:1089
scripts/4_World/entities\manbase\playerbase.c:2311
PVEZ/4_World/entities\manbase\playerbase.c:19
scripts/3_Game/dayzgame.c:2919
JM/CF/Scripts/3_Game/communityframework\game\dayzgame.c:46
VPPAdminTools/3_Game/vppadmintools\vanillaplusplus.c:213
DayZExpansion/Core/Scripts/3_Game/dayzexpansion_core\dayzgame.c:268


------------------------------------
DESKTOP-ABTUUDS, 2025-08-28 17:43:51

[wpnfsm] ValidateAndRepair Attempting to repair: PM73Rak:17845 (owner eAI_SurvivorF_Helga<629ae030>) - ChamberRepair - OB_CLO_MA1<6e80b6f0> - state: 0 != weapon: 1
Class:      'WeaponFSM'

Function: 'ValidateAndRepairHelper'
Stack trace:
DayZExpansion/Core/Scripts/4_World/dayzexpansion_core\entities\firearms\weaponfsm.c:30
scripts/4_World/entities\firearms\weaponfsm.c:503
scripts/4_World/entities\firearms\weaponfsm.c:455
scripts/4_World/entities\firearms\weapon_base.c:1089
scripts/4_World/entities\manbase\playerbase.c:2311
PVEZ/4_World/entities\manbase\playerbase.c:19
scripts/3_Game/dayzgame.c:2919
JM/CF/Scripts/3_Game/communityframework\game\dayzgame.c:46
VPPAdminTools/3_Game/vppadmintools\vanillaplusplus.c:213
DayZExpansion/Core/Scripts/3_Game/dayzexpansion_core\dayzgame.c:268


------------------------------------
DESKTOP-ABTUUDS, 2025-08-28 17:45:21

[wpnfsm] ValidateAndRepair Attempting to repair: Winchester70:14145 (owner eAI_SurvivorM_Oliver<53b61520>) - ChamberFiredRepair - BARIMLoadedCharged<716ce2d0> - state: 0 != weapon: 1
Class:      'WeaponFSM'

Function: 'ValidateAndRepairHelper'
Stack trace:
DayZExpansion/Core/Scripts/4_World/dayzexpansion_core\entities\firearms\weaponfsm.c:30
scripts/4_World/entities\firearms\weaponfsm.c:497
scripts/4_World/entities\firearms\weaponfsm.c:455
scripts/4_World/entities\firearms\weaponfsm.c:58
scripts/3_Game/systems\hfsmbase.c:591
scripts/4_World/entities\firearms\weaponfsm.c:289
DayZExpansion/AI/Scripts/4_World/dayzexpansion_ai\entities\weapons\firearms\weapon_base.c:406
scripts/4_World/systems\inventory\dayzplayerinventory.c:403
DayZExpansion/AI/Scripts/4_World/dayzexpansion_ai\entities\ai\eaibase.c:8233
scripts/4_World/entities\dayzplayerimplement.c:2290
DayZExpansion/Core/Scripts/4_World/dayzexpansion_core\entities\manbase\dayzplayerimplement.c:266
scripts/4_World/entities\manbase\playerbase.c:2875
DayZExpansion/AI/Scripts/4_World/dayzexpansion_ai\entities\ai\eaibase.c:6120
